<?xml version="1.0" encoding="UTF-8"?>
<testsuites name="jest tests" tests="1672" failures="0" errors="0" time="13.786">
  <testsuite name="RssFeed Component" errors="0" failures="0" skipped="0" timestamp="2025-11-28T10:43:12" time="0.917" tests="18">
    <testcase classname="RssFeed Component rendering renders without crashing" name="RssFeed Component rendering renders without crashing" time="0.038">
    </testcase>
    <testcase classname="RssFeed Component rendering displays the webpart title when provided" name="RssFeed Component rendering displays the webpart title when provided" time="0.013">
    </testcase>
    <testcase classname="RssFeed Component rendering does not display title when webPartTitle is empty" name="RssFeed Component rendering does not display title when webPartTitle is empty" time="0.004">
    </testcase>
    <testcase classname="RssFeed Component loading state displays loading spinner initially" name="RssFeed Component loading state displays loading spinner initially" time="0.001">
    </testcase>
    <testcase classname="RssFeed Component loading state hides loading spinner after feed loads" name="RssFeed Component loading state hides loading spinner after feed loads" time="0.002">
    </testcase>
    <testcase classname="RssFeed Component feed display renders feed items when loaded successfully" name="RssFeed Component feed display renders feed items when loaded successfully" time="0.003">
    </testcase>
    <testcase classname="RssFeed Component feed display displays &quot;No items found&quot; for empty feed" name="RssFeed Component feed display displays &quot;No items found&quot; for empty feed" time="0.002">
    </testcase>
    <testcase classname="RssFeed Component feed display displays empty state when feedUrl is empty" name="RssFeed Component feed display displays empty state when feedUrl is empty" time="0.002">
    </testcase>
    <testcase classname="RssFeed Component layout selection renders CardLayout when layout is &quot;card&quot;" name="RssFeed Component layout selection renders CardLayout when layout is &quot;card&quot;" time="0.002">
    </testcase>
    <testcase classname="RssFeed Component layout selection renders ListLayout when layout is &quot;list&quot;" name="RssFeed Component layout selection renders ListLayout when layout is &quot;list&quot;" time="0.004">
    </testcase>
    <testcase classname="RssFeed Component layout selection renders BannerCarousel when layout is &quot;banner&quot;" name="RssFeed Component layout selection renders BannerCarousel when layout is &quot;banner&quot;" time="0.004">
    </testcase>
    <testcase classname="RssFeed Component error handling displays error message on fetch failure" name="RssFeed Component error handling displays error message on fetch failure" time="0.006">
    </testcase>
    <testcase classname="RssFeed Component error handling displays retry button on error" name="RssFeed Component error handling displays retry button on error" time="0.004">
    </testcase>
    <testcase classname="RssFeed Component error handling retries loading when retry button is clicked" name="RssFeed Component error handling retries loading when retry button is clicked" time="0.005">
    </testcase>
    <testcase classname="RssFeed Component error handling shows specific error message for 403 errors" name="RssFeed Component error handling shows specific error message for 403 errors" time="0.002">
    </testcase>
    <testcase classname="RssFeed Component error handling shows specific error message for 404 errors" name="RssFeed Component error handling shows specific error message for 404 errors" time="0.002">
    </testcase>
    <testcase classname="RssFeed Component maxItems prop passes maxItems to the cache service for limiting items" name="RssFeed Component maxItems prop passes maxItems to the cache service for limiting items" time="0.001">
    </testcase>
    <testcase classname="RssFeed Component auto refresh does not auto-refresh when autoRefresh is false" name="RssFeed Component auto refresh does not auto-refresh when autoRefresh is false" time="0.003">
    </testcase>
  </testsuite>
  <testsuite name="UnifiedCacheService" errors="0" failures="0" skipped="0" timestamp="2025-11-28T10:43:12" time="0.837" tests="33">
    <testcase classname="UnifiedCacheService initialization should initialize successfully" name="UnifiedCacheService initialization should initialize successfully" time="0.005">
    </testcase>
    <testcase classname="UnifiedCacheService initialization should work without IndexedDB" name="UnifiedCacheService initialization should work without IndexedDB" time="0.001">
    </testcase>
    <testcase classname="UnifiedCacheService initialization should handle multiple init calls" name="UnifiedCacheService initialization should handle multiple init calls" time="0">
    </testcase>
    <testcase classname="UnifiedCacheService set and get operations should store and retrieve a feed" name="UnifiedCacheService set and get operations should store and retrieve a feed" time="0.002">
    </testcase>
    <testcase classname="UnifiedCacheService set and get operations should return missing state for non-existent key" name="UnifiedCacheService set and get operations should return missing state for non-existent key" time="0.001">
    </testcase>
    <testcase classname="UnifiedCacheService set and get operations should overwrite existing entry" name="UnifiedCacheService set and get operations should overwrite existing entry" time="0">
    </testcase>
    <testcase classname="UnifiedCacheService set and get operations should track age correctly" name="UnifiedCacheService set and get operations should track age correctly" time="0.013">
    </testcase>
    <testcase classname="UnifiedCacheService cache state transitions should return fresh state for new entries" name="UnifiedCacheService cache state transitions should return fresh state for new entries" time="0">
    </testcase>
    <testcase classname="UnifiedCacheService cache state transitions should transition to stale state" name="UnifiedCacheService cache state transitions should transition to stale state" time="0.062">
    </testcase>
    <testcase classname="UnifiedCacheService cache state transitions should transition to expired state" name="UnifiedCacheService cache state transitions should transition to expired state" time="0.212">
    </testcase>
    <testcase classname="UnifiedCacheService two-tier caching should persist to IndexedDB" name="UnifiedCacheService two-tier caching should persist to IndexedDB" time="0.052">
    </testcase>
    <testcase classname="UnifiedCacheService two-tier caching should promote from IndexedDB to memory on read" name="UnifiedCacheService two-tier caching should promote from IndexedDB to memory on read" time="0.052">
    </testcase>
    <testcase classname="UnifiedCacheService two-tier caching should enforce memory limit with LRU eviction" name="UnifiedCacheService two-tier caching should enforce memory limit with LRU eviction" time="0.024">
    </testcase>
    <testcase classname="UnifiedCacheService delete and clear should delete a specific key" name="UnifiedCacheService delete and clear should delete a specific key" time="0.002">
    </testcase>
    <testcase classname="UnifiedCacheService delete and clear should clear all entries" name="UnifiedCacheService delete and clear should clear all entries" time="0">
    </testcase>
    <testcase classname="UnifiedCacheService has method should return true for existing non-expired entry" name="UnifiedCacheService has method should return true for existing non-expired entry" time="0.001">
    </testcase>
    <testcase classname="UnifiedCacheService has method should return false for non-existent key" name="UnifiedCacheService has method should return false for non-existent key" time="0">
    </testcase>
    <testcase classname="UnifiedCacheService getAllKeys should return all keys from both layers" name="UnifiedCacheService getAllKeys should return all keys from both layers" time="0">
    </testcase>
    <testcase classname="UnifiedCacheService getAllKeys should deduplicate keys from both layers" name="UnifiedCacheService getAllKeys should deduplicate keys from both layers" time="0.052">
    </testcase>
    <testcase classname="UnifiedCacheService getStats should return accurate statistics" name="UnifiedCacheService getStats should return accurate statistics" time="0.052">
    </testcase>
    <testcase classname="UnifiedCacheService getStats should return zeros for empty cache" name="UnifiedCacheService getStats should return zeros for empty cache" time="0.001">
    </testcase>
    <testcase classname="UnifiedCacheService cleanup should remove expired entries" name="UnifiedCacheService cleanup should remove expired entries" time="0.061">
    </testcase>
    <testcase classname="UnifiedCacheService configuration should return current config" name="UnifiedCacheService configuration should return current config" time="0.001">
    </testcase>
    <testcase classname="UnifiedCacheService configuration should update config" name="UnifiedCacheService configuration should update config" time="0">
    </testcase>
    <testcase classname="UnifiedCacheService configuration should enforce new memory limit after config change" name="UnifiedCacheService configuration should enforce new memory limit after config change" time="0.001">
    </testcase>
    <testcase classname="UnifiedCacheService dispose should clean up resources" name="UnifiedCacheService dispose should clean up resources" time="0.001">
    </testcase>
    <testcase classname="UnifiedCacheService singleton helpers should return same instance from getUnifiedCache" name="UnifiedCacheService singleton helpers should return same instance from getUnifiedCache" time="0">
    </testcase>
    <testcase classname="UnifiedCacheService singleton helpers should initialize with initUnifiedCache" name="UnifiedCacheService singleton helpers should initialize with initUnifiedCache" time="0">
    </testcase>
    <testcase classname="UnifiedCacheService singleton helpers should reset singleton with resetUnifiedCache" name="UnifiedCacheService singleton helpers should reset singleton with resetUnifiedCache" time="0.001">
    </testcase>
    <testcase classname="UnifiedCacheService edge cases should handle empty feed content" name="UnifiedCacheService edge cases should handle empty feed content" time="0">
    </testcase>
    <testcase classname="UnifiedCacheService edge cases should handle special characters in keys" name="UnifiedCacheService edge cases should handle special characters in keys" time="0">
    </testcase>
    <testcase classname="UnifiedCacheService edge cases should handle large feeds" name="UnifiedCacheService edge cases should handle large feeds" time="0.001">
    </testcase>
    <testcase classname="UnifiedCacheService edge cases should handle concurrent operations" name="UnifiedCacheService edge cases should handle concurrent operations" time="0">
    </testcase>
  </testsuite>
  <testsuite name="SWRService" errors="0" failures="0" skipped="0" timestamp="2025-11-28T10:43:12" time="0.767" tests="27">
    <testcase classname="SWRService initialization should initialize successfully" name="SWRService initialization should initialize successfully" time="0.006">
    </testcase>
    <testcase classname="SWRService initialization should handle multiple init calls" name="SWRService initialization should handle multiple init calls" time="0.001">
    </testcase>
    <testcase classname="SWRService initialization should accept custom configuration" name="SWRService initialization should accept custom configuration" time="0">
    </testcase>
    <testcase classname="SWRService fetch - cache miss should fetch from network on cache miss" name="SWRService fetch - cache miss should fetch from network on cache miss" time="0.013">
    </testcase>
    <testcase classname="SWRService fetch - cache miss should cache fetched data" name="SWRService fetch - cache miss should cache fetched data" time="0.014">
    </testcase>
    <testcase classname="SWRService fetch - cache hit (fresh) should return cached data without network request" name="SWRService fetch - cache hit (fresh) should return cached data without network request" time="0.013">
    </testcase>
    <testcase classname="SWRService fetch - cache hit (stale) should return stale data immediately and revalidate in background" name="SWRService fetch - cache hit (stale) should return stale data immediately and revalidate in background" time="0.175">
    </testcase>
    <testcase classname="SWRService fetch - force refresh should bypass cache when forceRefresh is true" name="SWRService fetch - force refresh should bypass cache when forceRefresh is true" time="0.024">
    </testcase>
    <testcase classname="SWRService fetch - error handling should return error when fetch fails and no cache" name="SWRService fetch - error handling should return error when fetch fails and no cache" time="0.001">
    </testcase>
    <testcase classname="SWRService fetch - error handling should return stale data when fetch fails but cache exists" name="SWRService fetch - error handling should return stale data when fetch fails but cache exists" time="0.013">
    </testcase>
    <testcase classname="SWRService request deduplication should deduplicate concurrent requests" name="SWRService request deduplication should deduplicate concurrent requests" time="0.102">
    </testcase>
    <testcase classname="SWRService prefetch should prefetch into cache" name="SWRService prefetch should prefetch into cache" time="0.012">
    </testcase>
    <testcase classname="SWRService prefetch should not prefetch if already cached" name="SWRService prefetch should not prefetch if already cached" time="0.012">
    </testcase>
    <testcase classname="SWRService invalidate should invalidate specific cache entry" name="SWRService invalidate should invalidate specific cache entry" time="0.036">
    </testcase>
    <testcase classname="SWRService invalidate should invalidate all entries" name="SWRService invalidate should invalidate all entries" time="0.023">
    </testcase>
    <testcase classname="SWRService getCacheState should return cache state" name="SWRService getCacheState should return cache state" time="0.012">
    </testcase>
    <testcase classname="SWRService getCacheState should return null for non-existent key" name="SWRService getCacheState should return null for non-existent key" time="0.001">
    </testcase>
    <testcase classname="SWRService refresh tracking should track active refresh count" name="SWRService refresh tracking should track active refresh count" time="0.012">
    </testcase>
    <testcase classname="SWRService refresh tracking should check if specific feed is refreshing" name="SWRService refresh tracking should check if specific feed is refreshing" time="0">
    </testcase>
    <testcase classname="SWRService configuration should return current config" name="SWRService configuration should return current config" time="0.001">
    </testcase>
    <testcase classname="SWRService configuration should update config" name="SWRService configuration should update config" time="0">
    </testcase>
    <testcase classname="SWRService singleton helpers should return same instance from getSWRService" name="SWRService singleton helpers should return same instance from getSWRService" time="0">
    </testcase>
    <testcase classname="SWRService singleton helpers should initialize with initSWRService" name="SWRService singleton helpers should initialize with initSWRService" time="0.001">
    </testcase>
    <testcase classname="SWRService singleton helpers should reset singleton with resetSWRService" name="SWRService singleton helpers should reset singleton with resetSWRService" time="0.013">
    </testcase>
    <testcase classname="SWRService edge cases should handle different key params for same URL" name="SWRService edge cases should handle different key params for same URL" time="0.023">
    </testcase>
    <testcase classname="SWRService edge cases should handle empty feed URL" name="SWRService edge cases should handle empty feed URL" time="0.012">
    </testcase>
    <testcase classname="SWRService edge cases should handle rapid sequential fetches" name="SWRService edge cases should handle rapid sequential fetches" time="0.012">
    </testcase>
  </testsuite>
  <testsuite name="Property Pane Presets" errors="0" failures="0" skipped="0" timestamp="2025-11-28T10:43:13" time="0.051" tests="20">
    <testcase classname="Property Pane Presets presets array should have 5 presets defined" name="Property Pane Presets presets array should have 5 presets defined" time="0">
    </testcase>
    <testcase classname="Property Pane Presets presets array should have news-banner preset" name="Property Pane Presets presets array should have news-banner preset" time="0">
    </testcase>
    <testcase classname="Property Pane Presets presets array should have blog-cards preset" name="Property Pane Presets presets array should have blog-cards preset" time="0">
    </testcase>
    <testcase classname="Property Pane Presets presets array should have compact-list preset" name="Property Pane Presets presets array should have compact-list preset" time="0.001">
    </testcase>
    <testcase classname="Property Pane Presets presets array should have photo-gallery preset" name="Property Pane Presets presets array should have photo-gallery preset" time="0">
    </testcase>
    <testcase classname="Property Pane Presets presets array should have custom preset with empty config" name="Property Pane Presets presets array should have custom preset with empty config" time="0">
    </testcase>
    <testcase classname="Property Pane Presets presets array should have all required keys for each preset" name="Property Pane Presets presets array should have all required keys for each preset" time="0.001">
    </testcase>
    <testcase classname="Property Pane Presets getPreset should return preset by key" name="Property Pane Presets getPreset should return preset by key" time="0">
    </testcase>
    <testcase classname="Property Pane Presets getPreset should return undefined for unknown key" name="Property Pane Presets getPreset should return undefined for unknown key" time="0">
    </testcase>
    <testcase classname="Property Pane Presets getPreset should return custom preset" name="Property Pane Presets getPreset should return custom preset" time="0">
    </testcase>
    <testcase classname="Property Pane Presets applyPreset should return preset config for valid preset" name="Property Pane Presets applyPreset should return preset config for valid preset" time="0">
    </testcase>
    <testcase classname="Property Pane Presets applyPreset should return empty object for custom preset" name="Property Pane Presets applyPreset should return empty object for custom preset" time="0">
    </testcase>
    <testcase classname="Property Pane Presets applyPreset should return empty object for unknown preset" name="Property Pane Presets applyPreset should return empty object for unknown preset" time="0">
    </testcase>
    <testcase classname="Property Pane Presets applyPreset should apply blog-cards preset correctly" name="Property Pane Presets applyPreset should apply blog-cards preset correctly" time="0">
    </testcase>
    <testcase classname="Property Pane Presets applyPreset should apply compact-list preset correctly" name="Property Pane Presets applyPreset should apply compact-list preset correctly" time="0">
    </testcase>
    <testcase classname="Property Pane Presets detectCurrentPreset should detect news-banner preset" name="Property Pane Presets detectCurrentPreset should detect news-banner preset" time="0.001">
    </testcase>
    <testcase classname="Property Pane Presets detectCurrentPreset should detect blog-cards preset" name="Property Pane Presets detectCurrentPreset should detect blog-cards preset" time="0">
    </testcase>
    <testcase classname="Property Pane Presets detectCurrentPreset should detect compact-list preset" name="Property Pane Presets detectCurrentPreset should detect compact-list preset" time="0.002">
    </testcase>
    <testcase classname="Property Pane Presets detectCurrentPreset should return custom when no preset matches" name="Property Pane Presets detectCurrentPreset should return custom when no preset matches" time="0">
    </testcase>
    <testcase classname="Property Pane Presets detectCurrentPreset should return custom for partial matches" name="Property Pane Presets detectCurrentPreset should return custom for partial matches" time="0">
    </testcase>
  </testsuite>
  <testsuite name="GalleryLayout" errors="0" failures="0" skipped="0" timestamp="2025-11-28T10:43:13" time="0.181" tests="33">
    <testcase classname="GalleryLayout Rendering renders gallery grid with items" name="GalleryLayout Rendering renders gallery grid with items" time="0.008">
    </testcase>
    <testcase classname="GalleryLayout Rendering renders item images" name="GalleryLayout Rendering renders item images" time="0.019">
    </testcase>
    <testcase classname="GalleryLayout Rendering renders item titles" name="GalleryLayout Rendering renders item titles" time="0.004">
    </testcase>
    <testcase classname="GalleryLayout Rendering renders empty state when no items" name="GalleryLayout Rendering renders empty state when no items" time="0">
    </testcase>
    <testcase classname="GalleryLayout Rendering filters out items without images by default" name="GalleryLayout Rendering filters out items without images by default" time="0.002">
    </testcase>
    <testcase classname="GalleryLayout Rendering shows items without images when filterNoImages is false" name="GalleryLayout Rendering shows items without images when filterNoImages is false" time="0.002">
    </testcase>
    <testcase classname="GalleryLayout Fallback Images uses fallback image for items without images" name="GalleryLayout Fallback Images uses fallback image for items without images" time="0.003">
    </testcase>
    <testcase classname="GalleryLayout Fallback Images forces fallback image when forceFallback is true" name="GalleryLayout Fallback Images forces fallback image when forceFallback is true" time="0.009">
    </testcase>
    <testcase classname="GalleryLayout Title Display shows titles below when showTitles=&quot;below&quot;" name="GalleryLayout Title Display shows titles below when showTitles=&quot;below&quot;" time="0.003">
    </testcase>
    <testcase classname="GalleryLayout Title Display shows titles on hover when showTitles=&quot;hover&quot;" name="GalleryLayout Title Display shows titles on hover when showTitles=&quot;hover&quot;" time="0.012">
    </testcase>
    <testcase classname="GalleryLayout Title Display hides titles when showTitles=&quot;none&quot;" name="GalleryLayout Title Display hides titles when showTitles=&quot;none&quot;" time="0.001">
    </testcase>
    <testcase classname="GalleryLayout Interactions opens link on item click" name="GalleryLayout Interactions opens link on item click" time="0.003">
    </testcase>
    <testcase classname="GalleryLayout Interactions calls onItemClick callback when provided" name="GalleryLayout Interactions calls onItemClick callback when provided" time="0.002">
    </testcase>
    <testcase classname="GalleryLayout Interactions opens link on Enter key" name="GalleryLayout Interactions opens link on Enter key" time="0.004">
    </testcase>
    <testcase classname="GalleryLayout Interactions opens link on Space key" name="GalleryLayout Interactions opens link on Space key" time="0.003">
    </testcase>
    <testcase classname="GalleryLayout Accessibility has role=&quot;link&quot; on gallery items" name="GalleryLayout Accessibility has role=&quot;link&quot; on gallery items" time="0.007">
    </testcase>
    <testcase classname="GalleryLayout Accessibility has tabIndex for keyboard navigation" name="GalleryLayout Accessibility has tabIndex for keyboard navigation" time="0.002">
    </testcase>
    <testcase classname="GalleryLayout Accessibility has aria-label with item title" name="GalleryLayout Accessibility has aria-label with item title" time="0.002">
    </testcase>
    <testcase classname="GalleryLayout Accessibility has alt text on images" name="GalleryLayout Accessibility has alt text on images" time="0.007">
    </testcase>
    <testcase classname="GalleryLayout Loading State shows skeleton when loading" name="GalleryLayout Loading State shows skeleton when loading" time="0.001">
    </testcase>
    <testcase classname="GalleryLayout Loading State shows correct number of skeleton items" name="GalleryLayout Loading State shows correct number of skeleton items" time="0.001">
    </testcase>
    <testcase classname="GalleryLayout Column Settings applies auto columns by default" name="GalleryLayout Column Settings applies auto columns by default" time="0.002">
    </testcase>
    <testcase classname="GalleryLayout Column Settings applies fixed 2 columns" name="GalleryLayout Column Settings applies fixed 2 columns" time="0.005">
    </testcase>
    <testcase classname="GalleryLayout Column Settings applies fixed 3 columns" name="GalleryLayout Column Settings applies fixed 3 columns" time="0.002">
    </testcase>
    <testcase classname="GalleryLayout Column Settings applies fixed 4 columns" name="GalleryLayout Column Settings applies fixed 4 columns" time="0.001">
    </testcase>
    <testcase classname="GalleryLayout Aspect Ratios renders with 1:1 aspect ratio" name="GalleryLayout Aspect Ratios renders with 1:1 aspect ratio" time="0.003">
    </testcase>
    <testcase classname="GalleryLayout Aspect Ratios renders with 4:3 aspect ratio" name="GalleryLayout Aspect Ratios renders with 4:3 aspect ratio" time="0.002">
    </testcase>
    <testcase classname="GalleryLayout Aspect Ratios renders with 16:9 aspect ratio" name="GalleryLayout Aspect Ratios renders with 16:9 aspect ratio" time="0.001">
    </testcase>
    <testcase classname="GalleryLayout Gap Settings renders with small gap" name="GalleryLayout Gap Settings renders with small gap" time="0.002">
    </testcase>
    <testcase classname="GalleryLayout Gap Settings renders with medium gap" name="GalleryLayout Gap Settings renders with medium gap" time="0.002">
    </testcase>
    <testcase classname="GalleryLayout Gap Settings renders with large gap" name="GalleryLayout Gap Settings renders with large gap" time="0.001">
    </testcase>
    <testcase classname="GalleryLayout Props Integration passes className to container" name="GalleryLayout Props Integration passes className to container" time="0.005">
    </testcase>
    <testcase classname="GalleryLayout Props Integration uses custom testId" name="GalleryLayout Props Integration uses custom testId" time="0.002">
    </testcase>
  </testsuite>
  <testsuite name="FeedItem" errors="0" failures="0" skipped="0" timestamp="2025-11-28T10:43:13" time="0.118" tests="35">
    <testcase classname="FeedItem Rendering renders in card variant" name="FeedItem Rendering renders in card variant" time="0.004">
    </testcase>
    <testcase classname="FeedItem Rendering renders in list variant" name="FeedItem Rendering renders in list variant" time="0.002">
    </testcase>
    <testcase classname="FeedItem Rendering renders in banner variant" name="FeedItem Rendering renders in banner variant" time="0">
    </testcase>
    <testcase classname="FeedItem Rendering renders title as a link" name="FeedItem Rendering renders title as a link" time="0.007">
    </testcase>
    <testcase classname="FeedItem Rendering renders image when showImage is true" name="FeedItem Rendering renders image when showImage is true" time="0.001">
    </testcase>
    <testcase classname="FeedItem Rendering does not render image when showImage is false" name="FeedItem Rendering does not render image when showImage is false" time="0.003">
    </testcase>
    <testcase classname="FeedItem Rendering renders fallback placeholder when no image URL" name="FeedItem Rendering renders fallback placeholder when no image URL" time="0.001">
    </testcase>
    <testcase classname="FeedItem Rendering renders date when showDate is true" name="FeedItem Rendering renders date when showDate is true" time="0.001">
    </testcase>
    <testcase classname="FeedItem Rendering does not render date when showDate is false" name="FeedItem Rendering does not render date when showDate is false" time="0.001">
    </testcase>
    <testcase classname="FeedItem Rendering renders description when showDescription is true" name="FeedItem Rendering renders description when showDescription is true" time="0.001">
    </testcase>
    <testcase classname="FeedItem Rendering does not render description when showDescription is false" name="FeedItem Rendering does not render description when showDescription is false" time="0.001">
    </testcase>
    <testcase classname="FeedItem Rendering renders categories when showCategories is true" name="FeedItem Rendering renders categories when showCategories is true" time="0.002">
    </testcase>
    <testcase classname="FeedItem Rendering does not render categories when showCategories is false" name="FeedItem Rendering does not render categories when showCategories is false" time="0.001">
    </testcase>
    <testcase classname="FeedItem Rendering renders author when showAuthor is true" name="FeedItem Rendering renders author when showAuthor is true" time="0.001">
    </testcase>
    <testcase classname="FeedItem Text Truncation truncates title when maxChars is specified" name="FeedItem Text Truncation truncates title when maxChars is specified" time="0.001">
    </testcase>
    <testcase classname="FeedItem Text Truncation truncates description when maxChars is specified" name="FeedItem Text Truncation truncates description when maxChars is specified" time="0">
    </testcase>
    <testcase classname="FeedItem Click Handling calls onItemClick when clicked" name="FeedItem Click Handling calls onItemClick when clicked" time="0.001">
    </testcase>
    <testcase classname="FeedItem Click Handling has role=&quot;button&quot; when onItemClick is provided" name="FeedItem Click Handling has role=&quot;button&quot; when onItemClick is provided" time="0.001">
    </testcase>
    <testcase classname="FeedItem Click Handling does not have role=&quot;button&quot; when onItemClick is not provided" name="FeedItem Click Handling does not have role=&quot;button&quot; when onItemClick is not provided" time="0.001">
    </testcase>
    <testcase classname="FeedItem Click Handling handles keyboard navigation (Enter)" name="FeedItem Click Handling handles keyboard navigation (Enter)" time="0.001">
    </testcase>
    <testcase classname="FeedItem Click Handling handles keyboard navigation (Space)" name="FeedItem Click Handling handles keyboard navigation (Space)" time="0.001">
    </testcase>
    <testcase classname="FeedItem Date Formatting formats date with Norwegian locale by default" name="FeedItem Date Formatting formats date with Norwegian locale by default" time="0.001">
    </testcase>
    <testcase classname="FeedItem Date Formatting handles invalid date gracefully" name="FeedItem Date Formatting handles invalid date gracefully" time="0">
    </testcase>
    <testcase classname="FeedItem Date Formatting does not render date when pubDate is missing" name="FeedItem Date Formatting does not render date when pubDate is missing" time="0.001">
    </testcase>
    <testcase classname="FeedItem Image Handling uses fallback image URL when provided and no item image" name="FeedItem Image Handling uses fallback image URL when provided and no item image" time="0.001">
    </testcase>
    <testcase classname="FeedItem Image Handling renders image as link when imageAsLink is true" name="FeedItem Image Handling renders image as link when imageAsLink is true" time="0">
    </testcase>
    <testcase classname="FeedItem Accessibility renders as an article element" name="FeedItem Accessibility renders as an article element" time="0">
    </testcase>
    <testcase classname="FeedItem Accessibility has tabIndex when clickable" name="FeedItem Accessibility has tabIndex when clickable" time="0.002">
    </testcase>
    <testcase classname="FeedItem Accessibility time element has proper datetime attribute" name="FeedItem Accessibility time element has proper datetime attribute" time="0.001">
    </testcase>
    <testcase classname="FeedItem CSS Classes applies variant via data attribute" name="FeedItem CSS Classes applies variant via data attribute" time="0.001">
    </testcase>
    <testcase classname="FeedItem CSS Classes applies custom className" name="FeedItem CSS Classes applies custom className" time="0.001">
    </testcase>
    <testcase classname="FeedItem Edge Cases handles item without categories" name="FeedItem Edge Cases handles item without categories" time="0">
    </testcase>
    <testcase classname="FeedItem Edge Cases handles item with empty categories array" name="FeedItem Edge Cases handles item with empty categories array" time="0.001">
    </testcase>
    <testcase classname="FeedItem Edge Cases handles item without description" name="FeedItem Edge Cases handles item without description" time="0.004">
    </testcase>
    <testcase classname="FeedItem Edge Cases handles HTML entities in description" name="FeedItem Edge Cases handles HTML entities in description" time="0.001">
    </testcase>
  </testsuite>
  <testsuite name="RssErrorBoundary" errors="0" failures="0" skipped="0" timestamp="2025-11-28T10:43:13" time="0.256" tests="31">
    <testcase classname="RssErrorBoundary Normal operation should render children when no error occurs" name="RssErrorBoundary Normal operation should render children when no error occurs" time="0.01">
    </testcase>
    <testcase classname="RssErrorBoundary Normal operation should render multiple children" name="RssErrorBoundary Normal operation should render multiple children" time="0.002">
    </testcase>
    <testcase classname="RssErrorBoundary Error handling should catch errors and display error UI" name="RssErrorBoundary Error handling should catch errors and display error UI" time="0.027">
    </testcase>
    <testcase classname="RssErrorBoundary Error handling should display error message" name="RssErrorBoundary Error handling should display error message" time="0.003">
    </testcase>
    <testcase classname="RssErrorBoundary Error handling should display error code" name="RssErrorBoundary Error handling should display error code" time="0.003">
    </testcase>
    <testcase classname="RssErrorBoundary Error handling should call onError callback when error occurs" name="RssErrorBoundary Error handling should call onError callback when error occurs" time="0.003">
    </testcase>
    <testcase classname="RssErrorBoundary Error handling should include feedUrl in error context" name="RssErrorBoundary Error handling should include feedUrl in error context" time="0.002">
    </testcase>
    <testcase classname="RssErrorBoundary Error classification should classify CORS errors correctly" name="RssErrorBoundary Error classification should classify CORS errors correctly" time="0.002">
    </testcase>
    <testcase classname="RssErrorBoundary Error classification should classify timeout errors correctly" name="RssErrorBoundary Error classification should classify timeout errors correctly" time="0.001">
    </testcase>
    <testcase classname="RssErrorBoundary Error classification should classify XML parsing errors correctly" name="RssErrorBoundary Error classification should classify XML parsing errors correctly" time="0.002">
    </testcase>
    <testcase classname="RssErrorBoundary Retry mechanism should show retry button for retryable errors" name="RssErrorBoundary Retry mechanism should show retry button for retryable errors" time="0.009">
    </testcase>
    <testcase classname="RssErrorBoundary Retry mechanism should reset error state on retry" name="RssErrorBoundary Retry mechanism should reset error state on retry" time="0.01">
    </testcase>
    <testcase classname="RssErrorBoundary Retry mechanism should show retry button enabled initially" name="RssErrorBoundary Retry mechanism should show retry button enabled initially" time="0.004">
    </testcase>
    <testcase classname="RssErrorBoundary Auto-retry should schedule auto-retry for retryable errors when enabled" name="RssErrorBoundary Auto-retry should schedule auto-retry for retryable errors when enabled" time="0.003">
    </testcase>
    <testcase classname="RssErrorBoundary Auto-retry should not schedule auto-retry when disabled" name="RssErrorBoundary Auto-retry should not schedule auto-retry when disabled" time="0.003">
    </testcase>
    <testcase classname="RssErrorBoundary Auto-retry should not auto-retry for non-retryable errors" name="RssErrorBoundary Auto-retry should not auto-retry for non-retryable errors" time="0.002">
    </testcase>
    <testcase classname="RssErrorBoundary Auto-retry should countdown before retry" name="RssErrorBoundary Auto-retry should countdown before retry" time="0.004">
    </testcase>
    <testcase classname="RssErrorBoundary Action buttons should render suggested actions" name="RssErrorBoundary Action buttons should render suggested actions" time="0.006">
    </testcase>
    <testcase classname="RssErrorBoundary Action buttons should call onAction callback when action is clicked" name="RssErrorBoundary Action buttons should call onAction callback when action is clicked" time="0.009">
    </testcase>
    <testcase classname="RssErrorBoundary Action buttons should render primary action button" name="RssErrorBoundary Action buttons should render primary action button" time="0.004">
    </testcase>
    <testcase classname="RssErrorBoundary Custom fallback should use custom fallback when provided" name="RssErrorBoundary Custom fallback should use custom fallback when provided" time="0">
    </testcase>
    <testcase classname="RssErrorBoundary Custom fallback should pass retry function to custom fallback" name="RssErrorBoundary Custom fallback should pass retry function to custom fallback" time="0.003">
    </testcase>
    <testcase classname="RssErrorBoundary Error severity display should show warning icon for warning severity" name="RssErrorBoundary Error severity display should show warning icon for warning severity" time="0.001">
    </testcase>
    <testcase classname="RssErrorBoundary Error severity display should show error icon for error severity" name="RssErrorBoundary Error severity display should show error icon for error severity" time="0.001">
    </testcase>
    <testcase classname="RssErrorBoundary Error severity display should show critical icon for critical severity" name="RssErrorBoundary Error severity display should show critical icon for critical severity" time="0.001">
    </testcase>
    <testcase classname="RssErrorBoundary Technical details should show technical details when available" name="RssErrorBoundary Technical details should show technical details when available" time="0.001">
    </testcase>
    <testcase classname="RssErrorBoundary Technical details should include feed URL in error details for onError callback" name="RssErrorBoundary Technical details should include feed URL in error details for onError callback" time="0.001">
    </testcase>
    <testcase classname="RssErrorBoundary Accessibility should have role=&quot;alert&quot; on error container" name="RssErrorBoundary Accessibility should have role=&quot;alert&quot; on error container" time="0.001">
    </testcase>
    <testcase classname="RssErrorBoundary Accessibility should have aria-live=&quot;polite&quot; on error container" name="RssErrorBoundary Accessibility should have aria-live=&quot;polite&quot; on error container" time="0.002">
    </testcase>
    <testcase classname="RssErrorBoundary Accessibility should have aria-hidden on icons" name="RssErrorBoundary Accessibility should have aria-hidden on icons" time="0.001">
    </testcase>
    <testcase classname="RssErrorBoundary Cleanup should clear timers on unmount" name="RssErrorBoundary Cleanup should clear timers on unmount" time="0.001">
    </testcase>
  </testsuite>
  <testsuite name="FeedPreloader" errors="0" failures="0" skipped="0" timestamp="2025-11-28T10:43:12" time="1.309" tests="25">
    <testcase classname="FeedPreloader initialization should initialize successfully" name="FeedPreloader initialization should initialize successfully" time="0.008">
    </testcase>
    <testcase classname="FeedPreloader initialization should accept custom configuration" name="FeedPreloader initialization should accept custom configuration" time="0">
    </testcase>
    <testcase classname="FeedPreloader basic preloading should add feed to queue" name="FeedPreloader basic preloading should add feed to queue" time="0.001">
    </testcase>
    <testcase classname="FeedPreloader basic preloading should preload feed successfully" name="FeedPreloader basic preloading should preload feed successfully" time="0.103">
    </testcase>
    <testcase classname="FeedPreloader basic preloading should not duplicate preload requests" name="FeedPreloader basic preloading should not duplicate preload requests" time="0.102">
    </testcase>
    <testcase classname="FeedPreloader priority queue should process high priority feeds first" name="FeedPreloader priority queue should process high priority feeds first" time="0.102">
    </testcase>
    <testcase classname="FeedPreloader priority queue should handle CRITICAL priority" name="FeedPreloader priority queue should handle CRITICAL priority" time="0.003">
    </testcase>
    <testcase classname="FeedPreloader queue limits should respect queue size limit" name="FeedPreloader queue limits should respect queue size limit" time="0.002">
    </testcase>
    <testcase classname="FeedPreloader queue limits should evict low priority items for high priority" name="FeedPreloader queue limits should evict low priority items for high priority" time="0.004">
    </testcase>
    <testcase classname="FeedPreloader cancellation should cancel pending preload" name="FeedPreloader cancellation should cancel pending preload" time="0.002">
    </testcase>
    <testcase classname="FeedPreloader cancellation should cancel all pending preloads" name="FeedPreloader cancellation should cancel all pending preloads" time="0.002">
    </testcase>
    <testcase classname="FeedPreloader preload results should track successful preloads" name="FeedPreloader preload results should track successful preloads" time="0.106">
    </testcase>
    <testcase classname="FeedPreloader preload results should track failed preloads" name="FeedPreloader preload results should track failed preloads" time="0.152">
    </testcase>
    <testcase classname="FeedPreloader preload results should get all completed results" name="FeedPreloader preload results should get all completed results" time="0.101">
    </testcase>
    <testcase classname="FeedPreloader preload results should clear completed results" name="FeedPreloader preload results should clear completed results" time="0.102">
    </testcase>
    <testcase classname="FeedPreloader state queries should check if feed is preloading" name="FeedPreloader state queries should check if feed is preloading" time="0.001">
    </testcase>
    <testcase classname="FeedPreloader state queries should check if feed is preloaded" name="FeedPreloader state queries should check if feed is preloaded" time="0.102">
    </testcase>
    <testcase classname="FeedPreloader state queries should return null for non-preloaded feed result" name="FeedPreloader state queries should return null for non-preloaded feed result" time="0.001">
    </testcase>
    <testcase classname="FeedPreloader concurrent processing should respect max concurrent limit" name="FeedPreloader concurrent processing should respect max concurrent limit" time="0.052">
    </testcase>
    <testcase classname="FeedPreloader configuration should update configuration" name="FeedPreloader configuration should update configuration" time="0.001">
    </testcase>
    <testcase classname="FeedPreloader dispose should clean up on dispose" name="FeedPreloader dispose should clean up on dispose" time="0.001">
    </testcase>
    <testcase classname="FeedPreloader singleton helpers should return same instance from getFeedPreloader" name="FeedPreloader singleton helpers should return same instance from getFeedPreloader" time="0">
    </testcase>
    <testcase classname="FeedPreloader singleton helpers should initialize with initFeedPreloader" name="FeedPreloader singleton helpers should initialize with initFeedPreloader" time="0.001">
    </testcase>
    <testcase classname="FeedPreloader singleton helpers should reset singleton with resetFeedPreloader" name="FeedPreloader singleton helpers should reset singleton with resetFeedPreloader" time="0.001">
    </testcase>
    <testcase classname="FeedPreloader key params should treat different key params as different feeds" name="FeedPreloader key params should treat different key params as different feeds" time="0.103">
    </testcase>
  </testsuite>
  <testsuite name="dateParser" errors="0" failures="0" skipped="0" timestamp="2025-11-28T10:43:13" time="0.066" tests="77">
    <testcase classname="dateParser parseDate RFC 3339 (Atom standard) should parse RFC 3339 with Z timezone" name="dateParser parseDate RFC 3339 (Atom standard) should parse RFC 3339 with Z timezone" time="0">
    </testcase>
    <testcase classname="dateParser parseDate RFC 3339 (Atom standard) should parse RFC 3339 with positive offset" name="dateParser parseDate RFC 3339 (Atom standard) should parse RFC 3339 with positive offset" time="0.001">
    </testcase>
    <testcase classname="dateParser parseDate RFC 3339 (Atom standard) should parse RFC 3339 with negative offset" name="dateParser parseDate RFC 3339 (Atom standard) should parse RFC 3339 with negative offset" time="0">
    </testcase>
    <testcase classname="dateParser parseDate RFC 3339 (Atom standard) should parse RFC 3339 with fractional seconds" name="dateParser parseDate RFC 3339 (Atom standard) should parse RFC 3339 with fractional seconds" time="0">
    </testcase>
    <testcase classname="dateParser parseDate RFC 3339 (Atom standard) should parse RFC 3339 with offset without colon" name="dateParser parseDate RFC 3339 (Atom standard) should parse RFC 3339 with offset without colon" time="0">
    </testcase>
    <testcase classname="dateParser parseDate RFC 3339 (Atom standard) should parse RFC 3339 with lowercase z" name="dateParser parseDate RFC 3339 (Atom standard) should parse RFC 3339 with lowercase z" time="0">
    </testcase>
    <testcase classname="dateParser parseDate ISO 8601 should parse ISO 8601 datetime without timezone" name="dateParser parseDate ISO 8601 should parse ISO 8601 datetime without timezone" time="0.001">
    </testcase>
    <testcase classname="dateParser parseDate ISO 8601 should parse ISO 8601 with fractional seconds" name="dateParser parseDate ISO 8601 should parse ISO 8601 with fractional seconds" time="0">
    </testcase>
    <testcase classname="dateParser parseDate ISO 8601 should parse ISO 8601 date only" name="dateParser parseDate ISO 8601 should parse ISO 8601 date only" time="0">
    </testcase>
    <testcase classname="dateParser parseDate RFC 822 (RSS standard) should parse RFC 822 with full day name" name="dateParser parseDate RFC 822 (RSS standard) should parse RFC 822 with full day name" time="0.001">
    </testcase>
    <testcase classname="dateParser parseDate RFC 822 (RSS standard) should parse RFC 822 without comma after day" name="dateParser parseDate RFC 822 (RSS standard) should parse RFC 822 without comma after day" time="0">
    </testcase>
    <testcase classname="dateParser parseDate RFC 822 (RSS standard) should parse RFC 822 without day name" name="dateParser parseDate RFC 822 (RSS standard) should parse RFC 822 without day name" time="0">
    </testcase>
    <testcase classname="dateParser parseDate RFC 822 (RSS standard) should parse RFC 822 without seconds" name="dateParser parseDate RFC 822 (RSS standard) should parse RFC 822 without seconds" time="0">
    </testcase>
    <testcase classname="dateParser parseDate RFC 822 (RSS standard) should parse RFC 822 with EST timezone" name="dateParser parseDate RFC 822 (RSS standard) should parse RFC 822 with EST timezone" time="0">
    </testcase>
    <testcase classname="dateParser parseDate RFC 822 (RSS standard) should parse RFC 822 with numeric timezone" name="dateParser parseDate RFC 822 (RSS standard) should parse RFC 822 with numeric timezone" time="0">
    </testcase>
    <testcase classname="dateParser parseDate RFC 822 (RSS standard) should parse RFC 822 with 2-digit year" name="dateParser parseDate RFC 822 (RSS standard) should parse RFC 822 with 2-digit year" time="0">
    </testcase>
    <testcase classname="dateParser parseDate RFC 822 (RSS standard) should parse RFC 822 with full month name" name="dateParser parseDate RFC 822 (RSS standard) should parse RFC 822 with full month name" time="0.001">
    </testcase>
    <testcase classname="dateParser parseDate RFC 822 (RSS standard) should parse RFC 822 with single-digit day" name="dateParser parseDate RFC 822 (RSS standard) should parse RFC 822 with single-digit day" time="0">
    </testcase>
    <testcase classname="dateParser parseDate RFC 822 (RSS standard) should handle all English month abbreviations" name="dateParser parseDate RFC 822 (RSS standard) should handle all English month abbreviations" time="0">
    </testcase>
    <testcase classname="dateParser parseDate RFC 822 (RSS standard) should handle Norwegian month names" name="dateParser parseDate RFC 822 (RSS standard) should handle Norwegian month names" time="0.001">
    </testcase>
    <testcase classname="dateParser parseDate Long date formats should parse US long format &quot;Month Day, Year&quot;" name="dateParser parseDate Long date formats should parse US long format &quot;Month Day, Year&quot;" time="0">
    </testcase>
    <testcase classname="dateParser parseDate Long date formats should parse US long format without comma" name="dateParser parseDate Long date formats should parse US long format without comma" time="0">
    </testcase>
    <testcase classname="dateParser parseDate Long date formats should parse EU long format &quot;Day Month Year&quot;" name="dateParser parseDate Long date formats should parse EU long format &quot;Day Month Year&quot;" time="0">
    </testcase>
    <testcase classname="dateParser parseDate Long date formats should parse EU long format with dot" name="dateParser parseDate Long date formats should parse EU long format with dot" time="0">
    </testcase>
    <testcase classname="dateParser parseDate Long date formats should parse Norwegian long format" name="dateParser parseDate Long date formats should parse Norwegian long format" time="0.001">
    </testcase>
    <testcase classname="dateParser parseDate US date format (MM/DD/YYYY) should parse US date format" name="dateParser parseDate US date format (MM/DD/YYYY) should parse US date format" time="0">
    </testcase>
    <testcase classname="dateParser parseDate US date format (MM/DD/YYYY) should parse US date format with time" name="dateParser parseDate US date format (MM/DD/YYYY) should parse US date format with time" time="0">
    </testcase>
    <testcase classname="dateParser parseDate US date format (MM/DD/YYYY) should parse US date format with seconds" name="dateParser parseDate US date format (MM/DD/YYYY) should parse US date format with seconds" time="0">
    </testcase>
    <testcase classname="dateParser parseDate US date format (MM/DD/YYYY) should parse US date format with 2-digit year" name="dateParser parseDate US date format (MM/DD/YYYY) should parse US date format with 2-digit year" time="0">
    </testcase>
    <testcase classname="dateParser parseDate US date format (MM/DD/YYYY) should reject invalid US date (month &gt; 12)" name="dateParser parseDate US date format (MM/DD/YYYY) should reject invalid US date (month &gt; 12)" time="0">
    </testcase>
    <testcase classname="dateParser parseDate EU date format (DD/MM/YYYY) should parse EU date format with slashes" name="dateParser parseDate EU date format (DD/MM/YYYY) should parse EU date format with slashes" time="0.001">
    </testcase>
    <testcase classname="dateParser parseDate EU date format (DD/MM/YYYY) should parse EU date format with dots" name="dateParser parseDate EU date format (DD/MM/YYYY) should parse EU date format with dots" time="0">
    </testcase>
    <testcase classname="dateParser parseDate EU date format (DD/MM/YYYY) should parse EU date format with dashes" name="dateParser parseDate EU date format (DD/MM/YYYY) should parse EU date format with dashes" time="0">
    </testcase>
    <testcase classname="dateParser parseDate EU date format (DD/MM/YYYY) should parse EU date format with time" name="dateParser parseDate EU date format (DD/MM/YYYY) should parse EU date format with time" time="0">
    </testcase>
    <testcase classname="dateParser parseDate EU date format (DD/MM/YYYY) should reject invalid EU date (month &gt; 12)" name="dateParser parseDate EU date format (DD/MM/YYYY) should reject invalid EU date (month &gt; 12)" time="0">
    </testcase>
    <testcase classname="dateParser parseDate Unix timestamps should parse Unix timestamp in seconds" name="dateParser parseDate Unix timestamps should parse Unix timestamp in seconds" time="0">
    </testcase>
    <testcase classname="dateParser parseDate Unix timestamps should parse Unix timestamp in milliseconds" name="dateParser parseDate Unix timestamps should parse Unix timestamp in milliseconds" time="0.001">
    </testcase>
    <testcase classname="dateParser parseDate Unix timestamps should not parse non-numeric strings as timestamps" name="dateParser parseDate Unix timestamps should not parse non-numeric strings as timestamps" time="0">
    </testcase>
    <testcase classname="dateParser parseDate Edge cases should handle empty string" name="dateParser parseDate Edge cases should handle empty string" time="0">
    </testcase>
    <testcase classname="dateParser parseDate Edge cases should handle null-like inputs" name="dateParser parseDate Edge cases should handle null-like inputs" time="0.001">
    </testcase>
    <testcase classname="dateParser parseDate Edge cases should handle undefined" name="dateParser parseDate Edge cases should handle undefined" time="0">
    </testcase>
    <testcase classname="dateParser parseDate Edge cases should handle whitespace-only string" name="dateParser parseDate Edge cases should handle whitespace-only string" time="0">
    </testcase>
    <testcase classname="dateParser parseDate Edge cases should handle string with leading/trailing whitespace" name="dateParser parseDate Edge cases should handle string with leading/trailing whitespace" time="0">
    </testcase>
    <testcase classname="dateParser parseDate Edge cases should handle completely invalid date string" name="dateParser parseDate Edge cases should handle completely invalid date string" time="0">
    </testcase>
    <testcase classname="dateParser parseDate Edge cases should preserve original string in result" name="dateParser parseDate Edge cases should preserve original string in result" time="0">
    </testcase>
    <testcase classname="dateParser parseDate Edge cases should handle dates at year boundaries" name="dateParser parseDate Edge cases should handle dates at year boundaries" time="0">
    </testcase>
    <testcase classname="dateParser parseDate Edge cases should handle leap year dates" name="dateParser parseDate Edge cases should handle leap year dates" time="0">
    </testcase>
    <testcase classname="dateParser parseDate Timezone handling should handle CET timezone" name="dateParser parseDate Timezone handling should handle CET timezone" time="0">
    </testcase>
    <testcase classname="dateParser parseDate Timezone handling should handle PST timezone" name="dateParser parseDate Timezone handling should handle PST timezone" time="0">
    </testcase>
    <testcase classname="dateParser parseDate Timezone handling should handle UTC timezone" name="dateParser parseDate Timezone handling should handle UTC timezone" time="0">
    </testcase>
    <testcase classname="dateParser parseDateOrDefault should return parsed date on success" name="dateParser parseDateOrDefault should return parsed date on success" time="0">
    </testcase>
    <testcase classname="dateParser parseDateOrDefault should return current date when parsing fails and no fallback" name="dateParser parseDateOrDefault should return current date when parsing fails and no fallback" time="0.001">
    </testcase>
    <testcase classname="dateParser parseDateOrDefault should return provided fallback when parsing fails" name="dateParser parseDateOrDefault should return provided fallback when parsing fails" time="0">
    </testcase>
    <testcase classname="dateParser parseDateToIsoString should return ISO string on success" name="dateParser parseDateToIsoString should return ISO string on success" time="0">
    </testcase>
    <testcase classname="dateParser parseDateToIsoString should return null on failure" name="dateParser parseDateToIsoString should return null on failure" time="0">
    </testcase>
    <testcase classname="dateParser isValidDate should return true for valid dates" name="dateParser isValidDate should return true for valid dates" time="0">
    </testcase>
    <testcase classname="dateParser isValidDate should return false for Invalid Date" name="dateParser isValidDate should return false for Invalid Date" time="0">
    </testcase>
    <testcase classname="dateParser isValidDate should return false for non-Date objects" name="dateParser isValidDate should return false for non-Date objects" time="0">
    </testcase>
    <testcase classname="dateParser formatDate should format date with default options" name="dateParser formatDate should format date with default options" time="0.008">
    </testcase>
    <testcase classname="dateParser formatDate should format date with custom locale" name="dateParser formatDate should format date with custom locale" time="0.001">
    </testcase>
    <testcase classname="dateParser formatDate should format date with custom options" name="dateParser formatDate should format date with custom options" time="0">
    </testcase>
    <testcase classname="dateParser formatRelativeDate should format recent dates as relative" name="dateParser formatRelativeDate should format recent dates as relative" time="0">
    </testcase>
    <testcase classname="dateParser formatRelativeDate should format hour-old dates" name="dateParser formatRelativeDate should format hour-old dates" time="0">
    </testcase>
    <testcase classname="dateParser formatRelativeDate should format day-old dates" name="dateParser formatRelativeDate should format day-old dates" time="0">
    </testcase>
    <testcase classname="dateParser formatRelativeDate should format old dates as absolute" name="dateParser formatRelativeDate should format old dates as absolute" time="0.001">
    </testcase>
    <testcase classname="dateParser compareDates should sort dates descending by default" name="dateParser compareDates should sort dates descending by default" time="0">
    </testcase>
    <testcase classname="dateParser compareDates should sort dates ascending when specified" name="dateParser compareDates should sort dates ascending when specified" time="0">
    </testcase>
    <testcase classname="dateParser compareDates should handle invalid dates by treating them as epoch" name="dateParser compareDates should handle invalid dates by treating them as epoch" time="0">
    </testcase>
    <testcase classname="dateParser compareDates should return 0 for equal dates" name="dateParser compareDates should return 0 for equal dates" time="0">
    </testcase>
    <testcase classname="dateParser Real-world feed date examples should parse NRK feed dates" name="dateParser Real-world feed date examples should parse NRK feed dates" time="0">
    </testcase>
    <testcase classname="dateParser Real-world feed date examples should parse BBC feed dates" name="dateParser Real-world feed date examples should parse BBC feed dates" time="0">
    </testcase>
    <testcase classname="dateParser Real-world feed date examples should parse YouTube feed dates (Atom)" name="dateParser Real-world feed date examples should parse YouTube feed dates (Atom)" time="0">
    </testcase>
    <testcase classname="dateParser Real-world feed date examples should parse WordPress feed dates" name="dateParser Real-world feed date examples should parse WordPress feed dates" time="0">
    </testcase>
    <testcase classname="dateParser Real-world feed date examples should parse Medium feed dates" name="dateParser Real-world feed date examples should parse Medium feed dates" time="0">
    </testcase>
    <testcase classname="dateParser Real-world feed date examples should parse GitHub feed dates" name="dateParser Real-world feed date examples should parse GitHub feed dates" time="0">
    </testcase>
    <testcase classname="dateParser Real-world feed date examples should parse Meltwater-style dates" name="dateParser Real-world feed date examples should parse Meltwater-style dates" time="0.001">
    </testcase>
    <testcase classname="dateParser Real-world feed date examples should parse Retriever-style dates" name="dateParser Real-world feed date examples should parse Retriever-style dates" time="0">
    </testcase>
  </testsuite>
  <testsuite name="ImprovedFeedParser" errors="0" failures="0" skipped="0" timestamp="2025-11-28T10:43:13" time="0.254" tests="95">
    <testcase classname="ImprovedFeedParser RSS 2.0 feeds parses a standard RSS 2.0 feed correctly" name="ImprovedFeedParser RSS 2.0 feeds parses a standard RSS 2.0 feed correctly" time="0.008">
    </testcase>
    <testcase classname="ImprovedFeedParser RSS 2.0 feeds extracts categories from RSS items" name="ImprovedFeedParser RSS 2.0 feeds extracts categories from RSS items" time="0.003">
    </testcase>
    <testcase classname="ImprovedFeedParser RSS 2.0 feeds extracts images from media:thumbnail" name="ImprovedFeedParser RSS 2.0 feeds extracts images from media:thumbnail" time="0.002">
    </testcase>
    <testcase classname="ImprovedFeedParser RSS 2.0 feeds extracts images from enclosure elements" name="ImprovedFeedParser RSS 2.0 feeds extracts images from enclosure elements" time="0.001">
    </testcase>
    <testcase classname="ImprovedFeedParser RSS 2.0 feeds extracts images from content:encoded" name="ImprovedFeedParser RSS 2.0 feeds extracts images from content:encoded" time="0.001">
    </testcase>
    <testcase classname="ImprovedFeedParser RSS 2.0 feeds uses fallback image when no image is found" name="ImprovedFeedParser RSS 2.0 feeds uses fallback image when no image is found" time="0.001">
    </testcase>
    <testcase classname="ImprovedFeedParser RSS 2.0 feeds handles CDATA in description" name="ImprovedFeedParser RSS 2.0 feeds handles CDATA in description" time="0.001">
    </testcase>
    <testcase classname="ImprovedFeedParser RSS 2.0 feeds extracts author from dc:creator" name="ImprovedFeedParser RSS 2.0 feeds extracts author from dc:creator" time="0.001">
    </testcase>
    <testcase classname="ImprovedFeedParser RSS 2.0 feeds handles feeds with itunes namespace" name="ImprovedFeedParser RSS 2.0 feeds handles feeds with itunes namespace" time="0.001">
    </testcase>
    <testcase classname="ImprovedFeedParser RSS 2.0 feeds extracts source element as author fallback" name="ImprovedFeedParser RSS 2.0 feeds extracts source element as author fallback" time="0.001">
    </testcase>
    <testcase classname="ImprovedFeedParser RSS 1.0 (RDF) feeds parses RSS 1.0 RDF feeds" name="ImprovedFeedParser RSS 1.0 (RDF) feeds parses RSS 1.0 RDF feeds" time="0.001">
    </testcase>
    <testcase classname="ImprovedFeedParser RSS 1.0 (RDF) feeds extracts dc:date from RSS 1.0 items" name="ImprovedFeedParser RSS 1.0 (RDF) feeds extracts dc:date from RSS 1.0 items" time="0.001">
    </testcase>
    <testcase classname="ImprovedFeedParser RSS 1.0 (RDF) feeds extracts dc:creator from RSS 1.0 items" name="ImprovedFeedParser RSS 1.0 (RDF) feeds extracts dc:creator from RSS 1.0 items" time="0.002">
    </testcase>
    <testcase classname="ImprovedFeedParser Atom 1.0 feeds parses a standard Atom 1.0 feed correctly" name="ImprovedFeedParser Atom 1.0 feeds parses a standard Atom 1.0 feed correctly" time="0.001">
    </testcase>
    <testcase classname="ImprovedFeedParser Atom 1.0 feeds extracts Atom categories from term/label attributes" name="ImprovedFeedParser Atom 1.0 feeds extracts Atom categories from term/label attributes" time="0.001">
    </testcase>
    <testcase classname="ImprovedFeedParser Atom 1.0 feeds uses published date over updated date when available" name="ImprovedFeedParser Atom 1.0 feeds uses published date over updated date when available" time="0.003">
    </testcase>
    <testcase classname="ImprovedFeedParser Atom 1.0 feeds handles Atom feeds with media namespace" name="ImprovedFeedParser Atom 1.0 feeds handles Atom feeds with media namespace" time="0.001">
    </testcase>
    <testcase classname="ImprovedFeedParser Atom 1.0 feeds handles different Atom content types (html)" name="ImprovedFeedParser Atom 1.0 feeds handles different Atom content types (html)" time="0.002">
    </testcase>
    <testcase classname="ImprovedFeedParser Atom 1.0 feeds handles Atom text content type" name="ImprovedFeedParser Atom 1.0 feeds handles Atom text content type" time="0.001">
    </testcase>
    <testcase classname="ImprovedFeedParser Atom 1.0 feeds handles Atom entries with only summary (no content)" name="ImprovedFeedParser Atom 1.0 feeds handles Atom entries with only summary (no content)" time="0.001">
    </testcase>
    <testcase classname="ImprovedFeedParser Media RSS handling extracts media:thumbnail as primary image source" name="ImprovedFeedParser Media RSS handling extracts media:thumbnail as primary image source" time="0.001">
    </testcase>
    <testcase classname="ImprovedFeedParser Media RSS handling prefers media:thumbnail over media:content for video items" name="ImprovedFeedParser Media RSS handling prefers media:thumbnail over media:content for video items" time="0.002">
    </testcase>
    <testcase classname="ImprovedFeedParser Media RSS handling handles media:group elements" name="ImprovedFeedParser Media RSS handling handles media:group elements" time="0.001">
    </testcase>
    <testcase classname="ImprovedFeedParser Media RSS handling uses channel image as fallback when item has no image" name="ImprovedFeedParser Media RSS handling uses channel image as fallback when item has no image" time="0">
    </testcase>
    <testcase classname="ImprovedFeedParser Media RSS handling prefers item image over channel image" name="ImprovedFeedParser Media RSS handling prefers item image over channel image" time="0.001">
    </testcase>
    <testcase classname="ImprovedFeedParser maxItems option limits the number of items returned" name="ImprovedFeedParser maxItems option limits the number of items returned" time="0.002">
    </testcase>
    <testcase classname="ImprovedFeedParser maxItems option returns all items when maxItems exceeds available items" name="ImprovedFeedParser maxItems option returns all items when maxItems exceeds available items" time="0.001">
    </testcase>
    <testcase classname="ImprovedFeedParser maxItems option returns all items when maxItems is 0" name="ImprovedFeedParser maxItems option returns all items when maxItems is 0" time="0.001">
    </testcase>
    <testcase classname="ImprovedFeedParser maxItems option handles large feeds with maxItems" name="ImprovedFeedParser maxItems option handles large feeds with maxItems" time="0.007">
    </testcase>
    <testcase classname="ImprovedFeedParser date handling normalizes RFC 822 dates to ISO format" name="ImprovedFeedParser date handling normalizes RFC 822 dates to ISO format" time="0.002">
    </testcase>
    <testcase classname="ImprovedFeedParser date handling normalizes ISO 8601 dates" name="ImprovedFeedParser date handling normalizes ISO 8601 dates" time="0.001">
    </testcase>
    <testcase classname="ImprovedFeedParser date handling normalizes non-standard date formats to ISO" name="ImprovedFeedParser date handling normalizes non-standard date formats to ISO" time="0.001">
    </testcase>
    <testcase classname="ImprovedFeedParser date handling preserves invalid dates as original strings" name="ImprovedFeedParser date handling preserves invalid dates as original strings" time="0.001">
    </testcase>
    <testcase classname="ImprovedFeedParser date handling handles missing pubDate" name="ImprovedFeedParser date handling handles missing pubDate" time="0">
    </testcase>
    <testcase classname="ImprovedFeedParser edge cases handles feeds with missing optional fields" name="ImprovedFeedParser edge cases handles feeds with missing optional fields" time="0.001">
    </testcase>
    <testcase classname="ImprovedFeedParser edge cases handles empty feeds (no items)" name="ImprovedFeedParser edge cases handles empty feeds (no items)" time="0.001">
    </testcase>
    <testcase classname="ImprovedFeedParser edge cases handles double-encoded entities" name="ImprovedFeedParser edge cases handles double-encoded entities" time="0.001">
    </testcase>
    <testcase classname="ImprovedFeedParser edge cases handles international characters (UTF-8)" name="ImprovedFeedParser edge cases handles international characters (UTF-8)" time="0.001">
    </testcase>
    <testcase classname="ImprovedFeedParser edge cases handles emoji in content" name="ImprovedFeedParser edge cases handles emoji in content" time="0.001">
    </testcase>
    <testcase classname="ImprovedFeedParser edge cases handles RTL text" name="ImprovedFeedParser edge cases handles RTL text" time="0.001">
    </testcase>
    <testcase classname="ImprovedFeedParser edge cases handles very long descriptions" name="ImprovedFeedParser edge cases handles very long descriptions" time="0.005">
    </testcase>
    <testcase classname="ImprovedFeedParser edge cases handles very long titles" name="ImprovedFeedParser edge cases handles very long titles" time="0.001">
    </testcase>
    <testcase classname="ImprovedFeedParser edge cases handles items with missing links using guid" name="ImprovedFeedParser edge cases handles items with missing links using guid" time="0.001">
    </testcase>
    <testcase classname="ImprovedFeedParser edge cases handles items with no link at all" name="ImprovedFeedParser edge cases handles items with no link at all" time="0.001">
    </testcase>
    <testcase classname="ImprovedFeedParser edge cases handles whitespace-only content" name="ImprovedFeedParser edge cases handles whitespace-only content" time="0.001">
    </testcase>
    <testcase classname="ImprovedFeedParser edge cases strips control characters from content" name="ImprovedFeedParser edge cases strips control characters from content" time="0.002">
    </testcase>
    <testcase classname="ImprovedFeedParser edge cases handles feeds with BOM (Byte Order Mark)" name="ImprovedFeedParser edge cases handles feeds with BOM (Byte Order Mark)" time="0.001">
    </testcase>
    <testcase classname="ImprovedFeedParser error handling throws on empty feed content" name="ImprovedFeedParser error handling throws on empty feed content" time="0.012">
    </testcase>
    <testcase classname="ImprovedFeedParser error handling throws on null/undefined content" name="ImprovedFeedParser error handling throws on null/undefined content" time="0.001">
    </testcase>
    <testcase classname="ImprovedFeedParser error handling throws on completely invalid XML" name="ImprovedFeedParser error handling throws on completely invalid XML" time="0.001">
    </testcase>
    <testcase classname="ImprovedFeedParser error handling handles malformed XML with partial recovery" name="ImprovedFeedParser error handling handles malformed XML with partial recovery" time="0.002">
    </testcase>
    <testcase classname="ImprovedFeedParser error handling handles empty valid XML structure" name="ImprovedFeedParser error handling handles empty valid XML structure" time="0">
    </testcase>
    <testcase classname="ImprovedFeedParser preprocessing adds missing XML declaration" name="ImprovedFeedParser preprocessing adds missing XML declaration" time="0">
    </testcase>
    <testcase classname="ImprovedFeedParser preprocessing handles feeds missing namespace declarations" name="ImprovedFeedParser preprocessing handles feeds missing namespace declarations" time="0.001">
    </testcase>
    <testcase classname="ImprovedFeedParser preprocessing extracts RSS content from HTML wrapper" name="ImprovedFeedParser preprocessing extracts RSS content from HTML wrapper" time="0.001">
    </testcase>
    <testcase classname="ImprovedFeedParser preprocessing handles multiple XML declarations" name="ImprovedFeedParser preprocessing handles multiple XML declarations" time="0">
    </testcase>
    <testcase classname="ImprovedFeedParser preprocessing handles channel without rss wrapper" name="ImprovedFeedParser preprocessing handles channel without rss wrapper" time="0">
    </testcase>
    <testcase classname="ImprovedFeedParser preprocessing wraps non-CDATA descriptions in CDATA" name="ImprovedFeedParser preprocessing wraps non-CDATA descriptions in CDATA" time="0.001">
    </testcase>
    <testcase classname="ImprovedFeedParser performance parses large feeds (100 items) within reasonable time" name="ImprovedFeedParser performance parses large feeds (100 items) within reasonable time" time="0.024">
    </testcase>
    <testcase classname="ImprovedFeedParser performance parses medium feeds (50 items) quickly" name="ImprovedFeedParser performance parses medium feeds (50 items) quickly" time="0.005">
    </testcase>
    <testcase classname="ImprovedFeedParser namespace handling handles feeds with namespace prefixes on all elements" name="ImprovedFeedParser namespace handling handles feeds with namespace prefixes on all elements" time="0.005">
    </testcase>
    <testcase classname="ImprovedFeedParser namespace handling handles dc:subject as categories" name="ImprovedFeedParser namespace handling handles dc:subject as categories" time="0.001">
    </testcase>
    <testcase classname="ImprovedFeedParser HTML content handling handles HTML in titles (CDATA wrapped)" name="ImprovedFeedParser HTML content handling handles HTML in titles (CDATA wrapped)" time="0">
    </testcase>
    <testcase classname="ImprovedFeedParser HTML content handling handles encoded HTML entities in content" name="ImprovedFeedParser HTML content handling handles encoded HTML entities in content" time="0.001">
    </testcase>
    <testcase classname="ImprovedFeedParser debug mode runs without error when debug mode is enabled" name="ImprovedFeedParser debug mode runs without error when debug mode is enabled" time="0.013">
    </testcase>
    <testcase classname="ImprovedFeedParser entity handling (ST-003-03) decodes standard XML entities in titles" name="ImprovedFeedParser entity handling (ST-003-03) decodes standard XML entities in titles" time="0.003">
    </testcase>
    <testcase classname="ImprovedFeedParser entity handling (ST-003-03) decodes decimal numeric entities" name="ImprovedFeedParser entity handling (ST-003-03) decodes decimal numeric entities" time="0.003">
    </testcase>
    <testcase classname="ImprovedFeedParser entity handling (ST-003-03) decodes hexadecimal numeric entities" name="ImprovedFeedParser entity handling (ST-003-03) decodes hexadecimal numeric entities" time="0.005">
    </testcase>
    <testcase classname="ImprovedFeedParser entity handling (ST-003-03) decodes Norwegian character entities" name="ImprovedFeedParser entity handling (ST-003-03) decodes Norwegian character entities" time="0.003">
    </testcase>
    <testcase classname="ImprovedFeedParser entity handling (ST-003-03) decodes HTML named entities (typography)" name="ImprovedFeedParser entity handling (ST-003-03) decodes HTML named entities (typography)" time="0.006">
    </testcase>
    <testcase classname="ImprovedFeedParser entity handling (ST-003-03) decodes currency entities" name="ImprovedFeedParser entity handling (ST-003-03) decodes currency entities" time="0.006">
    </testcase>
    <testcase classname="ImprovedFeedParser entity handling (ST-003-03) decodes symbol entities" name="ImprovedFeedParser entity handling (ST-003-03) decodes symbol entities" time="0.004">
    </testcase>
    <testcase classname="ImprovedFeedParser entity handling (ST-003-03) decodes math symbol entities" name="ImprovedFeedParser entity handling (ST-003-03) decodes math symbol entities" time="0.005">
    </testcase>
    <testcase classname="ImprovedFeedParser entity handling (ST-003-03) handles double-encoded entities" name="ImprovedFeedParser entity handling (ST-003-03) handles double-encoded entities" time="0.002">
    </testcase>
    <testcase classname="ImprovedFeedParser entity handling (ST-003-03) decodes double-encoded HTML in descriptions" name="ImprovedFeedParser entity handling (ST-003-03) decodes double-encoded HTML in descriptions" time="0.002">
    </testcase>
    <testcase classname="ImprovedFeedParser entity handling (ST-003-03) handles triple-encoded entities" name="ImprovedFeedParser entity handling (ST-003-03) handles triple-encoded entities" time="0.004">
    </testcase>
    <testcase classname="ImprovedFeedParser entity handling (ST-003-03) handles CDATA with entities in descriptions" name="ImprovedFeedParser entity handling (ST-003-03) handles CDATA with entities in descriptions" time="0.004">
    </testcase>
    <testcase classname="ImprovedFeedParser entity handling (ST-003-03) decodes entities in description with CDATA and HTML named entities" name="ImprovedFeedParser entity handling (ST-003-03) decodes entities in description with CDATA and HTML named entities" time="0.003">
    </testcase>
    <testcase classname="ImprovedFeedParser entity handling (ST-003-03) decodes non-breaking space entity" name="ImprovedFeedParser entity handling (ST-003-03) decodes non-breaking space entity" time="0.004">
    </testcase>
    <testcase classname="ImprovedFeedParser entity handling (ST-003-03) preserves regular ampersands followed by spaces" name="ImprovedFeedParser entity handling (ST-003-03) preserves regular ampersands followed by spaces" time="0.001">
    </testcase>
    <testcase classname="ImprovedFeedParser entity handling (ST-003-03) decodes entities in descriptions" name="ImprovedFeedParser entity handling (ST-003-03) decodes entities in descriptions" time="0.005">
    </testcase>
    <testcase classname="ImprovedFeedParser entity handling (ST-003-03) decodes entities in Atom feed content" name="ImprovedFeedParser entity handling (ST-003-03) decodes entities in Atom feed content" time="0.002">
    </testcase>
    <testcase classname="ImprovedFeedParser JSON Feed support parses JSON Feed v1.1 correctly" name="ImprovedFeedParser JSON Feed support parses JSON Feed v1.1 correctly" time="0.001">
    </testcase>
    <testcase classname="ImprovedFeedParser JSON Feed support parses JSON Feed v1.0 correctly" name="ImprovedFeedParser JSON Feed support parses JSON Feed v1.0 correctly" time="0">
    </testcase>
    <testcase classname="ImprovedFeedParser JSON Feed support handles minimal JSON Feed" name="ImprovedFeedParser JSON Feed support handles minimal JSON Feed" time="0.001">
    </testcase>
[...]
    </testcase>
    <testcase classname="Property Pane Conditional Fields getDependentFields should return dependent fields for autoscroll" name="Property Pane Conditional Fields getDependentFields should return dependent fields for autoscroll" time="0">
    </testcase>
    <testcase classname="Property Pane Conditional Fields getDependentFields should return dependent fields for autoRefresh" name="Property Pane Conditional Fields getDependentFields should return dependent fields for autoRefresh" time="0">
    </testcase>
    <testcase classname="Property Pane Conditional Fields getDependentFields should return dependent fields for forceFallbackImage" name="Property Pane Conditional Fields getDependentFields should return dependent fields for forceFallbackImage" time="0">
    </testcase>
    <testcase classname="Property Pane Conditional Fields getDependentFields should return empty array for fields without dependents" name="Property Pane Conditional Fields getDependentFields should return empty array for fields without dependents" time="0">
    </testcase>
  </testsuite>
  <testsuite name="Breakpoints Constants" errors="0" failures="0" skipped="0" timestamp="2025-11-28T10:43:14" time="0.056" tests="52">
    <testcase classname="Breakpoints Constants breakpoints object should have correct breakpoint values" name="Breakpoints Constants breakpoints object should have correct breakpoint values" time="0">
    </testcase>
    <testcase classname="Breakpoints Constants breakpoints object should have breakpoints in ascending order" name="Breakpoints Constants breakpoints object should have breakpoints in ascending order" time="0">
    </testcase>
    <testcase classname="Breakpoints Constants breakpointNames array should contain all breakpoint names in order" name="Breakpoints Constants breakpointNames array should contain all breakpoint names in order" time="0">
    </testcase>
    <testcase classname="Breakpoints Constants breakpointNames array should have the same length as breakpoints object" name="Breakpoints Constants breakpointNames array should have the same length as breakpoints object" time="0">
    </testcase>
    <testcase classname="Breakpoints Constants containerBreakpoints object should have correct container breakpoint values" name="Breakpoints Constants containerBreakpoints object should have correct container breakpoint values" time="0.001">
    </testcase>
    <testcase classname="getBreakpoint should return &quot;xs&quot; for widths below 480px" name="getBreakpoint should return &quot;xs&quot; for widths below 480px" time="0">
    </testcase>
    <testcase classname="getBreakpoint should return &quot;sm&quot; for widths 480-767px" name="getBreakpoint should return &quot;sm&quot; for widths 480-767px" time="0">
    </testcase>
    <testcase classname="getBreakpoint should return &quot;md&quot; for widths 768-1023px" name="getBreakpoint should return &quot;md&quot; for widths 768-1023px" time="0">
    </testcase>
    <testcase classname="getBreakpoint should return &quot;lg&quot; for widths 1024-1279px" name="getBreakpoint should return &quot;lg&quot; for widths 1024-1279px" time="0">
    </testcase>
    <testcase classname="getBreakpoint should return &quot;xl&quot; for widths 1280-1439px" name="getBreakpoint should return &quot;xl&quot; for widths 1280-1439px" time="0">
    </testcase>
    <testcase classname="getBreakpoint should return &quot;xxl&quot; for widths 1440px and above" name="getBreakpoint should return &quot;xxl&quot; for widths 1440px and above" time="0">
    </testcase>
    <testcase classname="getBreakpoint should handle edge cases at exact breakpoint boundaries" name="getBreakpoint should handle edge cases at exact breakpoint boundaries" time="0.001">
    </testcase>
    <testcase classname="getBreakpoint should handle negative widths as xs" name="getBreakpoint should handle negative widths as xs" time="0">
    </testcase>
    <testcase classname="isAtBreakpoint should return true when width is at or above breakpoint" name="isAtBreakpoint should return true when width is at or above breakpoint" time="0">
    </testcase>
    <testcase classname="isAtBreakpoint should return false when width is below breakpoint" name="isAtBreakpoint should return false when width is below breakpoint" time="0">
    </testcase>
    <testcase classname="isAtBreakpoint should work for all breakpoints" name="isAtBreakpoint should work for all breakpoints" time="0.002">
    </testcase>
    <testcase classname="isBelowBreakpoint should return true when width is below breakpoint" name="isBelowBreakpoint should return true when width is below breakpoint" time="0">
    </testcase>
    <testcase classname="isBelowBreakpoint should return false when width is at or above breakpoint" name="isBelowBreakpoint should return false when width is at or above breakpoint" time="0">
    </testcase>
    <testcase classname="isBelowBreakpoint should be the inverse of isAtBreakpoint" name="isBelowBreakpoint should be the inverse of isAtBreakpoint" time="0">
    </testcase>
    <testcase classname="isBetweenBreakpoints should return true for widths in range (inclusive start, exclusive end)" name="isBetweenBreakpoints should return true for widths in range (inclusive start, exclusive end)" time="0">
    </testcase>
    <testcase classname="isBetweenBreakpoints should return false for widths outside range" name="isBetweenBreakpoints should return false for widths outside range" time="0">
    </testcase>
    <testcase classname="isBetweenBreakpoints should handle different breakpoint ranges" name="isBetweenBreakpoints should handle different breakpoint ranges" time="0">
    </testcase>
    <testcase classname="Media Query Generators minWidth should generate correct min-width media query" name="Media Query Generators minWidth should generate correct min-width media query" time="0.001">
    </testcase>
    <testcase classname="Media Query Generators maxWidth should generate correct max-width media query (breakpoint - 1)" name="Media Query Generators maxWidth should generate correct max-width media query (breakpoint - 1)" time="0">
    </testcase>
    <testcase classname="Media Query Generators betweenWidths should generate correct range media query" name="Media Query Generators betweenWidths should generate correct range media query" time="0">
    </testcase>
    <testcase classname="getResponsiveValue should return base value when no breakpoint-specific value matches" name="getResponsiveValue should return base value when no breakpoint-specific value matches" time="0">
    </testcase>
    <testcase classname="getResponsiveValue should return breakpoint-specific value when width matches" name="getResponsiveValue should return breakpoint-specific value when width matches" time="0">
    </testcase>
    <testcase classname="getResponsiveValue should use highest matching breakpoint value" name="getResponsiveValue should use highest matching breakpoint value" time="0">
    </testcase>
    <testcase classname="getResponsiveValue should work with different value types" name="getResponsiveValue should work with different value types" time="0">
    </testcase>
    <testcase classname="getContainerBreakpoint should return &quot;narrow&quot; for widths below 384px" name="getContainerBreakpoint should return &quot;narrow&quot; for widths below 384px" time="0">
    </testcase>
    <testcase classname="getContainerBreakpoint should return &quot;compact&quot; for widths 384-767px" name="getContainerBreakpoint should return &quot;compact&quot; for widths 384-767px" time="0">
    </testcase>
    <testcase classname="getContainerBreakpoint should return &quot;standard&quot; for widths 768-1199px" name="getContainerBreakpoint should return &quot;standard&quot; for widths 768-1199px" time="0">
    </testcase>
    <testcase classname="getContainerBreakpoint should return &quot;wide&quot; for widths 1200-1439px" name="getContainerBreakpoint should return &quot;wide&quot; for widths 1200-1439px" time="0">
    </testcase>
    <testcase classname="getContainerBreakpoint should return &quot;fullWidth&quot; for widths 1440px and above" name="getContainerBreakpoint should return &quot;fullWidth&quot; for widths 1440px and above" time="0">
    </testcase>
    <testcase classname="getRecommendedColumns should return 1 column for very narrow containers" name="getRecommendedColumns should return 1 column for very narrow containers" time="0">
    </testcase>
    <testcase classname="getRecommendedColumns should return correct columns based on minItemWidth" name="getRecommendedColumns should return correct columns based on minItemWidth" time="0">
    </testcase>
    <testcase classname="getRecommendedColumns should cap at 4 columns" name="getRecommendedColumns should cap at 4 columns" time="0">
    </testcase>
    <testcase classname="getRecommendedColumns should respect custom minItemWidth" name="getRecommendedColumns should respect custom minItemWidth" time="0">
    </testcase>
    <testcase classname="getRecommendedColumns should never return less than 1 column" name="getRecommendedColumns should never return less than 1 column" time="0">
    </testcase>
    <testcase classname="Layout Type Detection isMobileLayout should return true for widths below 480px" name="Layout Type Detection isMobileLayout should return true for widths below 480px" time="0">
    </testcase>
    <testcase classname="Layout Type Detection isMobileLayout should return false for widths 480px and above" name="Layout Type Detection isMobileLayout should return false for widths 480px and above" time="0.001">
    </testcase>
    <testcase classname="Layout Type Detection isTabletLayout should return true for widths 480-1023px" name="Layout Type Detection isTabletLayout should return true for widths 480-1023px" time="0">
    </testcase>
    <testcase classname="Layout Type Detection isTabletLayout should return false for widths below 480px" name="Layout Type Detection isTabletLayout should return false for widths below 480px" time="0">
    </testcase>
    <testcase classname="Layout Type Detection isTabletLayout should return false for widths 1024px and above" name="Layout Type Detection isTabletLayout should return false for widths 1024px and above" time="0">
    </testcase>
    <testcase classname="Layout Type Detection isDesktopLayout should return true for widths 1024px and above" name="Layout Type Detection isDesktopLayout should return true for widths 1024px and above" time="0">
    </testcase>
    <testcase classname="Layout Type Detection isDesktopLayout should return false for widths below 1024px" name="Layout Type Detection isDesktopLayout should return false for widths below 1024px" time="0">
    </testcase>
    <testcase classname="Layout Type Detection layout type mutual exclusivity should have exactly one layout type true for any width" name="Layout Type Detection layout type mutual exclusivity should have exactly one layout type true for any width" time="0">
    </testcase>
    <testcase classname="TypeScript Types should allow valid breakpoint names" name="TypeScript Types should allow valid breakpoint names" time="0.001">
    </testcase>
    <testcase classname="TypeScript Types should allow ResponsiveValue with base and optional breakpoints" name="TypeScript Types should allow ResponsiveValue with base and optional breakpoints" time="0">
    </testcase>
    <testcase classname="Edge Cases should handle zero width" name="Edge Cases should handle zero width" time="0">
    </testcase>
    <testcase classname="Edge Cases should handle very large widths" name="Edge Cases should handle very large widths" time="0.001">
    </testcase>
    <testcase classname="Edge Cases should handle decimal widths" name="Edge Cases should handle decimal widths" time="0">
    </testcase>
  </testsuite>
  <testsuite name="ImprovedFeedParser Performance (ST-003-08)" errors="0" failures="0" skipped="0" timestamp="2025-11-28T10:43:12" time="3.392" tests="10">
    <testcase classname="ImprovedFeedParser Performance (ST-003-08) Performance Targets should parse 10 items in &lt; 10ms" name="ImprovedFeedParser Performance (ST-003-08) Performance Targets should parse 10 items in &lt; 10ms" time="0.054">
    </testcase>
    <testcase classname="ImprovedFeedParser Performance (ST-003-08) Performance Targets should parse 50 items in &lt; 50ms" name="ImprovedFeedParser Performance (ST-003-08) Performance Targets should parse 50 items in &lt; 50ms" time="0.075">
    </testcase>
    <testcase classname="ImprovedFeedParser Performance (ST-003-08) Performance Targets should parse 100 items in &lt; 100ms" name="ImprovedFeedParser Performance (ST-003-08) Performance Targets should parse 100 items in &lt; 100ms" time="0.117">
    </testcase>
    <testcase classname="ImprovedFeedParser Performance (ST-003-08) Performance Targets should parse 500 items in &lt; 300ms" name="ImprovedFeedParser Performance (ST-003-08) Performance Targets should parse 500 items in &lt; 300ms" time="0.571">
    </testcase>
    <testcase classname="ImprovedFeedParser Performance (ST-003-08) Early Termination with maxItems should stop early when maxItems is set" name="ImprovedFeedParser Performance (ST-003-08) Early Termination with maxItems should stop early when maxItems is set" time="0.488">
    </testcase>
    <testcase classname="ImprovedFeedParser Performance (ST-003-08) Early Termination with maxItems should be faster with maxItems=50 than parsing all 500" name="ImprovedFeedParser Performance (ST-003-08) Early Termination with maxItems should be faster with maxItems=50 than parsing all 500" time="0.514">
    </testcase>
    <testcase classname="ImprovedFeedParser Performance (ST-003-08) Memory Stability should handle repeated parsing without memory issues" name="ImprovedFeedParser Performance (ST-003-08) Memory Stability should handle repeated parsing without memory issues" time="0.844">
    </testcase>
    <testcase classname="ImprovedFeedParser Performance (ST-003-08) Large Content Handling should handle items with very long descriptions efficiently" name="ImprovedFeedParser Performance (ST-003-08) Large Content Handling should handle items with very long descriptions efficiently" time="0.084">
    </testcase>
    <testcase classname="ImprovedFeedParser Performance (ST-003-08) Recovery Mode Performance should not add significant overhead when recovery is not needed" name="ImprovedFeedParser Performance (ST-003-08) Recovery Mode Performance should not add significant overhead when recovery is not needed" time="0.196">
    </testcase>
    <testcase classname="ImprovedFeedParser Performance (ST-003-08) Feed Format Performance Comparison should parse RSS and Atom at similar speeds" name="ImprovedFeedParser Performance (ST-003-08) Feed Format Performance Comparison should parse RSS and Atom at similar speeds" time="0.177">
    </testcase>
  </testsuite>
  <testsuite name="RetryService" errors="0" failures="0" skipped="0" timestamp="2025-11-28T10:43:12" time="13.331" tests="26">
    <testcase classname="RetryService Constructor and Configuration should create with default config" name="RetryService Constructor and Configuration should create with default config" time="0.002">
    </testcase>
    <testcase classname="RetryService Constructor and Configuration should create with custom config" name="RetryService Constructor and Configuration should create with custom config" time="0.001">
    </testcase>
    <testcase classname="RetryService getState should return initial state" name="RetryService getState should return initial state" time="0">
    </testcase>
    <testcase classname="RetryService getState should return a copy of state" name="RetryService getState should return a copy of state" time="0.001">
    </testcase>
    <testcase classname="RetryService reset should reset state to initial values" name="RetryService reset should reset state to initial values" time="0.001">
    </testcase>
    <testcase classname="RetryService calculateDelay should return initial delay for attempt 0" name="RetryService calculateDelay should return initial delay for attempt 0" time="0.001">
    </testcase>
    <testcase classname="RetryService calculateDelay should apply exponential backoff" name="RetryService calculateDelay should apply exponential backoff" time="0">
    </testcase>
    <testcase classname="RetryService calculateDelay should cap at maxDelay" name="RetryService calculateDelay should cap at maxDelay" time="0">
    </testcase>
    <testcase classname="RetryService calculateDelay should add jitter" name="RetryService calculateDelay should add jitter" time="0">
    </testcase>
    <testcase classname="RetryService calculateDelay should use error-specific delay when error is provided" name="RetryService calculateDelay should use error-specific delay when error is provided" time="0.001">
    </testcase>
    <testcase classname="RetryService shouldRetry should return true for retryable errors" name="RetryService shouldRetry should return true for retryable errors" time="0">
    </testcase>
    <testcase classname="RetryService shouldRetry should return false for non-retryable errors" name="RetryService shouldRetry should return false for non-retryable errors" time="0">
    </testcase>
    <testcase classname="RetryService shouldRetry should return false when max retries reached" name="RetryService shouldRetry should return false when max retries reached" time="0.001">
    </testcase>
    <testcase classname="RetryService scheduleRetry should schedule a retry for retryable errors" name="RetryService scheduleRetry should schedule a retry for retryable errors" time="0.001">
    </testcase>
    <testcase classname="RetryService scheduleRetry should call onRetry after delay" name="RetryService scheduleRetry should call onRetry after delay" time="0">
    </testcase>
    <testcase classname="RetryService scheduleRetry should call config callbacks" name="RetryService scheduleRetry should call config callbacks" time="0.001">
    </testcase>
    <testcase classname="RetryService scheduleRetry should return cleanup function" name="RetryService scheduleRetry should return cleanup function" time="0">
    </testcase>
    <testcase classname="RetryService scheduleRetry should call onRetriesExhausted when max retries reached" name="RetryService scheduleRetry should call onRetriesExhausted when max retries reached" time="0">
    </testcase>
    <testcase classname="RetryService execute should execute operation successfully" name="RetryService execute should execute operation successfully" time="0.002">
    </testcase>
    <testcase classname="RetryService execute should retry on failure" name="RetryService execute should retry on failure" time="4.348">
    </testcase>
    <testcase classname="RetryService execute should throw when all retries exhausted" name="RetryService execute should throw when all retries exhausted" time="0.002">
    </testcase>
    <testcase classname="RetryService execute should reset state on success" name="RetryService execute should reset state on success" time="4.359">
    </testcase>
    <testcase classname="createRetryService should create a new RetryService instance" name="createRetryService should create a new RetryService instance" time="0.001">
    </testcase>
    <testcase classname="createRetryService should pass config to service" name="createRetryService should pass config to service" time="0">
    </testcase>
    <testcase classname="withRetry should wrap function with retry behavior" name="withRetry should wrap function with retry behavior" time="0">
    </testcase>
    <testcase classname="withRetry should retry on failure" name="withRetry should retry on failure" time="4.368">
    </testcase>
  </testsuite>
</testsuites>