<?xml version="1.0" encoding="UTF-8"?>
<testsuites name="jest tests" tests="8" failures="0" errors="0" time="0.408">
  <testsuite name="Sentralregisteret.no Feed Tests (Fixture)" errors="0" failures="0" skipped="0" timestamp="2025-11-29T18:04:45" time="0.195" tests="8">
    <testcase classname="Sentralregisteret.no Feed Tests (Fixture) fixture file contains valid RSS feed" name="Sentralregisteret.no Feed Tests (Fixture) fixture file contains valid RSS feed" time="0.002">
    </testcase>
    <testcase classname="Sentralregisteret.no Feed Tests (Fixture) native DOMParser should parse all items" name="Sentralregisteret.no Feed Tests (Fixture) native DOMParser should parse all items" time="0.009">
    </testcase>
    <testcase classname="Sentralregisteret.no Feed Tests (Fixture) should parse ALL 10 items from sentralregisteret feed" name="Sentralregisteret.no Feed Tests (Fixture) should parse ALL 10 items from sentralregisteret feed" time="0.017">
    </testcase>
    <testcase classname="Sentralregisteret.no Feed Tests (Fixture) should extract images from wp-block-image figures" name="Sentralregisteret.no Feed Tests (Fixture) should extract images from wp-block-image figures" time="0.009">
    </testcase>
    <testcase classname="Sentralregisteret.no Feed Tests (Fixture) should handle Norwegian characters correctly" name="Sentralregisteret.no Feed Tests (Fixture) should handle Norwegian characters correctly" time="0.007">
    </testcase>
    <testcase classname="Sentralregisteret.no Feed Tests (Fixture) should parse dates correctly" name="Sentralregisteret.no Feed Tests (Fixture) should parse dates correctly" time="0.007">
    </testcase>
    <testcase classname="Sentralregisteret.no Feed Tests (Fixture) should extract links correctly" name="Sentralregisteret.no Feed Tests (Fixture) should extract links correctly" time="0.006">
    </testcase>
    <testcase classname="Sentralregisteret.no Feed Tests (Fixture) feed structure analysis" name="Sentralregisteret.no Feed Tests (Fixture) feed structure analysis" time="0.003">
    </testcase>
  </testsuite>
</testsuites>