TN:
SF:src/webparts/polRssGallery/RssFeedWebPart.ts
FN:36,(anonymous_0)
FN:43,(anonymous_1)
FN:43,(anonymous_2)
FN:51,(anonymous_3)
FN:56,(anonymous_4)
FN:103,(anonymous_5)
FN:108,(anonymous_6)
FN:115,(anonymous_7)
FNF:8
FNH:0
FNDA:0,(anonymous_0)
FNDA:0,(anonymous_1)
FNDA:0,(anonymous_2)
FNDA:0,(anonymous_3)
FNDA:0,(anonymous_4)
FNDA:0,(anonymous_5)
FNDA:0,(anonymous_6)
FNDA:0,(anonymous_7)
DA:1,0
DA:2,0
DA:3,0
DA:4,0
DA:5,0
DA:6,0
DA:7,0
DA:31,0
DA:38,0
DA:39,0
DA:40,0
DA:43,0
DA:44,0
DA:45,0
DA:48,0
DA:52,0
DA:53,0
DA:76,0
DA:78,0
DA:100,0
DA:104,0
DA:105,0
DA:109,0
DA:110,0
DA:112,0
DA:116,0
LF:26
LH:0
BRDA:90,0,0,0
BRDA:90,0,1,0
BRDA:91,1,0,0
BRDA:91,1,1,0
BRDA:92,2,0,0
BRDA:92,2,1,0
BRDA:93,3,0,0
BRDA:93,3,1,0
BRDA:94,4,0,0
BRDA:94,4,1,0
BRDA:95,5,0,0
BRDA:95,5,1,0
BRDA:96,6,0,0
BRDA:96,6,1,0
BRDA:109,7,0,0
BRDA:109,8,0,0
BRDA:109,8,1,0
BRDA:135,9,0,0
BRDA:135,9,1,0
BRDA:147,10,0,0
BRDA:147,10,1,0
BRDA:179,11,0,0
BRDA:179,11,1,0
BRF:23
BRH:0
end_of_record
TN:
SF:src/webparts/polRssGallery/components/BannerCarousel.tsx
FN:31,(anonymous_0)
FN:37,(anonymous_1)
FN:39,(anonymous_2)
FN:51,(anonymous_3)
FN:57,(anonymous_4)
FN:79,(anonymous_5)
FNF:6
FNH:0
FNDA:0,(anonymous_0)
FNDA:0,(anonymous_1)
FNDA:0,(anonymous_2)
FNDA:0,(anonymous_3)
FNDA:0,(anonymous_4)
FNDA:0,(anonymous_5)
DA:1,0
DA:2,0
DA:3,0
DA:4,0
DA:5,0
DA:6,0
DA:7,0
DA:8,0
DA:9,0
DA:31,0
DA:32,0
DA:35,0
DA:37,0
DA:39,0
DA:42,0
DA:52,0
DA:54,0
DA:57,0
DA:80,0
DA:94,0
LF:20
LH:0
BRDA:46,0,0,0
BRDA:46,0,1,0
BRDA:56,1,0,0
BRDA:56,1,1,0
BRDA:67,2,0,0
BRDA:67,2,1,0
BRDA:67,2,2,0
BRDA:72,3,0,0
BRDA:72,3,1,0
BRDA:72,3,2,0
BRDA:77,4,0,0
BRDA:77,4,1,0
BRDA:77,4,2,0
BRDA:77,4,3,0
BRF:14
BRH:0
end_of_record
TN:
SF:src/webparts/polRssGallery/components/CardLayout.tsx
FN:25,(anonymous_0)
FN:32,(anonymous_1)
FN:40,(anonymous_2)
FN:43,(anonymous_3)
FN:44,(anonymous_4)
FN:47,(anonymous_5)
FN:51,(anonymous_6)
FN:51,(anonymous_7)
FN:85,(anonymous_8)
FNF:9
FNH:0
FNDA:0,(anonymous_0)
FNDA:0,(anonymous_1)
FNDA:0,(anonymous_2)
FNDA:0,(anonymous_3)
FNDA:0,(anonymous_4)
FNDA:0,(anonymous_5)
FNDA:0,(anonymous_6)
FNDA:0,(anonymous_7)
FNDA:0,(anonymous_8)
DA:1,0
DA:2,0
DA:3,0
DA:4,0
DA:5,0
DA:25,0
DA:26,0
DA:33,0
DA:40,0
DA:41,0
DA:43,0
DA:44,0
DA:47,0
DA:48,0
DA:51,0
DA:52,0
DA:54,0
DA:86,0
DA:97,0
DA:104,0
LF:20
LH:0
BRDA:27,0,0,0
BRDA:27,0,1,0
BRDA:27,0,2,0
BRDA:27,0,3,0
BRDA:27,0,4,0
BRDA:27,0,5,0
BRDA:33,1,0,0
BRDA:33,1,1,0
BRDA:33,1,2,0
BRDA:56,2,0,0
BRDA:56,2,1,0
BRDA:73,3,0,0
BRDA:73,3,1,0
BRDA:73,3,2,0
BRDA:78,4,0,0
BRDA:78,4,1,0
BRDA:78,4,2,0
BRDA:83,5,0,0
BRDA:83,5,1,0
BRDA:83,5,2,0
BRDA:83,5,3,0
BRF:21
BRH:0
end_of_record
TN:
SF:src/webparts/polRssGallery/components/ErrorBoundary.tsx
FN:16,(anonymous_0)
FN:23,(anonymous_1)
FN:31,(anonymous_2)
FN:40,(anonymous_3)
FN:56,(anonymous_4)
FN:65,(anonymous_5)
FNF:6
FNH:0
FNDA:0,(anonymous_0)
FNDA:0,(anonymous_1)
FNDA:0,(anonymous_2)
FNDA:0,(anonymous_3)
FNDA:0,(anonymous_4)
FNDA:0,(anonymous_5)
DA:1,0
DA:2,0
DA:3,0
DA:16,0
DA:17,0
DA:24,0
DA:32,0
DA:41,0
DA:43,0
DA:56,0
DA:66,0
DA:67,0
DA:72,0
DA:76,0
LF:14
LH:0
BRDA:27,0,0,0
BRDA:27,0,1,0
BRDA:48,1,0,0
BRDA:48,1,1,0
BRDA:66,2,0,0
BRDA:67,3,0,0
BRDA:67,3,1,0
BRDA:68,4,0,0
BRDA:68,4,1,0
BRF:9
BRH:0
end_of_record
TN:
SF:src/webparts/polRssGallery/components/ListLayout.tsx
FN:17,(anonymous_0)
FN:25,(anonymous_1)
FN:33,(anonymous_2)
FN:43,(anonymous_3)
FN:44,(anonymous_4)
FN:47,(anonymous_5)
FN:51,(anonymous_6)
FN:51,(anonymous_7)
FN:90,(anonymous_8)
FNF:9
FNH:0
FNDA:0,(anonymous_0)
FNDA:0,(anonymous_1)
FNDA:0,(anonymous_2)
FNDA:0,(anonymous_3)
FNDA:0,(anonymous_4)
FNDA:0,(anonymous_5)
FNDA:0,(anonymous_6)
FNDA:0,(anonymous_7)
FNDA:0,(anonymous_8)
DA:1,0
DA:2,0
DA:3,0
DA:4,0
DA:6,0
DA:17,0
DA:18,0
DA:26,0
DA:33,0
DA:41,0
DA:43,0
DA:44,0
DA:47,0
DA:48,0
DA:51,0
DA:52,0
DA:54,0
DA:91,0
DA:102,0
DA:109,0
LF:20
LH:0
BRDA:19,0,0,0
BRDA:19,0,1,0
BRDA:19,0,2,0
BRDA:19,0,3,0
BRDA:19,0,4,0
BRDA:19,0,5,0
BRDA:19,0,6,0
BRDA:26,1,0,0
BRDA:26,1,1,0
BRDA:26,1,2,0
BRDA:56,2,0,0
BRDA:56,2,1,0
BRDA:78,3,0,0
BRDA:78,3,1,0
BRDA:78,3,2,0
BRDA:83,4,0,0
BRDA:83,4,1,0
BRDA:83,4,2,0
BRDA:88,5,0,0
BRDA:88,5,1,0
BRDA:88,5,2,0
BRDA:88,5,3,0
BRF:22
BRH:0
end_of_record
TN:
SF:src/webparts/polRssGallery/components/RssFeed.tsx
FN:39,(anonymous_0)
FN:45,(anonymous_1)
FN:47,(anonymous_2)
FN:48,(anonymous_3)
FN:50,(anonymous_4)
FN:55,(anonymous_5)
FN:64,(anonymous_6)
FN:92,(anonymous_7)
FN:95,(anonymous_8)
FN:118,(anonymous_9)
FN:206,(anonymous_10)
FN:210,(anonymous_11)
FN:216,(anonymous_12)
FN:221,(anonymous_13)
FN:228,(anonymous_14)
FN:229,(anonymous_15)
FN:234,(anonymous_16)
FN:236,(anonymous_17)
FN:251,(anonymous_18)
FN:259,(anonymous_19)
FN:265,(anonymous_20)
FN:268,(anonymous_21)
FN:270,(anonymous_22)
FN:277,(anonymous_23)
FN:282,(anonymous_24)
FN:296,(anonymous_25)
FN:300,(anonymous_26)
FN:302,(anonymous_27)
FN:356,(anonymous_28)
FN:364,(anonymous_29)
FN:365,(anonymous_30)
FN:378,(anonymous_31)
FNF:32
FNH:25
FNDA:118,(anonymous_0)
FNDA:22,(anonymous_1)
FNDA:1,(anonymous_2)
FNDA:1,(anonymous_3)
FNDA:0,(anonymous_4)
FNDA:22,(anonymous_5)
FNDA:44,(anonymous_6)
FNDA:0,(anonymous_7)
FNDA:0,(anonymous_8)
FNDA:0,(anonymous_9)
FNDA:22,(anonymous_10)
FNDA:22,(anonymous_11)
FNDA:0,(anonymous_12)
FNDA:22,(anonymous_13)
FNDA:1,(anonymous_14)
FNDA:1,(anonymous_15)
FNDA:49,(anonymous_16)
FNDA:0,(anonymous_17)
FNDA:22,(anonymous_18)
FNDA:50,(anonymous_19)
FNDA:2,(anonymous_20)
FNDA:6,(anonymous_21)
FNDA:6,(anonymous_22)
FNDA:3,(anonymous_23)
FNDA:3,(anonymous_24)
FNDA:49,(anonymous_25)
FNDA:44,(anonymous_26)
FNDA:45,(anonymous_27)
FNDA:22,(anonymous_28)
FNDA:1,(anonymous_29)
FNDA:0,(anonymous_30)
FNDA:64,(anonymous_31)
DA:1,1
DA:2,1
DA:3,1
DA:4,1
DA:5,1
DA:6,1
DA:8,1
DA:10,1
DA:11,1
DA:12,1
DA:13,1
DA:14,1
DA:39,1
DA:40,118
DA:41,117
DA:42,117
DA:43,117
DA:44,117
DA:45,117
DA:47,117
DA:48,1
DA:49,1
DA:50,0
DA:55,117
DA:56,22
DA:57,22
DA:58,22
DA:60,0
DA:64,117
DA:65,44
DA:66,1
DA:67,1
DA:68,1
DA:69,1
DA:72,43
DA:73,43
DA:74,43
DA:76,43
DA:77,43
DA:79,43
DA:80,0
DA:81,0
DA:84,43
DA:85,43
DA:86,0
DA:90,43
DA:93,0
DA:94,0
DA:95,0
DA:97,0
DA:99,0
DA:100,0
DA:102,0
DA:103,0
DA:104,0
DA:105,0
DA:108,0
DA:109,0
DA:111,0
DA:112,0
DA:117,0
DA:118,0
DA:120,0
DA:121,0
DA:124,0
DA:125,0
DA:127,0
DA:128,0
DA:131,0
DA:132,0
DA:135,0
DA:136,0
DA:139,0
DA:140,0
DA:141,0
DA:143,0
DA:144,0
DA:147,0
DA:148,0
DA:151,0
DA:156,0
DA:157,0
DA:160,0
DA:161,0
DA:162,0
DA:165,0
DA:166,0
DA:167,0
DA:170,0
DA:172,0
DA:179,0
DA:185,32
DA:186,32
DA:187,0
DA:189,32
DA:190,32
DA:191,32
DA:194,9
DA:195,9
DA:196,0
DA:198,9
DA:199,9
DA:200,9
DA:204,117
DA:206,117
DA:207,22
DA:210,117
DA:213,22
DA:215,22
DA:216,0
DA:217,0
DA:221,22
DA:222,22
DA:223,0
DA:228,117
DA:229,1
DA:230,1
DA:231,1
DA:234,117
DA:235,49
DA:236,0
DA:237,0
DA:238,0
DA:239,0
DA:240,0
DA:242,0
DA:243,0
DA:244,0
DA:251,117
DA:252,22
DA:253,21
DA:254,21
DA:255,21
DA:259,117
DA:260,50
DA:262,27
DA:264,27
DA:265,2
DA:267,2
DA:268,2
DA:269,6
DA:270,6
DA:271,6
DA:276,27
DA:277,1
DA:278,3
DA:279,0
DA:282,3
DA:283,3
DA:286,3
DA:292,27
DA:296,117
DA:297,49
DA:299,26
DA:300,26
DA:301,44
DA:302,45
DA:306,26
DA:309,117
DA:310,24
DA:317,93
DA:318,29
DA:319,29
DA:321,29
DA:322,6
DA:323,6
DA:326,23
DA:327,6
DA:328,6
DA:329,17
DA:330,0
DA:331,0
DA:332,17
DA:333,0
DA:334,0
DA:335,17
DA:336,0
DA:337,0
DA:340,29
DA:354,64
DA:357,22
DA:364,1
DA:366,0
DA:367,0
DA:368,0
DA:378,64
DA:379,64
DA:380,10
DA:383,54
DA:391,54
DA:397,54
DA:399,4
DA:406,4
DA:414,46
DA:422,64
DA:435,1
LF:196
LH:123
BRDA:49,0,0,0
BRDA:49,0,1,1
BRDA:58,1,0,22
BRDA:58,1,1,22
BRDA:64,2,0,22
BRDA:65,3,0,1
BRDA:79,4,0,0
BRDA:85,5,0,0
BRDA:85,6,0,43
BRDA:85,6,1,0
BRDA:94,7,0,0
BRDA:94,7,1,0
BRDA:102,8,0,0
BRDA:104,9,0,0
BRDA:111,10,0,0
BRDA:112,11,0,0
BRDA:112,11,1,0
BRDA:117,12,0,0
BRDA:117,13,0,0
BRDA:117,13,1,0
BRDA:120,14,0,0
BRDA:127,15,0,0
BRDA:128,16,0,0
BRDA:128,16,1,0
BRDA:131,17,0,0
BRDA:135,18,0,0
BRDA:136,19,0,0
BRDA:136,19,1,0
BRDA:143,20,0,0
BRDA:147,21,0,0
BRDA:148,22,0,0
BRDA:148,22,1,0
BRDA:156,23,0,0
BRDA:156,24,0,0
BRDA:156,24,1,0
BRDA:157,25,0,0
BRDA:157,25,1,0
BRDA:157,26,0,0
BRDA:157,26,1,0
BRDA:157,27,0,0
BRDA:157,27,1,0
BRDA:157,28,0,0
BRDA:157,28,1,0
BRDA:157,29,0,0
BRDA:157,29,1,0
BRDA:157,30,0,0
BRDA:157,30,1,0
BRDA:157,31,0,0
BRDA:157,31,1,0
BRDA:161,32,0,0
BRDA:161,33,0,0
BRDA:161,33,1,0
BRDA:165,34,0,0
BRDA:185,35,0,32
BRDA:186,36,0,0
BRDA:187,37,0,0
BRDA:187,37,1,0
BRDA:187,38,0,0
BRDA:187,38,1,0
BRDA:187,39,0,0
BRDA:187,39,1,0
BRDA:194,40,0,9
BRDA:194,40,1,0
BRDA:195,41,0,0
BRDA:215,42,0,0
BRDA:215,43,0,22
BRDA:215,43,1,0
BRDA:222,44,0,0
BRDA:235,45,0,0
BRDA:235,46,0,49
BRDA:235,46,1,0
BRDA:235,46,2,0
BRDA:238,47,0,0
BRDA:242,48,0,0
BRDA:244,49,0,0
BRDA:244,49,1,0
BRDA:252,50,0,21
BRDA:260,51,0,23
BRDA:264,52,0,2
BRDA:264,53,0,27
BRDA:264,53,1,2
BRDA:267,54,0,2
BRDA:271,55,0,3
BRDA:271,55,1,3
BRDA:276,56,0,1
BRDA:276,57,0,27
BRDA:276,57,1,2
BRDA:278,58,0,0
BRDA:278,59,0,3
BRDA:278,59,1,3
BRDA:286,60,0,3
BRDA:286,60,1,0
BRDA:297,61,0,23
BRDA:301,62,0,44
BRDA:309,63,0,24
BRDA:309,64,0,117
BRDA:309,64,1,65
BRDA:309,64,2,29
BRDA:317,65,0,29
BRDA:321,66,0,6
BRDA:321,66,1,23
BRDA:323,67,0,0
BRDA:323,67,1,6
BRDA:326,68,0,6
BRDA:326,68,1,17
BRDA:329,69,0,0
BRDA:329,69,1,17
BRDA:332,70,0,0
BRDA:332,70,1,17
BRDA:332,71,0,17
BRDA:332,71,1,17
BRDA:335,72,0,0
BRDA:335,73,0,17
BRDA:335,73,1,17
BRDA:344,74,0,29
BRDA:344,74,1,12
BRDA:347,75,0,0
BRDA:347,75,1,29
BRDA:354,76,0,9
BRDA:354,76,1,55
BRDA:354,77,0,64
BRDA:354,77,1,9
BRDA:362,78,0,1
BRDA:362,78,1,21
BRDA:366,79,0,0
BRDA:366,80,0,0
BRDA:366,80,1,0
BRDA:379,81,0,10
BRDA:379,82,0,64
BRDA:379,82,1,63
BRDA:397,83,0,4
BRDA:397,83,1,4
BRDA:397,83,2,46
BRDA:397,83,3,46
BRDA:424,84,0,64
BRDA:424,84,1,60
BRF:136
BRH:60
end_of_record
TN:
SF:src/webparts/polRssGallery/components/RssFeedDebugger.tsx
FN:14,(anonymous_0)
FN:25,(anonymous_1)
FN:76,(anonymous_2)
FN:79,(anonymous_3)
FN:83,(anonymous_4)
FN:89,(anonymous_5)
FN:103,(anonymous_6)
FN:109,(anonymous_7)
FN:123,(anonymous_8)
FNF:9
FNH:0
FNDA:0,(anonymous_0)
FNDA:0,(anonymous_1)
FNDA:0,(anonymous_2)
FNDA:0,(anonymous_3)
FNDA:0,(anonymous_4)
FNDA:0,(anonymous_5)
FNDA:0,(anonymous_6)
FNDA:0,(anonymous_7)
FNDA:0,(anonymous_8)
DA:1,0
DA:2,0
DA:3,0
DA:14,0
DA:15,0
DA:16,0
DA:17,0
DA:19,0
DA:25,0
DA:26,0
DA:28,0
DA:29,0
DA:35,0
DA:36,0
DA:37,0
DA:38,0
DA:46,0
DA:50,0
DA:51,0
DA:53,0
DA:54,0
DA:55,0
DA:56,0
DA:64,0
DA:68,0
DA:76,0
DA:77,0
DA:78,0
DA:79,0
DA:80,0
DA:83,0
DA:84,0
DA:85,0
DA:87,0
DA:88,0
DA:89,0
DA:92,0
DA:95,0
DA:103,0
DA:109,0
DA:124,0
LF:41
LH:0
BRDA:35,0,0,0
BRDA:35,0,1,0
BRDA:37,1,0,0
BRDA:37,1,1,0
BRDA:53,2,0,0
BRDA:53,2,1,0
BRDA:55,3,0,0
BRDA:55,3,1,0
BRDA:71,4,0,0
BRDA:71,4,1,0
BRDA:103,5,0,0
BRDA:103,5,1,0
BRDA:108,6,0,0
BRDA:108,6,1,0
BRDA:119,7,0,0
BRDA:119,7,1,0
BRDA:130,8,0,0
BRDA:130,8,1,0
BRDA:136,9,0,0
BRDA:136,9,1,0
BRF:20
BRH:0
end_of_record
TN:
SF:src/webparts/polRssGallery/components/rssUtils.ts
FN:1,getImageSrc
FN:5,imgError
FN:13,cleanDescription
FN:23,(anonymous_3)
FN:35,resolveImageUrl
FN:44,(anonymous_5)
FN:58,findImage
FNF:7
FNH:5
FNDA:0,getImageSrc
FNDA:0,imgError
FNDA:36,cleanDescription
FNDA:28,(anonymous_3)
FNDA:6,resolveImageUrl
FNDA:18,(anonymous_5)
FNDA:59,findImage
DA:1,2
DA:2,0
DA:5,2
DA:6,0
DA:7,0
DA:8,0
DA:9,0
DA:13,2
DA:14,36
DA:16,28
DA:18,28
DA:23,28
DA:24,28
DA:25,0
DA:28,28
DA:29,0
DA:32,28
DA:35,2
DA:36,6
DA:38,6
DA:39,6
DA:41,6
DA:42,6
DA:44,6
DA:45,18
DA:48,6
DA:50,0
DA:58,2
DA:63,59
DA:68,59
DA:69,56
DA:70,56
DA:71,640
DA:73,0
DA:79,59
DA:80,3
DA:81,3
DA:82,3
DA:83,3
DA:89,56
DA:93,56
DA:95,0
DA:96,0
DA:97,0
DA:99,0
DA:100,0
DA:105,56
DA:106,56
DA:107,2
DA:108,2
DA:110,2
DA:111,2
DA:116,54
DA:119,54
DA:120,44
DA:121,44
DA:122,44
DA:123,1
DA:128,53
DA:132,53
DA:133,0
DA:134,0
DA:135,0
DA:140,53
DA:141,53
DA:142,625
DA:143,625
DA:145,625
DA:147,0
DA:148,0
DA:149,0
DA:150,0
DA:151,0
DA:156,0
DA:157,0
DA:158,0
DA:164,53
DA:165,625
DA:166,625
DA:167,625
DA:171,625
DA:177,625
DA:178,0
DA:183,53
LF:84
LH:58
BRDA:2,0,0,0
BRDA:2,0,1,0
BRDA:2,1,0,0
BRDA:2,1,1,0
BRDA:2,2,0,0
BRDA:2,2,1,0
BRDA:7,3,0,0
BRDA:9,4,0,0
BRDA:9,4,1,0
BRDA:13,5,0,36
BRDA:14,6,0,8
BRDA:24,7,0,0
BRDA:24,8,0,28
BRDA:24,8,1,0
BRDA:28,9,0,0
BRDA:36,10,0,0
BRDA:36,11,0,0
BRDA:36,11,1,6
BRDA:36,12,0,6
BRDA:36,12,1,6
BRDA:42,13,0,0
BRDA:42,14,0,6
BRDA:42,14,1,0
BRDA:42,15,0,6
BRDA:42,15,1,0
BRDA:68,16,0,56
BRDA:71,17,0,0
BRDA:71,18,0,640
BRDA:71,18,1,640
BRDA:79,19,0,3
BRDA:79,20,0,59
BRDA:79,20,1,59
BRDA:82,21,0,3
BRDA:82,22,0,3
BRDA:82,22,1,3
BRDA:95,23,0,0
BRDA:95,23,1,0
BRDA:96,24,0,0
BRDA:96,24,1,0
BRDA:99,25,0,0
BRDA:99,26,0,0
BRDA:99,26,1,0
BRDA:99,26,2,0
BRDA:99,26,3,0
BRDA:107,27,0,2
BRDA:107,27,1,0
BRDA:110,28,0,2
BRDA:110,29,0,2
BRDA:110,29,1,2
BRDA:110,29,2,2
BRDA:110,29,3,0
BRDA:116,30,0,54
BRDA:116,30,1,53
BRDA:116,30,2,50
BRDA:119,31,0,44
BRDA:120,32,0,44
BRDA:120,32,1,0
BRDA:122,33,0,1
BRDA:122,34,0,44
BRDA:122,34,1,1
BRDA:122,34,2,1
BRDA:134,35,0,0
BRDA:134,36,0,0
BRDA:134,36,1,0
BRDA:145,37,0,0
BRDA:145,38,0,625
BRDA:145,38,1,625
BRDA:150,39,0,0
BRDA:150,40,0,0
BRDA:150,40,1,0
BRDA:157,41,0,0
BRDA:157,42,0,0
BRDA:157,42,1,0
BRDA:171,43,0,625
BRDA:171,43,1,625
BRDA:171,43,2,625
BRDA:171,43,3,3
BRDA:171,43,4,3
BRDA:174,44,0,3
BRDA:174,44,1,3
BRDA:175,45,0,3
BRDA:175,45,1,0
BRDA:177,46,0,0
BRDA:177,47,0,625
BRDA:177,47,1,0
BRDA:177,47,2,0
BRF:86
BRH:42
end_of_record
TN:
SF:src/webparts/polRssGallery/services/cacheService.ts
FN:18,(anonymous_0)
FN:27,(anonymous_1)
FN:34,(anonymous_2)
FN:62,(anonymous_3)
FN:74,(anonymous_4)
FN:91,(anonymous_5)
FN:104,(anonymous_6)
FN:113,(anonymous_7)
FN:121,(anonymous_8)
FN:125,(anonymous_9)
FNF:10
FNH:0
FNDA:0,(anonymous_0)
FNDA:0,(anonymous_1)
FNDA:0,(anonymous_2)
FNDA:0,(anonymous_3)
FNDA:0,(anonymous_4)
FNDA:0,(anonymous_5)
FNDA:0,(anonymous_6)
FNDA:0,(anonymous_7)
FNDA:0,(anonymous_8)
FNDA:0,(anonymous_9)
DA:13,1
DA:19,0
DA:20,0
DA:28,0
DA:29,0
DA:31,0
DA:39,0
DA:40,0
DA:43,0
DA:44,0
DA:47,0
DA:48,0
DA:52,0
DA:53,0
DA:54,0
DA:59,0
DA:67,0
DA:68,0
DA:70,0
DA:79,0
DA:81,0
DA:87,0
DA:88,0
DA:92,0
DA:95,0
DA:96,0
DA:97,0
DA:102,0
DA:103,0
DA:104,0
DA:106,0
DA:107,0
DA:108,0
DA:114,0
DA:122,0
DA:126,0
LF:36
LH:1
BRDA:28,0,0,0
BRDA:37,1,0,0
BRDA:43,2,0,0
BRDA:47,3,0,0
BRDA:52,4,0,0
BRDA:96,5,0,0
BRDA:102,6,0,0
BRF:7
BRH:0
end_of_record
TN:
SF:src/webparts/polRssGallery/services/improvedFeedParser.ts
FN:19,(anonymous_0)
FN:79,(anonymous_1)
FN:100,(anonymous_2)
FN:133,(anonymous_3)
FN:156,(anonymous_4)
FN:179,(anonymous_5)
FN:194,(anonymous_6)
FN:223,(anonymous_7)
FN:244,(anonymous_8)
FN:307,(anonymous_9)
FN:358,(anonymous_10)
FN:368,(anonymous_11)
FN:421,(anonymous_12)
FNF:13
FNH:12
FNDA:21,(anonymous_0)
FNDA:0,(anonymous_1)
FNDA:20,(anonymous_2)
FNDA:9,(anonymous_3)
FNDA:80,(anonymous_4)
FNDA:139,(anonymous_5)
FNDA:15,(anonymous_6)
FNDA:5,(anonymous_7)
FNDA:30,(anonymous_8)
FNDA:15,(anonymous_9)
FNDA:3,(anonymous_10)
FNDA:6,(anonymous_11)
FNDA:6,(anonymous_12)
DA:2,2
DA:3,2
DA:4,2
DA:18,2
DA:20,21
DA:21,1
DA:24,20
DA:25,0
DA:28,20
DA:29,20
DA:30,20
DA:31,20
DA:32,20
DA:33,20
DA:34,20
DA:36,20
DA:38,0
DA:45,20
DA:46,2
DA:47,2
DA:50,18
DA:51,18
DA:53,18
DA:54,18
DA:55,22
DA:56,22
DA:57,4
DA:58,4
DA:60,4
DA:62,0
DA:69,18
DA:70,3
DA:72,15
DA:75,18
DA:77,0
DA:79,0
DA:81,0
DA:84,0
DA:87,18
DA:89,2
DA:91,2
DA:93,0
DA:96,2
DA:101,20
DA:103,20
DA:104,20
DA:106,20
DA:107,0
DA:108,0
DA:111,0
DA:112,0
DA:113,0
DA:115,0
DA:116,0
DA:117,0
DA:123,20
DA:125,20
DA:127,20
DA:128,2
DA:131,20
DA:133,20
DA:134,9
DA:135,0
DA:137,9
DA:140,20
DA:141,20
DA:142,0
DA:143,0
DA:145,0
DA:150,20
DA:151,0
DA:152,0
DA:155,20
DA:156,80
DA:159,20
DA:160,1
DA:162,20
DA:163,0
DA:165,20
DA:166,0
DA:168,20
DA:169,0
DA:173,20
DA:176,20
DA:180,139
DA:182,139
DA:183,139
DA:185,139
DA:186,139
DA:188,139
DA:190,0
DA:195,15
DA:197,15
DA:199,15
DA:208,15
DA:209,20
DA:210,20
DA:211,20
DA:212,14
DA:213,14
DA:217,0
DA:221,15
DA:222,1
DA:224,5
DA:230,1
DA:231,1
DA:235,15
DA:237,0
DA:240,15
DA:241,1
DA:244,15
DA:245,30
DA:246,30
DA:247,30
DA:250,30
DA:251,30
DA:255,30
DA:256,30
DA:257,30
DA:258,30
DA:259,0
DA:261,30
DA:266,30
DA:267,30
DA:271,30
DA:272,24
DA:276,30
DA:280,30
DA:281,30
DA:284,30
DA:285,30
DA:288,30
DA:289,0
DA:293,30
DA:296,30
DA:297,24
DA:298,24
DA:299,23
DA:303,30
DA:306,30
DA:307,30
DA:308,15
DA:309,15
DA:310,15
DA:315,30
DA:316,30
DA:317,30
DA:318,0
DA:322,30
DA:323,0
DA:326,0
DA:327,0
DA:331,30
DA:332,30
DA:345,0
DA:347,0
DA:352,15
DA:359,3
DA:361,3
DA:363,3
DA:365,0
DA:368,3
DA:369,6
DA:370,6
DA:371,6
DA:372,6
DA:373,6
DA:376,6
DA:377,6
DA:379,6
DA:380,6
DA:383,6
DA:384,6
DA:387,6
DA:388,6
DA:391,6
DA:392,6
DA:394,6
DA:395,6
DA:397,6
DA:399,6
DA:400,6
DA:402,6
DA:403,0
DA:406,6
DA:408,6
DA:409,6
DA:410,6
DA:411,0
DA:412,6
DA:413,6
DA:414,6
DA:415,0
DA:420,6
DA:421,6
DA:422,6
DA:423,6
DA:424,6
DA:425,6
DA:429,6
DA:431,6
DA:432,6
DA:444,0
DA:446,0
DA:451,3
LF:205
LH:163
BRDA:20,0,0,1
BRDA:24,1,0,0
BRDA:36,2,0,0
BRDA:39,3,0,0
BRDA:39,3,1,0
BRDA:45,4,0,2
BRDA:45,5,0,20
BRDA:45,5,1,2
BRDA:45,5,2,2
BRDA:46,6,0,2
BRDA:46,6,1,0
BRDA:53,7,0,18
BRDA:53,8,0,18
BRDA:53,8,1,18
BRDA:56,9,0,4
BRDA:60,10,0,0
BRDA:69,11,0,3
BRDA:69,11,1,15
BRDA:75,12,0,0
BRDA:89,13,0,2
BRDA:89,13,1,0
BRDA:91,14,0,0
BRDA:103,15,0,1
BRDA:103,15,1,19
BRDA:103,16,0,20
BRDA:103,16,1,20
BRDA:103,17,0,19
BRDA:103,17,1,1
BRDA:103,18,0,20
BRDA:103,18,1,20
BRDA:104,19,0,0
BRDA:104,19,1,20
BRDA:104,20,0,20
BRDA:104,20,1,20
BRDA:104,21,0,19
BRDA:104,21,1,1
BRDA:104,22,0,20
BRDA:104,22,1,20
BRDA:106,23,0,0
BRDA:106,24,0,20
BRDA:106,24,1,0
BRDA:107,25,0,0
BRDA:112,26,0,0
BRDA:112,26,1,0
BRDA:116,27,0,0
BRDA:127,28,0,2
BRDA:127,29,0,20
BRDA:127,29,1,20
BRDA:134,30,0,0
BRDA:141,31,0,0
BRDA:141,32,0,20
BRDA:141,32,1,20
BRDA:150,33,0,0
BRDA:150,34,0,20
BRDA:150,34,1,4
BRDA:155,35,0,20
BRDA:156,36,0,80
BRDA:156,36,1,77
BRDA:156,36,2,76
BRDA:159,37,0,1
BRDA:162,38,0,0
BRDA:165,39,0,0
BRDA:168,40,0,0
BRDA:180,41,0,0
BRDA:183,42,0,139
BRDA:183,42,1,0
BRDA:188,43,0,139
BRDA:188,43,1,0
BRDA:211,44,0,14
BRDA:221,45,0,1
BRDA:225,46,0,5
BRDA:225,46,1,3
BRDA:225,46,2,2
BRDA:225,46,3,0
BRDA:230,47,0,1
BRDA:235,48,0,0
BRDA:240,49,0,1
BRDA:240,50,0,15
BRDA:240,50,1,15
BRDA:240,50,2,15
BRDA:247,51,0,30
BRDA:247,51,1,0
BRDA:247,51,2,0
BRDA:250,52,0,30
BRDA:257,53,0,30
BRDA:258,54,0,0
BRDA:258,54,1,30
BRDA:259,55,0,0
BRDA:259,55,1,0
BRDA:267,56,0,30
BRDA:267,56,1,6
BRDA:267,56,2,6
BRDA:267,56,3,6
BRDA:271,57,0,24
BRDA:276,58,0,30
BRDA:276,58,1,8
BRDA:276,58,2,8
BRDA:276,58,3,8
BRDA:280,59,0,22
BRDA:280,59,1,8
BRDA:285,60,0,30
BRDA:285,60,1,30
BRDA:285,60,2,30
BRDA:288,61,0,0
BRDA:296,62,0,24
BRDA:298,63,0,23
BRDA:303,64,0,6
BRDA:303,64,1,24
BRDA:303,65,0,6
BRDA:303,65,1,0
BRDA:309,66,0,15
BRDA:309,67,0,15
BRDA:309,67,1,15
BRDA:317,68,0,0
BRDA:322,69,0,0
BRDA:323,70,0,0
BRDA:323,70,1,0
BRDA:323,70,2,0
BRDA:326,71,0,0
BRDA:331,72,0,30
BRDA:331,73,0,30
BRDA:331,73,1,0
BRDA:338,74,0,30
BRDA:338,74,1,30
BRDA:338,74,2,30
BRDA:339,75,0,10
BRDA:339,75,1,20
BRDA:345,76,0,0
BRDA:347,77,0,0
BRDA:347,77,1,0
BRDA:363,78,0,0
BRDA:372,79,0,6
BRDA:377,80,0,6
BRDA:377,80,1,6
BRDA:379,81,0,6
BRDA:380,82,0,6
BRDA:380,82,1,0
BRDA:384,83,0,6
BRDA:384,83,1,3
BRDA:384,83,2,0
BRDA:387,84,0,6
BRDA:392,85,0,6
BRDA:392,85,1,3
BRDA:394,86,0,6
BRDA:400,87,0,6
BRDA:400,87,1,6
BRDA:402,88,0,0
BRDA:408,89,0,6
BRDA:410,90,0,0
BRDA:410,90,1,6
BRDA:411,91,0,0
BRDA:411,91,1,0
BRDA:412,92,0,6
BRDA:414,93,0,0
BRDA:414,94,0,6
BRDA:414,94,1,0
BRDA:414,95,0,6
BRDA:414,95,1,0
BRDA:423,96,0,6
BRDA:423,96,1,6
BRDA:424,97,0,6
BRDA:424,98,0,6
BRDA:424,98,1,6
BRDA:429,99,0,0
BRDA:429,99,1,6
BRDA:429,100,0,0
BRDA:429,100,1,0
BRDA:431,101,0,6
BRDA:431,102,0,6
BRDA:431,102,1,0
BRDA:438,103,0,6
BRDA:438,103,1,6
BRDA:439,104,0,3
BRDA:439,104,1,3
BRDA:444,105,0,0
BRDA:446,106,0,0
BRDA:446,106,1,0
BRF:177
BRH:116
end_of_record
TN:
SF:src/webparts/polRssGallery/services/proxyService.ts
FN:26,(anonymous_0)
FN:30,(anonymous_1)
FN:34,(anonymous_2)
FN:40,(anonymous_3)
FN:44,(anonymous_4)
FN:50,(anonymous_5)
FN:67,(anonymous_6)
FN:75,(anonymous_7)
FN:170,(anonymous_8)
FN:198,(anonymous_9)
FN:240,(anonymous_10)
FN:307,(anonymous_11)
FN:350,(anonymous_12)
FNF:13
FNH:0
FNDA:0,(anonymous_0)
FNDA:0,(anonymous_1)
FNDA:0,(anonymous_2)
FNDA:0,(anonymous_3)
FNDA:0,(anonymous_4)
FNDA:0,(anonymous_5)
FNDA:0,(anonymous_6)
FNDA:0,(anonymous_7)
FNDA:0,(anonymous_8)
FNDA:0,(anonymous_9)
FNDA:0,(anonymous_10)
FNDA:0,(anonymous_11)
FNDA:0,(anonymous_12)
DA:1,0
DA:2,0
DA:3,0
DA:4,0
DA:12,0
DA:13,0
DA:14,0
DA:19,0
DA:20,0
DA:21,0
DA:22,0
DA:24,0
DA:27,0
DA:31,0
DA:35,0
DA:36,0
DA:41,0
DA:45,0
DA:46,0
DA:47,0
DA:48,0
DA:50,0
DA:51,0
DA:56,0
DA:60,0
DA:62,0
DA:63,0
DA:68,0
DA:69,0
DA:70,0
DA:71,0
DA:76,0
DA:77,0
DA:79,0
DA:80,0
DA:83,0
DA:84,0
DA:86,0
DA:87,0
DA:88,0
DA:91,0
DA:97,0
DA:98,0
DA:99,0
DA:100,0
DA:101,0
DA:103,0
DA:106,0
DA:107,0
DA:108,0
DA:111,0
DA:114,0
DA:115,0
DA:116,0
DA:118,0
DA:119,0
DA:120,0
DA:122,0
DA:125,0
DA:126,0
DA:128,0
DA:129,0
DA:130,0
DA:132,0
DA:135,0
DA:136,0
DA:137,0
DA:140,0
DA:144,0
DA:145,0
DA:146,0
DA:147,0
DA:148,0
DA:149,0
DA:152,0
DA:157,0
DA:158,0
DA:159,0
DA:163,0
DA:166,0
DA:169,0
DA:170,0
DA:171,0
DA:172,0
DA:177,0
DA:184,0
DA:185,0
DA:186,0
DA:189,0
DA:193,0
DA:194,0
DA:195,0
DA:199,0
DA:200,0
DA:202,0
DA:203,0
DA:205,0
DA:206,0
DA:209,0
DA:210,0
DA:211,0
DA:215,0
DA:216,0
DA:218,0
DA:221,0
DA:222,0
DA:223,0
DA:225,0
DA:228,0
DA:229,0
DA:230,0
DA:232,0
DA:233,0
DA:237,0
DA:245,0
DA:247,0
DA:253,0
DA:254,0
DA:256,0
DA:257,0
DA:258,0
DA:259,0
DA:260,0
DA:262,0
DA:263,0
DA:264,0
DA:265,0
DA:268,0
DA:269,0
DA:270,0
DA:271,0
DA:272,0
DA:274,0
DA:282,0
DA:288,0
DA:289,0
DA:290,0
DA:292,0
DA:295,0
DA:296,0
DA:299,0
DA:301,0
DA:302,0
DA:303,0
DA:307,0
DA:310,0
DA:311,0
DA:312,0
DA:315,0
DA:316,0
DA:318,0
DA:319,0
DA:322,0
DA:323,0
DA:324,0
DA:326,0
DA:327,0
DA:330,0
DA:331,0
DA:336,0
DA:337,0
DA:340,0
DA:344,0
DA:347,0
DA:351,0
DA:352,0
DA:355,0
DA:356,0
DA:357,0
DA:359,0
DA:360,0
DA:361,0
DA:364,0
DA:370,0
DA:372,0
DA:373,0
DA:376,0
DA:378,0
DA:379,0
DA:382,0
DA:383,0
DA:386,0
LF:182
LH:0
BRDA:35,0,0,0
BRDA:47,1,0,0
BRDA:47,1,1,0
BRDA:51,2,0,0
BRDA:51,3,0,0
BRDA:51,3,1,0
BRDA:51,3,2,0
BRDA:51,3,3,0
BRDA:68,4,0,0
BRDA:69,5,0,0
BRDA:69,5,1,0
BRDA:75,6,0,0
BRDA:79,7,0,0
BRDA:84,8,0,0
BRDA:84,8,1,0
BRDA:86,9,0,0
BRDA:99,10,0,0
BRDA:100,11,0,0
BRDA:106,12,0,0
BRDA:118,13,0,0
BRDA:119,14,0,0
BRDA:128,15,0,0
BRDA:129,16,0,0
BRDA:135,17,0,0
BRDA:144,18,0,0
BRDA:147,19,0,0
BRDA:153,20,0,0
BRDA:153,20,1,0
BRDA:157,21,0,0
BRDA:158,22,0,0
BRDA:169,23,0,0
BRDA:171,24,0,0
BRDA:184,25,0,0
BRDA:205,26,0,0
BRDA:210,27,0,0
BRDA:221,28,0,0
BRDA:222,29,0,0
BRDA:232,30,0,0
BRDA:242,31,0,0
BRDA:243,32,0,0
BRDA:258,33,0,0
BRDA:258,33,1,0
BRDA:262,34,0,0
BRDA:265,35,0,0
BRDA:265,35,1,0
BRDA:268,36,0,0
BRDA:269,37,0,0
BRDA:269,37,1,0
BRDA:271,38,0,0
BRDA:271,38,1,0
BRDA:288,39,0,0
BRDA:289,40,0,0
BRDA:295,41,0,0
BRDA:299,42,0,0
BRDA:299,42,1,0
BRDA:301,43,0,0
BRDA:301,43,1,0
BRDA:302,44,0,0
BRDA:311,45,0,0
BRDA:316,46,0,0
BRDA:316,46,1,0
BRDA:318,47,0,0
BRDA:326,48,0,0
BRDA:336,49,0,0
BRDA:340,50,0,0
BRDA:340,50,1,0
BRDA:344,51,0,0
BRDA:344,51,1,0
BRDA:347,52,0,0
BRDA:347,52,1,0
BRDA:350,53,0,0
BRDA:351,54,0,0
BRDA:357,55,0,0
BRDA:357,55,1,0
BRDA:359,56,0,0
BRDA:372,57,0,0
BRDA:378,58,0,0
BRDA:379,59,0,0
BRDA:379,59,1,0
BRDA:382,60,0,0
BRF:80
BRH:0
end_of_record
TN:
SF:src/webparts/polRssGallery/services/rssSpecialFeedsHandler.ts
FN:9,(anonymous_0)
FN:28,(anonymous_1)
FN:46,(anonymous_2)
FN:55,(anonymous_3)
FN:83,(anonymous_4)
FN:97,(anonymous_5)
FN:124,(anonymous_6)
FN:148,(anonymous_7)
FN:206,(anonymous_8)
FN:215,(anonymous_9)
FNF:10
FNH:1
FNDA:0,(anonymous_0)
FNDA:0,(anonymous_1)
FNDA:49,(anonymous_2)
FNDA:0,(anonymous_3)
FNDA:0,(anonymous_4)
FNDA:0,(anonymous_5)
FNDA:0,(anonymous_6)
FNDA:0,(anonymous_7)
FNDA:0,(anonymous_8)
FNDA:0,(anonymous_9)
DA:5,1
DA:10,0
DA:11,0
DA:14,0
DA:15,0
DA:19,0
DA:23,0
DA:27,0
DA:28,0
DA:29,0
DA:32,0
DA:36,0
DA:38,0
DA:47,49
DA:56,0
DA:57,0
DA:58,0
DA:61,0
DA:62,0
DA:66,0
DA:69,0
DA:74,0
DA:75,0
DA:76,0
DA:77,0
DA:78,0
DA:82,0
DA:83,0
DA:84,0
DA:87,0
DA:88,0
DA:93,0
DA:94,0
DA:96,0
DA:97,0
DA:99,0
DA:106,0
DA:108,0
DA:109,0
DA:112,0
DA:117,0
DA:121,0
DA:123,0
DA:124,0
DA:126,0
DA:132,0
DA:133,0
DA:135,0
DA:137,0
DA:149,0
DA:154,0
DA:155,0
DA:158,0
DA:161,0
DA:165,0
DA:166,0
DA:167,0
DA:168,0
DA:169,0
DA:173,0
DA:174,0
DA:175,0
DA:179,0
DA:180,0
DA:181,0
DA:182,0
DA:183,0
DA:184,0
DA:189,0
DA:197,0
DA:198,0
DA:208,0
DA:222,0
DA:223,0
DA:232,0
DA:233,0
DA:242,0
LF:77
LH:2
BRDA:14,0,0,0
BRDA:14,1,0,0
BRDA:14,1,1,0
BRDA:19,2,0,0
BRDA:19,3,0,0
BRDA:19,3,1,0
BRDA:19,3,2,0
BRDA:19,3,3,0
BRDA:29,4,0,0
BRDA:29,5,0,0
BRDA:29,5,1,0
BRDA:29,5,2,0
BRDA:47,6,0,49
BRDA:47,6,1,49
BRDA:61,7,0,0
BRDA:66,8,0,0
BRDA:66,8,1,0
BRDA:69,9,0,0
BRDA:69,9,1,0
BRDA:69,9,2,0
BRDA:74,10,0,0
BRDA:74,10,1,0
BRDA:77,11,0,0
BRDA:84,12,0,0
BRDA:84,13,0,0
BRDA:84,13,1,0
BRDA:84,13,2,0
BRDA:93,14,0,0
BRDA:93,15,0,0
BRDA:93,15,1,0
BRDA:108,16,0,0
BRDA:158,17,0,0
BRDA:158,17,1,0
BRDA:161,18,0,0
BRDA:161,18,1,0
BRDA:165,19,0,0
BRDA:165,19,1,0
BRDA:168,20,0,0
BRDA:174,21,0,0
BRDA:179,22,0,0
BRDA:183,23,0,0
BRDA:222,24,0,0
BRDA:232,25,0,0
BRF:43
BRH:2
end_of_record
TN:
SF:src/webparts/polRssGallery/utils/rssDebugUtils.ts
FN:14,(anonymous_0)
FN:21,(anonymous_1)
FN:29,(anonymous_2)
FN:41,(anonymous_3)
FN:52,(anonymous_4)
FN:64,(anonymous_5)
FN:99,(anonymous_6)
FN:121,(anonymous_7)
FN:132,(anonymous_8)
FN:135,(anonymous_9)
FN:142,(anonymous_10)
FN:146,(anonymous_11)
FN:176,(anonymous_12)
FN:190,(anonymous_13)
FN:199,(anonymous_14)
FN:224,(anonymous_15)
FN:266,(anonymous_16)
FN:288,(anonymous_17)
FNF:18
FNH:1
FNDA:0,(anonymous_0)
FNDA:62,(anonymous_1)
FNDA:0,(anonymous_2)
FNDA:0,(anonymous_3)
FNDA:0,(anonymous_4)
FNDA:0,(anonymous_5)
FNDA:0,(anonymous_6)
FNDA:0,(anonymous_7)
FNDA:0,(anonymous_8)
FNDA:0,(anonymous_9)
FNDA:0,(anonymous_10)
FNDA:0,(anonymous_11)
FNDA:0,(anonymous_12)
FNDA:0,(anonymous_13)
FNDA:0,(anonymous_14)
FNDA:0,(anonymous_15)
FNDA:0,(anonymous_16)
FNDA:0,(anonymous_17)
DA:7,2
DA:8,2
DA:15,0
DA:22,62
DA:30,0
DA:33,0
DA:42,0
DA:44,0
DA:53,0
DA:54,0
DA:65,0
DA:67,0
DA:69,0
DA:70,0
DA:73,0
DA:74,0
DA:75,0
DA:78,0
DA:81,0
DA:82,0
DA:83,0
DA:84,0
DA:86,0
DA:90,0
DA:91,0
DA:92,0
DA:93,0
DA:94,0
DA:95,0
DA:99,0
DA:100,0
DA:103,0
DA:104,0
DA:109,0
DA:111,0
DA:114,0
DA:122,0
DA:124,0
DA:126,0
DA:128,0
DA:131,0
DA:132,0
DA:134,0
DA:135,0
DA:136,0
DA:137,0
DA:141,0
DA:142,0
DA:145,0
DA:146,0
DA:147,0
DA:148,0
DA:149,0
DA:150,0
DA:152,0
DA:156,0
DA:157,0
DA:159,0
DA:160,0
DA:161,0
DA:162,0
DA:169,0
DA:174,0
DA:175,0
DA:176,0
DA:179,0
DA:181,0
DA:191,0
DA:192,0
DA:195,0
DA:196,0
DA:199,0
DA:200,0
DA:202,0
DA:203,0
DA:206,0
DA:207,0
DA:209,0
DA:210,0
DA:211,0
DA:212,0
DA:213,0
DA:214,0
DA:217,0
DA:225,0
DA:227,0
DA:228,0
DA:243,0
DA:245,0
DA:246,0
DA:247,0
DA:254,0
DA:255,0
DA:256,0
DA:266,0
DA:267,0
DA:270,0
DA:271,0
DA:272,0
DA:278,0
DA:279,0
DA:280,0
DA:281,0
DA:289,0
DA:291,0
DA:292,0
DA:294,0
DA:295,0
DA:301,0
DA:302,0
DA:304,0
DA:305,0
LF:112
LH:3
BRDA:30,0,0,0
BRDA:42,1,0,0
BRDA:53,2,0,0
BRDA:64,3,0,0
BRDA:64,4,0,0
BRDA:69,5,0,0
BRDA:69,5,1,0
BRDA:81,6,0,0
BRDA:81,7,0,0
BRDA:81,7,1,0
BRDA:83,8,0,0
BRDA:90,9,0,0
BRDA:92,10,0,0
BRDA:103,11,0,0
BRDA:111,12,0,0
BRDA:111,12,1,0
BRDA:122,13,0,0
BRDA:137,14,0,0
BRDA:137,14,1,0
BRDA:137,15,0,0
BRDA:137,15,1,0
BRDA:137,16,0,0
BRDA:137,16,1,0
BRDA:142,17,0,0
BRDA:142,17,1,0
BRDA:162,18,0,0
BRDA:162,19,0,0
BRDA:162,19,1,0
BRDA:162,19,2,0
BRDA:162,19,3,0
BRDA:162,19,4,0
BRDA:162,19,5,0
BRDA:174,20,0,0
BRDA:181,21,0,0
BRDA:181,21,1,0
BRDA:191,22,0,0
BRDA:191,23,0,0
BRDA:191,23,1,0
BRDA:213,24,0,0
BRDA:213,24,1,0
BRDA:214,25,0,0
BRDA:214,25,1,0
BRDA:225,26,0,0
BRDA:289,27,0,0
BRDA:292,28,0,0
BRF:45
BRH:0
end_of_record
