TN:
SF:src/webparts/polRssGallery/RssFeedWebPart.ts
FN:51,(anonymous_0)
FN:58,(anonymous_1)
FN:58,(anonymous_2)
FN:66,(anonymous_3)
FN:71,(anonymous_4)
FN:123,(anonymous_5)
FN:128,(anonymous_6)
FN:143,(anonymous_7)
FN:161,(anonymous_8)
FN:178,(anonymous_9)
FN:342,(anonymous_10)
FNF:11
FNH:0
FNDA:0,(anonymous_0)
FNDA:0,(anonymous_1)
FNDA:0,(anonymous_2)
FNDA:0,(anonymous_3)
FNDA:0,(anonymous_4)
FNDA:0,(anonymous_5)
FNDA:0,(anonymous_6)
FNDA:0,(anonymous_7)
FNDA:0,(anonymous_8)
FNDA:0,(anonymous_9)
FNDA:0,(anonymous_10)
DA:1,0
DA:2,0
DA:3,0
DA:12,0
DA:13,0
DA:14,0
DA:15,0
DA:17,0
DA:47,0
DA:53,0
DA:54,0
DA:55,0
DA:58,0
DA:59,0
DA:60,0
DA:63,0
DA:67,0
DA:68,0
DA:91,0
DA:94,0
DA:96,0
DA:120,0
DA:124,0
DA:125,0
DA:130,0
DA:131,0
DA:135,0
DA:136,0
DA:137,0
DA:140,0
DA:145,0
DA:162,0
DA:163,0
DA:164,0
DA:179,0
DA:180,0
DA:181,0
DA:238,0
DA:239,0
DA:265,0
DA:266,0
DA:311,0
DA:343,0
DA:344,0
DA:345,0
DA:351,0
LF:46
LH:0
BRDA:111,0,0,0
BRDA:111,0,1,0
BRDA:114,1,0,0
BRDA:114,1,1,0
BRDA:115,2,0,0
BRDA:115,2,1,0
BRDA:116,3,0,0
BRDA:116,3,1,0
BRDA:117,4,0,0
BRDA:117,4,1,0
BRDA:130,5,0,0
BRDA:130,6,0,0
BRDA:130,6,1,0
BRDA:136,7,0,0
BRDA:136,8,0,0
BRDA:136,8,1,0
BRDA:159,9,0,0
BRDA:159,9,1,0
BRDA:170,10,0,0
BRDA:170,10,1,0
BRDA:197,11,0,0
BRDA:197,11,1,0
BRDA:231,12,0,0
BRDA:231,12,1,0
BRDA:238,13,0,0
BRDA:265,14,0,0
BRDA:278,15,0,0
BRDA:278,15,1,0
BRDA:295,16,0,0
BRDA:295,16,1,0
BRDA:304,17,0,0
BRDA:304,17,1,0
BRDA:325,18,0,0
BRDA:325,18,1,0
BRDA:333,19,0,0
BRDA:333,19,1,0
BRF:36
BRH:0
end_of_record
TN:
SF:src/webparts/polRssGallery/components/ErrorBoundary.tsx
FN:65,(anonymous_0)
FN:160,(anonymous_1)
FN:163,(anonymous_2)
FN:173,(anonymous_3)
FN:180,(anonymous_4)
FN:193,(anonymous_5)
FN:78,(anonymous_6)
FN:88,(anonymous_7)
FN:111,(anonymous_8)
FN:115,(anonymous_9)
FN:126,(anonymous_10)
FN:140,(anonymous_11)
FN:141,(anonymous_12)
FN:155,(anonymous_13)
FN:220,(anonymous_14)
FN:232,(anonymous_15)
FN:274,(anonymous_16)
FN:278,(anonymous_17)
FN:314,(anonymous_18)
FN:342,(anonymous_19)
FNF:20
FNH:17
FNDA:42,(anonymous_0)
FNDA:2,(anonymous_1)
FNDA:2,(anonymous_2)
FNDA:0,(anonymous_3)
FNDA:0,(anonymous_4)
FNDA:2,(anonymous_5)
FNDA:29,(anonymous_6)
FNDA:29,(anonymous_7)
FNDA:41,(anonymous_8)
FNDA:43,(anonymous_9)
FNDA:3,(anonymous_10)
FNDA:1,(anonymous_11)
FNDA:1,(anonymous_12)
FNDA:0,(anonymous_13)
FNDA:31,(anonymous_14)
FNDA:31,(anonymous_15)
FNDA:35,(anonymous_16)
FNDA:2,(anonymous_17)
FNDA:31,(anonymous_18)
FNDA:86,(anonymous_19)
DA:1,2
DA:2,2
DA:3,2
DA:4,2
DA:48,2
DA:65,2
DA:66,41
DA:67,41
DA:69,41
DA:80,29
DA:82,29
DA:89,29
DA:92,29
DA:101,29
DA:102,6
DA:106,29
DA:107,3
DA:112,41
DA:116,43
DA:117,3
DA:118,3
DA:120,43
DA:121,3
DA:122,3
DA:127,3
DA:128,3
DA:130,3
DA:131,0
DA:134,3
DA:137,3
DA:140,3
DA:141,1
DA:142,1
DA:143,1
DA:144,0
DA:145,0
DA:146,0
DA:148,0
DA:150,1
DA:155,3
DA:156,0
DA:160,41
DA:161,2
DA:163,2
DA:173,2
DA:174,0
DA:180,41
DA:181,0
DA:183,0
DA:193,41
DA:194,2
DA:195,2
DA:197,2
DA:200,2
DA:203,1
DA:204,1
DA:207,0
DA:208,0
DA:210,0
DA:211,0
DA:214,1
DA:215,1
DA:221,31
DA:222,31
DA:224,14
DA:226,1
DA:228,16
DA:233,31
DA:235,31
DA:236,0
DA:239,31
DA:240,31
DA:241,31
DA:243,31
DA:275,35
DA:278,2
DA:316,31
DA:325,19
DA:327,0
DA:333,2
DA:336,0
DA:338,10
DA:343,86
DA:344,86
DA:346,86
DA:347,33
DA:352,53
DA:356,2
LF:88
LH:72
BRDA:197,0,0,0
BRDA:200,1,0,1
BRDA:200,1,1,1
BRDA:200,1,2,0
BRDA:200,1,3,1
BRDA:207,2,0,0
BRDA:214,3,0,1
BRDA:80,4,0,0
BRDA:80,4,1,29
BRDA:89,5,0,0
BRDA:89,5,1,29
BRDA:101,6,0,6
BRDA:106,7,0,3
BRDA:106,8,0,29
BRDA:106,8,1,4
BRDA:116,9,0,3
BRDA:120,10,0,3
BRDA:130,11,0,0
BRDA:142,12,0,1
BRDA:142,12,1,0
BRDA:142,13,0,1
BRDA:142,13,1,1
BRDA:143,14,0,0
BRDA:144,15,0,0
BRDA:222,16,0,14
BRDA:222,16,1,1
BRDA:222,16,2,16
BRDA:235,17,0,0
BRDA:241,18,0,31
BRDA:241,18,1,24
BRDA:258,19,0,31
BRDA:258,19,1,4
BRDA:265,20,0,31
BRDA:265,20,1,0
BRDA:274,21,0,0
BRDA:274,21,1,31
BRDA:274,22,0,31
BRDA:274,22,1,31
BRDA:277,23,0,30
BRDA:277,23,1,5
BRDA:279,24,0,35
BRDA:279,24,1,35
BRDA:279,24,2,28
BRDA:281,25,0,35
BRDA:281,25,1,35
BRDA:290,26,0,31
BRDA:290,26,1,0
BRDA:297,27,0,31
BRDA:297,27,1,31
BRDA:297,28,0,0
BRDA:297,28,1,31
BRDA:297,29,0,31
BRDA:297,29,1,31
BRDA:301,30,0,31
BRDA:301,30,1,0
BRDA:316,31,0,4
BRDA:316,31,1,4
BRDA:316,31,2,18
BRDA:316,31,3,18
BRDA:316,31,4,18
BRDA:316,31,5,18
BRDA:316,31,6,19
BRDA:316,31,7,19
BRDA:316,31,8,0
BRDA:316,31,9,2
BRDA:316,31,10,2
BRDA:316,31,11,2
BRDA:316,31,12,2
BRDA:316,31,13,2
BRDA:316,31,14,0
BRDA:316,31,15,0
BRDA:316,31,16,10
BRDA:346,32,0,33
BRDA:346,33,0,86
BRDA:346,33,1,33
BRDA:346,33,2,33
BRDA:347,34,0,2
BRDA:347,34,1,31
BRF:78
BRH:60
end_of_record
TN:
SF:src/webparts/polRssGallery/components/ErrorDisplay.tsx
FN:57,(anonymous_0)
FN:70,(anonymous_1)
FN:82,(anonymous_2)
FN:108,(anonymous_3)
FN:122,(anonymous_4)
FN:160,(anonymous_5)
FN:164,(anonymous_6)
FNF:7
FNH:0
FNDA:0,(anonymous_0)
FNDA:0,(anonymous_1)
FNDA:0,(anonymous_2)
FNDA:0,(anonymous_3)
FNDA:0,(anonymous_4)
FNDA:0,(anonymous_5)
FNDA:0,(anonymous_6)
DA:1,0
DA:2,0
DA:3,0
DA:4,0
DA:36,0
DA:57,0
DA:66,0
DA:67,0
DA:68,0
DA:70,0
DA:71,0
DA:72,0
DA:74,0
DA:76,0
DA:78,0
DA:82,0
DA:83,0
DA:93,0
DA:99,0
DA:102,0
DA:104,0
DA:108,0
DA:109,0
DA:110,0
DA:114,0
DA:115,0
DA:122,0
DA:132,0
DA:161,0
DA:164,0
DA:199,0
LF:31
LH:0
BRDA:59,0,0,0
BRDA:60,1,0,0
BRDA:61,2,0,0
BRDA:63,3,0,0
BRDA:64,4,0,0
BRDA:68,5,0,0
BRDA:68,5,1,0
BRDA:72,6,0,0
BRDA:72,6,1,0
BRDA:72,6,2,0
BRDA:83,7,0,0
BRDA:83,7,1,0
BRDA:83,7,2,0
BRDA:83,7,3,0
BRDA:83,7,4,0
BRDA:83,7,5,0
BRDA:83,7,6,0
BRDA:83,7,7,0
BRDA:83,7,8,0
BRDA:83,7,9,0
BRDA:83,7,10,0
BRDA:83,7,11,0
BRDA:83,7,12,0
BRDA:83,7,13,0
BRDA:83,7,14,0
BRDA:83,7,15,0
BRDA:83,7,16,0
BRDA:109,8,0,0
BRDA:114,9,0,0
BRDA:119,10,0,0
BRDA:119,10,1,0
BRDA:119,10,2,0
BRDA:143,11,0,0
BRDA:143,11,1,0
BRDA:150,12,0,0
BRDA:150,12,1,0
BRDA:158,13,0,0
BRDA:158,13,1,0
BRDA:158,13,2,0
BRDA:163,14,0,0
BRDA:163,14,1,0
BRDA:165,15,0,0
BRDA:165,15,1,0
BRDA:165,15,2,0
BRDA:167,16,0,0
BRDA:167,16,1,0
BRDA:177,17,0,0
BRDA:177,17,1,0
BRDA:177,17,2,0
BRDA:184,18,0,0
BRDA:184,18,1,0
BRDA:184,18,2,0
BRDA:184,19,0,0
BRDA:184,19,1,0
BRDA:184,20,0,0
BRDA:184,20,1,0
BRDA:188,21,0,0
BRDA:188,21,1,0
BRF:58
BRH:0
end_of_record
TN:
SF:src/webparts/polRssGallery/components/FallbackContent.tsx
FN:39,(anonymous_0)
FN:48,(anonymous_1)
FN:137,(anonymous_2)
FN:140,(anonymous_3)
FNF:4
FNH:0
FNDA:0,(anonymous_0)
FNDA:0,(anonymous_1)
FNDA:0,(anonymous_2)
FNDA:0,(anonymous_3)
DA:1,0
DA:2,0
DA:3,0
DA:39,0
DA:48,0
DA:49,0
DA:50,0
DA:51,0
DA:52,0
DA:53,0
DA:55,0
DA:56,0
DA:57,0
DA:58,0
DA:62,0
DA:63,0
DA:72,0
DA:73,0
DA:93,0
DA:94,0
DA:109,0
DA:110,0
DA:131,0
DA:137,0
DA:138,0
DA:141,0
DA:154,0
LF:27
LH:0
BRDA:43,0,0,0
BRDA:46,1,0,0
BRDA:55,2,0,0
BRDA:56,3,0,0
BRDA:56,4,0,0
BRDA:56,4,1,0
BRDA:57,5,0,0
BRDA:57,6,0,0
BRDA:57,6,1,0
BRDA:58,7,0,0
BRDA:58,7,1,0
BRDA:62,8,0,0
BRDA:72,9,0,0
BRDA:72,10,0,0
BRDA:72,10,1,0
BRDA:72,10,2,0
BRDA:78,11,0,0
BRDA:78,11,1,0
BRDA:79,12,0,0
BRDA:79,12,1,0
BRDA:81,13,0,0
BRDA:81,13,1,0
BRDA:93,14,0,0
BRDA:99,15,0,0
BRDA:99,15,1,0
BRDA:109,16,0,0
BRDA:109,17,0,0
BRDA:109,17,1,0
BRDA:114,18,0,0
BRDA:114,18,1,0
BRDA:117,19,0,0
BRDA:117,19,1,0
BRDA:137,20,0,0
BRF:33
BRH:0
end_of_record
TN:
SF:src/webparts/polRssGallery/components/FeedValidator.tsx
FN:72,validateUrlFormat
FN:117,(anonymous_1)
FN:142,(anonymous_2)
FN:162,(anonymous_3)
FN:174,(anonymous_4)
FN:181,(anonymous_5)
FN:182,(anonymous_6)
FN:195,(anonymous_7)
FN:217,(anonymous_8)
FN:273,(anonymous_9)
FN:294,(anonymous_10)
FN:320,(anonymous_11)
FN:326,(anonymous_12)
FN:335,(anonymous_13)
FN:342,(anonymous_14)
FN:356,(anonymous_15)
FN:369,(anonymous_16)
FN:389,(anonymous_17)
FN:462,(anonymous_18)
FN:489,useFeedUrlValidation
FN:499,(anonymous_20)
FNF:21
FNH:19
FNDA:97,validateUrlFormat
FNDA:102,(anonymous_1)
FNDA:66,(anonymous_2)
FNDA:26,(anonymous_3)
FNDA:45,(anonymous_4)
FNDA:26,(anonymous_5)
FNDA:26,(anonymous_6)
FNDA:16,(anonymous_7)
FNDA:10,(anonymous_8)
FNDA:0,(anonymous_9)
FNDA:0,(anonymous_10)
FNDA:2,(anonymous_11)
FNDA:1,(anonymous_12)
FNDA:9,(anonymous_13)
FNDA:7,(anonymous_14)
FNDA:19,(anonymous_15)
FNDA:19,(anonymous_16)
FNDA:16,(anonymous_17)
FNDA:2,(anonymous_18)
FNDA:74,useFeedUrlValidation
FNDA:37,(anonymous_20)
DA:7,1
DA:8,1
DA:9,1
DA:15,1
DA:16,1
DA:72,1
DA:73,97
DA:74,5
DA:81,92
DA:84,92
DA:85,37
DA:93,55
DA:94,55
DA:97,53
DA:98,53
DA:99,8
DA:107,45
DA:108,1
DA:115,44
DA:116,44
DA:117,102
DA:119,44
DA:120,10
DA:126,34
DA:128,2
DA:142,1
DA:155,66
DA:156,66
DA:157,66
DA:158,66
DA:159,66
DA:162,66
DA:163,26
DA:164,19
DA:165,19
DA:166,19
DA:168,7
DA:169,7
DA:174,66
DA:175,45
DA:176,3
DA:181,66
DA:182,26
DA:183,26
DA:184,1
DA:186,26
DA:187,10
DA:195,66
DA:196,16
DA:199,16
DA:200,0
DA:204,16
DA:205,16
DA:206,16
DA:209,16
DA:210,0
DA:217,66
DA:218,10
DA:219,10
DA:220,0
DA:224,10
DA:225,0
DA:228,10
DA:229,10
DA:231,10
DA:233,10
DA:235,10
DA:239,10
DA:241,10
DA:242,10
DA:245,3
DA:246,2
DA:247,2
DA:248,2
DA:250,1
DA:254,9
DA:256,8
DA:257,1
DA:261,1
DA:262,1
DA:265,7
DA:267,7
DA:270,7
DA:272,7
DA:273,0
DA:274,0
DA:280,0
DA:281,0
DA:285,7
DA:287,7
DA:289,7
DA:290,7
DA:291,2
DA:293,7
DA:294,0
DA:297,7
DA:305,1
DA:307,1
DA:313,1
DA:320,66
DA:321,2
DA:323,1
DA:324,0
DA:326,1
DA:327,1
DA:335,66
DA:336,9
DA:342,66
DA:343,7
DA:349,7
DA:350,7
DA:356,66
DA:357,19
DA:358,10
DA:359,5
DA:360,2
DA:361,2
DA:362,0
DA:369,66
DA:370,19
DA:371,5
DA:372,2
DA:373,2
DA:374,10
DA:378,66
DA:389,16
DA:463,2
DA:489,1
DA:496,74
DA:497,74
DA:499,74
DA:500,37
DA:503,74
DA:512,1
LF:134
LH:123
BRDA:73,0,0,5
BRDA:73,1,0,97
BRDA:73,1,1,93
BRDA:84,2,0,37
BRDA:84,3,0,92
BRDA:84,3,1,90
BRDA:97,4,0,53
BRDA:97,4,1,52
BRDA:98,5,0,8
BRDA:98,6,0,53
BRDA:98,6,1,53
BRDA:98,6,2,52
BRDA:107,7,0,1
BRDA:119,8,0,10
BRDA:119,9,0,44
BRDA:119,9,1,10
BRDA:148,10,0,62
BRDA:149,11,0,63
BRDA:150,12,0,66
BRDA:151,13,0,64
BRDA:152,14,0,57
BRDA:153,15,0,65
BRDA:163,16,0,19
BRDA:163,16,1,7
BRDA:165,17,0,15
BRDA:165,17,1,4
BRDA:165,18,0,4
BRDA:165,18,1,0
BRDA:166,19,0,19
BRDA:166,19,1,14
BRDA:175,20,0,3
BRDA:183,21,0,1
BRDA:186,22,0,10
BRDA:199,23,0,0
BRDA:205,24,0,0
BRDA:205,24,1,16
BRDA:205,25,0,16
BRDA:205,25,1,0
BRDA:206,26,0,16
BRDA:206,26,1,0
BRDA:209,27,0,0
BRDA:219,28,0,0
BRDA:224,29,0,0
BRDA:235,30,0,10
BRDA:235,30,1,0
BRDA:245,31,0,2
BRDA:245,31,1,1
BRDA:254,32,0,1
BRDA:256,33,0,1
BRDA:267,34,0,0
BRDA:272,35,0,0
BRDA:275,36,0,0
BRDA:275,36,1,0
BRDA:287,37,0,0
BRDA:290,38,0,2
BRDA:293,39,0,0
BRDA:298,40,0,2
BRDA:298,40,1,5
BRDA:299,41,0,0
BRDA:299,41,1,7
BRDA:299,42,0,7
BRDA:299,42,1,7
BRDA:302,43,0,2
BRDA:302,43,1,5
BRDA:305,44,0,0
BRDA:307,45,0,1
BRDA:307,45,1,0
BRDA:321,46,0,1
BRDA:321,47,0,2
BRDA:321,47,1,1
BRDA:321,47,2,1
BRDA:323,48,0,0
BRDA:349,49,0,7
BRDA:349,49,1,0
BRDA:350,50,0,7
BRDA:350,50,1,0
BRDA:357,51,0,10
BRDA:357,51,1,5
BRDA:357,51,2,2
BRDA:357,51,3,2
BRDA:357,51,4,0
BRDA:370,52,0,5
BRDA:370,52,1,2
BRDA:370,52,2,2
BRDA:370,52,3,10
BRDA:393,53,0,20
BRDA:393,53,1,46
BRDA:395,54,0,20
BRDA:395,54,1,46
BRDA:401,55,0,66
BRDA:401,55,1,65
BRDA:401,55,2,43
BRDA:401,55,3,39
BRDA:411,56,0,66
BRDA:411,56,1,20
BRDA:419,57,0,66
BRDA:419,57,1,21
BRDA:419,57,2,1
BRDA:427,58,0,66
BRDA:427,58,1,19
BRDA:431,59,0,19
BRDA:431,59,1,10
BRDA:435,60,0,19
BRDA:435,60,1,5
BRDA:438,61,0,5
BRDA:438,61,1,5
BRDA:438,61,2,5
BRDA:441,62,0,5
BRDA:441,62,1,5
BRDA:449,63,0,19
BRDA:449,63,1,2
BRDA:452,64,0,2
BRDA:452,64,1,2
BRDA:452,64,2,2
BRDA:455,65,0,2
BRDA:455,65,1,2
BRDA:460,66,0,2
BRDA:460,66,1,2
BRDA:470,67,0,19
BRDA:470,67,1,2
BRDA:470,67,2,2
BRDA:473,68,0,2
BRDA:473,68,1,2
BRDA:473,68,2,2
BRDA:489,69,0,0
BRDA:507,70,0,74
BRDA:507,70,1,22
BRDA:508,71,0,74
BRDA:508,71,1,6
BRF:129
BRH:106
end_of_record
TN:
SF:src/webparts/polRssGallery/components/OfflineBanner.tsx
FN:22,(anonymous_0)
FN:31,(anonymous_1)
FNF:2
FNH:0
FNDA:0,(anonymous_0)
FNDA:0,(anonymous_1)
DA:1,0
DA:2,0
DA:22,0
DA:27,0
DA:28,0
DA:31,0
DA:32,0
DA:33,0
DA:34,0
DA:35,0
DA:36,0
DA:38,0
DA:39,0
DA:40,0
DA:41,0
DA:44,0
DA:63,0
LF:17
LH:0
BRDA:24,0,0,0
BRDA:27,1,0,0
BRDA:38,2,0,0
BRDA:39,3,0,0
BRDA:39,4,0,0
BRDA:39,4,1,0
BRDA:40,5,0,0
BRDA:40,6,0,0
BRDA:40,6,1,0
BRDA:41,7,0,0
BRDA:41,7,1,0
BRDA:49,8,0,0
BRDA:49,8,1,0
BRDA:49,8,2,0
BRDA:52,9,0,0
BRDA:52,9,1,0
BRDA:52,9,2,0
BRDA:55,10,0,0
BRDA:55,10,1,0
BRF:19
BRH:0
end_of_record
TN:
SF:src/webparts/polRssGallery/components/ResponsiveGrid.tsx
FN:82,(anonymous_0)
FN:97,(anonymous_1)
FN:165,(anonymous_2)
FNF:3
FNH:3
FNDA:31,(anonymous_0)
FNDA:30,(anonymous_1)
FNDA:13,(anonymous_2)
DA:14,1
DA:15,1
DA:16,1
DA:17,1
DA:69,1
DA:82,1
DA:92,31
DA:93,31
DA:96,31
DA:97,31
DA:98,30
DA:99,1
DA:100,1
DA:105,31
DA:107,31
DA:113,31
DA:119,31
DA:165,1
DA:170,13
DA:174,13
DA:184,1
LF:21
LH:21
BRDA:84,0,0,30
BRDA:85,1,0,29
BRDA:86,2,0,25
BRDA:87,3,0,30
BRDA:88,4,0,29
BRDA:90,5,0,30
BRDA:98,6,0,1
BRDA:100,7,0,0
BRDA:100,7,1,1
BRDA:100,8,0,1
BRDA:100,8,1,1
BRDA:105,9,0,31
BRDA:105,9,1,0
BRDA:115,10,0,1
BRDA:115,10,1,30
BRDA:167,11,0,8
BRDA:168,12,0,12
BRDA:170,13,0,4
BRDA:170,13,1,9
BRF:19
BRH:17
end_of_record
TN:
SF:src/webparts/polRssGallery/components/ResponsiveImage.tsx
FN:117,(anonymous_0)
FN:138,(anonymous_1)
FN:143,(anonymous_2)
FN:148,(anonymous_3)
FN:160,(anonymous_4)
FN:271,(anonymous_5)
FNF:6
FNH:6
FNDA:42,(anonymous_0)
FNDA:32,(anonymous_1)
FNDA:3,(anonymous_2)
FNDA:6,(anonymous_3)
FNDA:31,(anonymous_4)
FNDA:8,(anonymous_5)
DA:12,1
DA:13,1
DA:14,1
DA:101,1
DA:117,1
DA:133,42
DA:134,42
DA:135,42
DA:138,42
DA:139,32
DA:140,32
DA:143,42
DA:144,3
DA:145,3
DA:148,42
DA:149,6
DA:151,2
DA:152,2
DA:154,4
DA:155,4
DA:160,42
DA:161,31
DA:162,31
DA:163,0
DA:167,42
DA:171,42
DA:175,42
DA:181,42
DA:187,42
DA:271,1
DA:278,8
DA:282,8
DA:299,1
LF:33
LH:32
BRDA:120,0,0,36
BRDA:121,1,0,41
BRDA:123,2,0,37
BRDA:124,3,0,41
BRDA:129,4,0,41
BRDA:130,5,0,41
BRDA:131,6,0,42
BRDA:145,7,0,2
BRDA:145,7,1,1
BRDA:145,8,0,3
BRDA:145,8,1,3
BRDA:149,9,0,2
BRDA:149,9,1,4
BRDA:149,10,0,6
BRDA:149,10,1,3
BRDA:155,11,0,3
BRDA:155,11,1,1
BRDA:155,12,0,4
BRDA:155,12,1,4
BRDA:162,13,0,0
BRDA:162,14,0,31
BRDA:162,14,1,31
BRDA:162,14,2,0
BRDA:167,15,0,41
BRDA:167,15,1,1
BRDA:177,16,0,41
BRDA:177,16,1,1
BRDA:183,17,0,4
BRDA:183,17,1,38
BRDA:183,18,0,42
BRDA:183,18,1,4
BRDA:184,19,0,4
BRDA:184,19,1,38
BRDA:196,20,0,42
BRDA:196,20,1,41
BRDA:196,20,2,33
BRDA:205,21,0,42
BRDA:205,21,1,4
BRDA:222,22,0,42
BRDA:222,22,1,38
BRDA:273,23,0,7
BRDA:274,24,0,6
BRDA:275,25,0,7
BRDA:276,26,0,7
BRDA:278,27,0,8
BRDA:278,27,1,0
BRF:46
BRH:43
end_of_record
TN:
SF:src/webparts/polRssGallery/components/RssFeed.tsx
FN:6,(anonymous_0)
FN:7,(anonymous_1)
FN:8,(anonymous_2)
FN:10,(anonymous_3)
FN:11,(anonymous_4)
FN:12,(anonymous_5)
FN:14,(anonymous_6)
FN:15,(anonymous_7)
FN:16,(anonymous_8)
FN:18,(anonymous_9)
FN:19,(anonymous_10)
FN:20,(anonymous_11)
FN:22,(anonymous_12)
FN:23,(anonymous_13)
FN:24,(anonymous_14)
FN:28,(anonymous_15)
FN:74,(anonymous_16)
FN:79,(anonymous_17)
FN:81,(anonymous_18)
FN:90,(anonymous_19)
FN:118,(anonymous_20)
FN:121,(anonymous_21)
FN:144,(anonymous_22)
FN:233,(anonymous_23)
FN:237,(anonymous_24)
FN:243,(anonymous_25)
FN:248,(anonymous_26)
FN:255,(anonymous_27)
FN:256,(anonymous_28)
FN:261,(anonymous_29)
FN:263,(anonymous_30)
FN:278,(anonymous_31)
FN:339,(anonymous_32)
FNF:33
FNH:28
FNDA:2,(anonymous_0)
FNDA:2,(anonymous_1)
FNDA:2,(anonymous_2)
FNDA:2,(anonymous_3)
FNDA:2,(anonymous_4)
FNDA:2,(anonymous_5)
FNDA:2,(anonymous_6)
FNDA:2,(anonymous_7)
FNDA:2,(anonymous_8)
FNDA:1,(anonymous_9)
FNDA:1,(anonymous_10)
FNDA:1,(anonymous_11)
FNDA:1,(anonymous_12)
FNDA:1,(anonymous_13)
FNDA:1,(anonymous_14)
FNDA:16,(anonymous_15)
FNDA:147,(anonymous_16)
FNDA:28,(anonymous_17)
FNDA:28,(anonymous_18)
FNDA:56,(anonymous_19)
FNDA:0,(anonymous_20)
FNDA:0,(anonymous_21)
FNDA:0,(anonymous_22)
FNDA:28,(anonymous_23)
FNDA:28,(anonymous_24)
FNDA:0,(anonymous_25)
FNDA:28,(anonymous_26)
FNDA:1,(anonymous_27)
FNDA:1,(anonymous_28)
FNDA:61,(anonymous_29)
FNDA:0,(anonymous_30)
FNDA:28,(anonymous_31)
FNDA:87,(anonymous_32)
DA:1,2
DA:2,2
DA:3,2
DA:6,2
DA:7,2
DA:8,2
DA:10,2
DA:11,2
DA:12,2
DA:14,2
DA:15,2
DA:16,2
DA:18,2
DA:19,1
DA:20,1
DA:22,2
DA:23,1
DA:24,1
DA:28,2
DA:29,16
DA:40,2
DA:42,2
DA:43,2
DA:44,2
DA:45,2
DA:46,2
DA:47,2
DA:74,2
DA:75,147
DA:76,146
DA:77,146
DA:78,146
DA:79,146
DA:81,146
DA:82,28
DA:83,28
DA:84,28
DA:86,0
DA:90,146
DA:91,56
DA:92,1
DA:93,1
DA:94,1
DA:95,1
DA:98,55
DA:99,55
DA:100,55
DA:102,55
DA:103,55
DA:105,55
DA:106,0
DA:107,0
DA:110,55
DA:111,55
DA:112,0
DA:116,55
DA:119,0
DA:120,0
DA:121,0
DA:123,0
DA:125,0
DA:126,0
DA:128,0
DA:129,0
DA:130,0
DA:131,0
DA:134,0
DA:135,0
DA:137,0
DA:138,0
DA:143,0
DA:144,0
DA:146,0
DA:147,0
DA:150,0
DA:151,0
DA:153,0
DA:154,0
DA:157,0
DA:158,0
DA:161,0
DA:162,0
DA:165,0
DA:166,0
DA:167,0
DA:169,0
DA:170,0
DA:173,0
DA:174,0
DA:177,0
DA:182,0
DA:183,0
DA:187,0
DA:188,0
DA:189,0
DA:192,0
DA:193,0
DA:194,0
DA:197,0
DA:199,0
DA:206,0
DA:212,44
DA:213,44
DA:214,0
DA:216,44
DA:217,44
DA:218,44
DA:221,9
DA:222,9
DA:223,0
DA:225,9
DA:226,9
DA:227,9
DA:231,146
DA:233,146
DA:234,28
DA:237,146
DA:240,28
DA:242,28
DA:243,0
DA:244,0
DA:248,28
DA:249,28
DA:250,0
DA:255,146
DA:256,1
DA:257,1
DA:258,1
DA:261,146
DA:262,61
DA:263,0
DA:264,0
DA:265,0
DA:266,0
DA:267,0
DA:269,0
DA:270,0
DA:271,0
DA:278,146
DA:279,28
DA:280,27
DA:281,27
DA:282,27
DA:287,146
DA:290,146
DA:292,146
DA:293,30
DA:300,116
DA:301,29
DA:302,29
DA:304,29
DA:305,6
DA:306,6
DA:309,23
DA:310,6
DA:311,6
DA:312,17
DA:313,0
DA:314,0
DA:315,17
DA:316,0
DA:317,0
DA:318,17
DA:319,0
DA:320,0
DA:323,29
DA:339,87
DA:340,87
DA:341,10
DA:344,77
DA:355,77
DA:362,77
DA:364,8
DA:373,8
DA:382,4
DA:399,4
DA:422,53
DA:432,87
DA:448,2
LF:179
LH:111
BRDA:84,0,0,28
BRDA:84,0,1,28
BRDA:90,1,0,28
BRDA:91,2,0,1
BRDA:105,3,0,0
BRDA:111,4,0,0
BRDA:111,5,0,55
BRDA:111,5,1,0
BRDA:120,6,0,0
BRDA:120,6,1,0
BRDA:128,7,0,0
BRDA:130,8,0,0
BRDA:137,9,0,0
BRDA:138,10,0,0
BRDA:138,10,1,0
BRDA:143,11,0,0
BRDA:143,12,0,0
BRDA:143,12,1,0
BRDA:146,13,0,0
BRDA:153,14,0,0
BRDA:154,15,0,0
BRDA:154,15,1,0
BRDA:157,16,0,0
BRDA:161,17,0,0
BRDA:162,18,0,0
BRDA:162,18,1,0
BRDA:169,19,0,0
BRDA:173,20,0,0
BRDA:174,21,0,0
BRDA:174,21,1,0
BRDA:182,22,0,0
BRDA:182,23,0,0
BRDA:182,23,1,0
BRDA:183,24,0,0
BRDA:183,24,1,0
BRDA:183,25,0,0
BRDA:183,25,1,0
BRDA:183,26,0,0
BRDA:183,26,1,0
BRDA:183,27,0,0
BRDA:183,27,1,0
BRDA:183,28,0,0
BRDA:183,28,1,0
BRDA:183,29,0,0
BRDA:183,29,1,0
BRDA:183,30,0,0
BRDA:183,30,1,0
BRDA:188,31,0,0
BRDA:188,32,0,0
BRDA:188,32,1,0
BRDA:192,33,0,0
BRDA:212,34,0,44
BRDA:213,35,0,0
BRDA:214,36,0,0
BRDA:214,36,1,0
BRDA:214,37,0,0
BRDA:214,37,1,0
BRDA:214,38,0,0
BRDA:214,38,1,0
BRDA:221,39,0,9
BRDA:221,39,1,0
BRDA:222,40,0,0
BRDA:242,41,0,0
BRDA:242,42,0,28
BRDA:242,42,1,0
BRDA:249,43,0,0
BRDA:262,44,0,0
BRDA:262,45,0,61
BRDA:262,45,1,0
BRDA:262,45,2,0
BRDA:265,46,0,0
BRDA:269,47,0,0
BRDA:271,48,0,0
BRDA:271,48,1,0
BRDA:279,49,0,27
BRDA:290,50,0,45
BRDA:290,50,1,101
BRDA:290,51,0,146
BRDA:290,51,1,146
BRDA:290,52,0,101
BRDA:290,52,1,45
BRDA:290,53,0,146
BRDA:290,53,1,146
BRDA:292,54,0,30
BRDA:292,55,0,146
BRDA:292,55,1,83
BRDA:292,55,2,35
BRDA:300,56,0,29
BRDA:304,57,0,6
BRDA:304,57,1,23
BRDA:306,58,0,0
BRDA:306,58,1,6
BRDA:309,59,0,6
BRDA:309,59,1,17
BRDA:312,60,0,0
BRDA:312,60,1,17
BRDA:315,61,0,0
BRDA:315,61,1,17
BRDA:315,62,0,17
BRDA:315,62,1,17
BRDA:318,63,0,0
BRDA:318,64,0,17
BRDA:318,64,1,17
BRDA:327,65,0,29
BRDA:327,65,1,12
BRDA:330,66,0,0
BRDA:330,66,1,29
BRDA:340,67,0,10
BRDA:340,68,0,87
BRDA:340,68,1,86
BRDA:362,69,0,8
BRDA:362,69,1,8
BRDA:362,69,2,4
BRDA:362,69,3,4
BRDA:362,69,4,53
BRDA:362,69,5,53
BRDA:404,70,0,4
BRDA:404,70,1,4
BRDA:405,71,0,4
BRDA:405,71,1,4
BRDA:406,72,0,4
BRDA:406,72,1,4
BRDA:407,73,0,4
BRDA:407,73,1,4
BRDA:434,74,0,28
BRDA:434,74,1,59
BRDA:438,75,0,87
BRDA:438,75,1,83
BRF:128
BRH:58
end_of_record
TN:
SF:src/webparts/polRssGallery/components/RssFeedDebugger.tsx
FN:14,(anonymous_0)
FN:25,(anonymous_1)
FN:76,(anonymous_2)
FN:79,(anonymous_3)
FN:83,(anonymous_4)
FN:89,(anonymous_5)
FN:103,(anonymous_6)
FN:109,(anonymous_7)
FN:123,(anonymous_8)
FNF:9
FNH:0
FNDA:0,(anonymous_0)
FNDA:0,(anonymous_1)
FNDA:0,(anonymous_2)
FNDA:0,(anonymous_3)
FNDA:0,(anonymous_4)
FNDA:0,(anonymous_5)
FNDA:0,(anonymous_6)
FNDA:0,(anonymous_7)
FNDA:0,(anonymous_8)
DA:1,0
DA:2,0
DA:3,0
DA:14,0
DA:15,0
DA:16,0
DA:17,0
DA:19,0
DA:25,0
DA:26,0
DA:28,0
DA:29,0
DA:35,0
DA:36,0
DA:37,0
DA:38,0
DA:46,0
DA:50,0
DA:51,0
DA:53,0
DA:54,0
DA:55,0
DA:56,0
DA:64,0
DA:68,0
DA:76,0
DA:77,0
DA:78,0
DA:79,0
DA:80,0
DA:83,0
DA:84,0
DA:85,0
DA:87,0
DA:88,0
DA:89,0
DA:92,0
DA:95,0
DA:103,0
DA:109,0
DA:124,0
LF:41
LH:0
BRDA:35,0,0,0
BRDA:35,0,1,0
BRDA:37,1,0,0
BRDA:37,1,1,0
BRDA:53,2,0,0
BRDA:53,2,1,0
BRDA:55,3,0,0
BRDA:55,3,1,0
BRDA:71,4,0,0
BRDA:71,4,1,0
BRDA:103,5,0,0
BRDA:103,5,1,0
BRDA:108,6,0,0
BRDA:108,6,1,0
BRDA:119,7,0,0
BRDA:119,7,1,0
BRDA:130,8,0,0
BRDA:130,8,1,0
BRDA:136,9,0,0
BRDA:136,9,1,0
BRF:20
BRH:0
end_of_record
TN:
SF:src/webparts/polRssGallery/components/rssUtils.ts
FN:5,getImageSrc
FN:9,imgError
FN:17,cleanDescription
FN:24,(anonymous_3)
FN:34,resolveImageUrl
FN:40,(anonymous_5)
FN:51,findImage
FNF:7
FNH:4
FNDA:0,getImageSrc
FNDA:0,imgError
FNDA:16393,cleanDescription
FNDA:16345,(anonymous_3)
FNDA:16374,resolveImageUrl
FNDA:49122,(anonymous_5)
FNDA:0,findImage
DA:5,6
DA:6,0
DA:9,6
DA:10,0
DA:11,0
DA:12,0
DA:13,0
DA:17,6
DA:18,16393
DA:19,16345
DA:20,16345
DA:24,16345
DA:25,16345
DA:26,0
DA:28,16345
DA:29,292
DA:31,16345
DA:34,6
DA:35,16374
DA:36,16374
DA:37,16374
DA:38,16374
DA:39,16374
DA:40,49122
DA:41,16374
DA:43,0
DA:51,6
DA:53,0
DA:56,0
DA:57,0
DA:58,0
DA:59,0
DA:61,0
DA:67,0
DA:68,0
DA:69,0
DA:70,0
DA:71,0
DA:77,0
DA:78,0
DA:79,0
DA:80,0
DA:81,0
DA:82,0
DA:83,0
DA:88,0
DA:89,0
DA:90,0
DA:91,0
DA:92,0
DA:93,0
DA:98,0
DA:101,0
DA:102,0
DA:103,0
DA:104,0
DA:105,0
DA:110,0
DA:111,0
DA:112,0
DA:113,0
DA:114,0
DA:119,0
DA:120,0
DA:121,0
DA:122,0
DA:123,0
DA:124,0
DA:125,0
DA:126,0
DA:127,0
DA:128,0
DA:131,0
DA:132,0
DA:133,0
DA:139,0
DA:140,0
DA:141,0
DA:142,0
DA:143,0
DA:148,0
DA:149,0
DA:153,0
LF:83
LH:20
BRDA:6,0,0,0
BRDA:6,0,1,0
BRDA:6,1,0,0
BRDA:6,1,1,0
BRDA:6,2,0,0
BRDA:6,2,1,0
BRDA:11,3,0,0
BRDA:13,4,0,0
BRDA:13,4,1,0
BRDA:17,5,0,16393
BRDA:18,6,0,48
BRDA:25,7,0,0
BRDA:25,8,0,16345
BRDA:25,8,1,0
BRDA:28,9,0,292
BRDA:35,10,0,0
BRDA:35,11,0,0
BRDA:35,11,1,16374
BRDA:35,12,0,16374
BRDA:35,12,1,16374
BRDA:39,13,0,0
BRDA:39,14,0,16374
BRDA:39,14,1,0
BRDA:39,15,0,16374
BRDA:39,15,1,0
BRDA:56,16,0,0
BRDA:59,17,0,0
BRDA:59,18,0,0
BRDA:59,18,1,0
BRDA:67,19,0,0
BRDA:67,20,0,0
BRDA:67,20,1,0
BRDA:70,21,0,0
BRDA:70,22,0,0
BRDA:70,22,1,0
BRDA:79,23,0,0
BRDA:79,23,1,0
BRDA:80,24,0,0
BRDA:80,24,1,0
BRDA:82,25,0,0
BRDA:82,26,0,0
BRDA:82,26,1,0
BRDA:82,26,2,0
BRDA:82,26,3,0
BRDA:90,27,0,0
BRDA:90,27,1,0
BRDA:92,28,0,0
BRDA:92,29,0,0
BRDA:92,29,1,0
BRDA:92,29,2,0
BRDA:92,29,3,0
BRDA:98,30,0,0
BRDA:98,30,1,0
BRDA:98,30,2,0
BRDA:101,31,0,0
BRDA:102,32,0,0
BRDA:102,32,1,0
BRDA:104,33,0,0
BRDA:104,34,0,0
BRDA:104,34,1,0
BRDA:104,34,2,0
BRDA:113,35,0,0
BRDA:113,36,0,0
BRDA:113,36,1,0
BRDA:123,37,0,0
BRDA:123,38,0,0
BRDA:123,38,1,0
BRDA:127,39,0,0
BRDA:127,40,0,0
BRDA:127,40,1,0
BRDA:132,41,0,0
BRDA:132,42,0,0
BRDA:132,42,1,0
BRDA:143,43,0,0
BRDA:143,43,1,0
BRDA:143,43,2,0
BRDA:143,43,3,0
BRDA:143,43,4,0
BRDA:146,44,0,0
BRDA:146,44,1,0
BRDA:147,45,0,0
BRDA:147,45,1,0
BRDA:148,46,0,0
BRDA:148,47,0,0
BRDA:148,47,1,0
BRDA:148,47,2,0
BRF:86
BRH:9
end_of_record
TN:
SF:src/webparts/polRssGallery/components/layouts/BannerCarousel/BannerCarousel.tsx
FN:136,(anonymous_0)
FN:162,(anonymous_1)
FN:163,(anonymous_2)
FN:167,(anonymous_3)
FN:172,(anonymous_4)
FN:179,(anonymous_5)
FN:187,(anonymous_6)
FN:281,(anonymous_7)
FNF:8
FNH:5
FNDA:92,(anonymous_0)
FNDA:31,(anonymous_1)
FNDA:31,(anonymous_2)
FNDA:0,(anonymous_3)
FNDA:1,(anonymous_4)
FNDA:0,(anonymous_5)
FNDA:0,(anonymous_6)
FNDA:252,(anonymous_7)
DA:16,1
DA:17,1
DA:18,1
DA:19,1
DA:21,1
DA:22,1
DA:23,1
DA:24,1
DA:27,1
DA:28,1
DA:29,1
DA:30,1
DA:126,1
DA:136,1
DA:155,92
DA:156,92
DA:157,92
DA:158,92
DA:161,92
DA:162,92
DA:163,31
DA:167,92
DA:168,0
DA:172,92
DA:173,1
DA:174,1
DA:175,1
DA:179,92
DA:180,0
DA:181,0
DA:182,0
DA:187,92
DA:188,0
DA:189,0
DA:190,0
DA:192,0
DA:197,92
DA:203,92
DA:209,92
DA:210,2
DA:221,90
DA:222,2
DA:229,88
DA:230,88
DA:232,88
DA:282,252
DA:346,1
LF:47
LH:39
BRDA:138,0,0,88
BRDA:139,1,0,92
BRDA:140,2,0,77
BRDA:141,3,0,83
BRDA:142,4,0,88
BRDA:143,5,0,83
BRDA:145,6,0,86
BRDA:146,7,0,92
BRDA:147,8,0,89
BRDA:148,9,0,89
BRDA:149,10,0,92
BRDA:150,11,0,90
BRDA:152,12,0,89
BRDA:153,13,0,0
BRDA:173,14,0,1
BRDA:173,15,0,1
BRDA:173,15,1,1
BRDA:173,16,0,0
BRDA:173,16,1,1
BRDA:173,17,0,1
BRDA:173,17,1,1
BRDA:180,18,0,0
BRDA:180,19,0,0
BRDA:180,19,1,0
BRDA:180,19,2,0
BRDA:180,20,0,0
BRDA:180,20,1,0
BRDA:180,21,0,0
BRDA:180,21,1,0
BRDA:189,22,0,0
BRDA:189,22,1,0
BRDA:199,23,0,79
BRDA:199,23,1,13
BRDA:199,24,0,92
BRDA:199,24,1,89
BRDA:209,25,0,2
BRDA:221,26,0,2
BRDA:221,27,0,90
BRDA:221,27,1,90
BRDA:254,28,0,82
BRDA:254,28,1,6
BRDA:254,29,0,88
BRDA:254,29,1,88
BRDA:259,30,0,79
BRDA:259,30,1,9
BRDA:259,31,0,88
BRDA:259,31,1,85
BRDA:263,32,0,79
BRDA:263,32,1,9
BRDA:263,33,0,88
BRDA:263,33,1,85
BRDA:308,34,0,88
BRDA:308,34,1,85
BRDA:308,34,2,79
BRDA:328,35,0,88
BRDA:328,35,1,85
BRDA:328,35,2,79
BRDA:339,36,0,88
BRDA:339,36,1,1
BRF:59
BRH:47
end_of_record
TN:
SF:src/webparts/polRssGallery/components/layouts/CardLayout/CardLayout.tsx
FN:133,(anonymous_0)
FN:155,(anonymous_1)
FN:156,(anonymous_2)
FN:160,(anonymous_3)
FN:170,(anonymous_4)
FN:178,(anonymous_5)
FN:221,(anonymous_6)
FNF:7
FNH:6
FNDA:61,(anonymous_0)
FNDA:29,(anonymous_1)
FNDA:29,(anonymous_2)
FNDA:0,(anonymous_3)
FNDA:28,(anonymous_4)
FNDA:30,(anonymous_5)
FNDA:153,(anonymous_6)
DA:15,1
DA:16,1
DA:18,1
DA:19,1
DA:20,1
DA:21,1
DA:23,1
DA:124,1
DA:133,1
DA:154,61
DA:155,61
DA:156,29
DA:160,61
DA:161,0
DA:162,0
DA:163,0
DA:165,0
DA:170,61
DA:171,28
DA:172,27
DA:174,1
DA:178,61
DA:179,30
DA:183,61
DA:189,61
DA:190,8
DA:205,53
DA:206,2
DA:213,51
DA:222,153
DA:248,1
LF:31
LH:27
BRDA:135,0,0,57
BRDA:136,1,0,51
BRDA:137,2,0,59
BRDA:139,3,0,57
BRDA:140,4,0,61
BRDA:141,5,0,59
BRDA:142,6,0,59
BRDA:143,7,0,61
BRDA:144,8,0,59
BRDA:145,9,0,59
BRDA:146,10,0,53
BRDA:147,11,0,59
BRDA:149,12,0,59
BRDA:150,13,0,0
BRDA:151,14,0,61
BRDA:162,15,0,0
BRDA:162,15,1,0
BRDA:171,16,0,27
BRDA:189,17,0,8
BRDA:205,18,0,2
BRDA:205,19,0,53
BRDA:205,19,1,53
BRF:22
BRH:19
end_of_record
TN:
SF:src/webparts/polRssGallery/components/layouts/GalleryLayout/GalleryItem.tsx
FN:111,(anonymous_0)
FN:133,(anonymous_1)
FN:142,(anonymous_2)
FN:162,(anonymous_3)
FN:171,(anonymous_4)
FNF:5
FNH:5
FNDA:366,(anonymous_0)
FNDA:6,(anonymous_1)
FNDA:394,(anonymous_2)
FNDA:4,(anonymous_3)
FNDA:2,(anonymous_4)
DA:14,1
DA:15,1
DA:17,1
DA:93,1
DA:102,1
DA:111,1
DA:112,366
DA:114,366
DA:115,366
DA:116,366
DA:118,366
DA:123,0
DA:133,1
DA:134,6
DA:135,6
DA:136,0
DA:142,1
DA:157,394
DA:162,394
DA:163,4
DA:164,1
DA:165,3
DA:166,3
DA:171,394
DA:172,2
DA:173,2
DA:174,2
DA:179,394
DA:180,394
DA:188,394
DA:192,394
DA:281,1
LF:32
LH:30
BRDA:112,0,0,0
BRDA:116,1,0,0
BRDA:134,2,0,0
BRDA:135,3,0,6
BRDA:147,4,0,0
BRDA:148,5,0,0
BRDA:149,6,0,0
BRDA:150,7,0,0
BRDA:152,8,0,394
BRDA:153,9,0,0
BRDA:154,10,0,0
BRDA:157,11,0,12
BRDA:157,11,1,382
BRDA:157,12,0,394
BRDA:157,12,1,12
BRDA:159,13,0,382
BRDA:159,13,1,4
BRDA:163,14,0,1
BRDA:163,14,1,3
BRDA:165,15,0,3
BRDA:172,16,0,2
BRDA:172,17,0,2
BRDA:172,17,1,1
BRDA:183,18,0,24
BRDA:183,18,1,370
BRDA:206,19,0,392
BRDA:206,19,1,2
BRDA:235,20,0,394
BRDA:235,20,1,28
BRDA:238,21,0,28
BRDA:238,21,1,24
BRDA:238,21,2,24
BRDA:243,22,0,28
BRDA:243,22,1,4
BRDA:243,22,2,4
BRDA:246,23,0,28
BRDA:246,23,1,4
BRDA:246,23,2,4
BRDA:254,24,0,394
BRDA:254,24,1,354
BRDA:257,25,0,354
BRDA:257,25,1,2
BRDA:257,25,2,352
BRDA:259,26,0,352
BRDA:259,26,1,352
BRDA:259,26,2,342
BRDA:264,27,0,352
BRDA:264,27,1,352
BRDA:264,27,2,342
BRDA:264,27,3,2
BRDA:264,27,4,2
BRDA:267,28,0,352
BRDA:267,28,1,2
BRDA:267,28,2,2
BRDA:272,29,0,354
BRDA:272,29,1,2
BRDA:272,29,2,2
BRF:57
BRH:48
end_of_record
TN:
SF:src/webparts/polRssGallery/components/layouts/GalleryLayout/GalleryLayout.tsx
FN:132,(anonymous_0)
FN:153,(anonymous_1)
FN:154,(anonymous_2)
FN:158,(anonymous_3)
FN:167,(anonymous_4)
FN:171,(anonymous_5)
FN:224,(anonymous_6)
FNF:7
FNH:7
FNDA:96,(anonymous_0)
FNDA:48,(anonymous_1)
FNDA:48,(anonymous_2)
FNDA:48,(anonymous_3)
FNDA:201,(anonymous_4)
FNDA:1,(anonymous_5)
FNDA:394,(anonymous_6)
DA:16,1
DA:17,1
DA:19,1
DA:20,1
DA:21,1
DA:22,1
DA:123,1
DA:132,1
DA:152,96
DA:153,96
DA:154,48
DA:158,96
DA:159,48
DA:162,48
DA:163,3
DA:167,201
DA:171,96
DA:172,1
DA:173,1
DA:178,96
DA:184,96
DA:191,96
DA:192,4
DA:209,92
DA:210,2
DA:217,90
DA:225,394
DA:244,1
LF:28
LH:28
BRDA:134,0,0,0
BRDA:135,1,0,0
BRDA:136,2,0,0
BRDA:137,3,0,0
BRDA:139,4,0,94
BRDA:140,5,0,92
BRDA:141,6,0,84
BRDA:142,7,0,86
BRDA:143,8,0,86
BRDA:144,9,0,0
BRDA:145,10,0,94
BRDA:147,11,0,94
BRDA:148,12,0,94
BRDA:149,13,0,90
BRDA:159,14,0,0
BRDA:162,15,0,3
BRDA:162,16,0,48
BRDA:162,16,1,47
BRDA:167,17,0,201
BRDA:167,17,1,1
BRDA:172,18,0,1
BRDA:179,19,0,90
BRDA:179,19,1,6
BRDA:186,20,0,6
BRDA:186,20,1,90
BRDA:191,21,0,4
BRDA:209,22,0,2
BRDA:209,23,0,92
BRDA:209,23,1,92
BRDA:235,24,0,12
BRDA:235,24,1,382
BRF:31
BRH:25
end_of_record
TN:
SF:src/webparts/polRssGallery/components/layouts/GalleryLayout/GallerySkeleton.tsx
FN:49,(anonymous_0)
FN:55,(anonymous_1)
FN:63,(anonymous_2)
FNF:3
FNH:3
FNDA:4,(anonymous_0)
FNDA:32,(anonymous_1)
FNDA:32,(anonymous_2)
DA:8,1
DA:10,1
DA:40,1
DA:49,1
DA:55,32
DA:57,4
DA:61,4
DA:64,32
DA:83,1
LF:9
LH:9
BRDA:50,0,0,0
BRDA:51,1,0,0
BRDA:52,2,0,0
BRDA:53,3,0,0
BRDA:74,4,0,32
BRDA:74,4,1,32
BRF:6
BRH:2
end_of_record
TN:
SF:src/webparts/polRssGallery/components/layouts/ListLayout/ListLayout.tsx
FN:137,(anonymous_0)
FN:159,(anonymous_1)
FN:160,(anonymous_2)
FN:164,(anonymous_3)
FN:234,(anonymous_4)
FNF:5
FNH:4
FNDA:79,(anonymous_0)
FNDA:39,(anonymous_1)
FNDA:39,(anonymous_2)
FNDA:0,(anonymous_3)
FNDA:201,(anonymous_4)
DA:15,1
DA:16,1
DA:18,1
DA:19,1
DA:20,1
DA:22,1
DA:128,1
DA:137,1
DA:158,79
DA:159,79
DA:160,39
DA:164,79
DA:165,0
DA:166,0
DA:167,0
DA:169,0
DA:174,79
DA:177,79
DA:184,79
DA:191,79
DA:201,79
DA:202,10
DA:218,69
DA:219,2
DA:226,67
DA:235,201
DA:264,1
LF:27
LH:23
BRDA:139,0,0,65
BRDA:140,1,0,73
BRDA:141,2,0,75
BRDA:142,3,0,75
BRDA:144,4,0,75
BRDA:145,5,0,79
BRDA:146,6,0,77
BRDA:147,7,0,77
BRDA:148,8,0,79
BRDA:149,9,0,77
BRDA:150,10,0,69
BRDA:151,11,0,77
BRDA:153,12,0,77
BRDA:154,13,0,0
BRDA:155,14,0,79
BRDA:166,15,0,0
BRDA:166,15,1,0
BRDA:178,16,0,79
BRDA:178,16,1,79
BRDA:179,17,0,79
BRDA:179,17,1,79
BRDA:185,18,0,79
BRDA:185,18,1,79
BRDA:186,19,0,79
BRDA:186,19,1,79
BRDA:187,20,0,79
BRDA:187,20,1,79
BRDA:193,21,0,2
BRDA:193,21,1,77
BRDA:193,22,0,2
BRDA:193,22,1,2
BRDA:194,23,0,77
BRDA:194,23,1,2
BRDA:201,24,0,10
BRDA:218,25,0,2
BRDA:218,26,0,69
BRDA:218,26,1,69
BRDA:243,27,0,201
BRDA:243,27,1,201
BRDA:253,28,0,6
BRDA:253,28,1,195
BRF:41
BRH:38
end_of_record
TN:
SF:src/webparts/polRssGallery/components/layouts/MinimalLayout/MinimalLayout.tsx
FN:82,(anonymous_0)
FN:110,(anonymous_1)
FN:118,(anonymous_2)
FN:132,(anonymous_3)
FN:142,(anonymous_4)
FN:193,(anonymous_5)
FN:202,(anonymous_6)
FN:203,(anonymous_7)
FNF:8
FNH:0
FNDA:0,(anonymous_0)
FNDA:0,(anonymous_1)
FNDA:0,(anonymous_2)
FNDA:0,(anonymous_3)
FNDA:0,(anonymous_4)
FNDA:0,(anonymous_5)
FNDA:0,(anonymous_6)
FNDA:0,(anonymous_7)
DA:15,0
DA:16,0
DA:18,0
DA:19,0
DA:20,0
DA:82,0
DA:83,0
DA:84,0
DA:85,0
DA:87,0
DA:88,0
DA:89,0
DA:90,0
DA:93,0
DA:94,0
DA:95,0
DA:98,0
DA:103,0
DA:110,0
DA:111,0
DA:112,0
DA:118,0
DA:132,0
DA:133,0
DA:134,0
DA:135,0
DA:137,0
DA:142,0
DA:143,0
DA:144,0
DA:145,0
DA:146,0
DA:148,0
DA:154,0
DA:161,0
DA:162,0
DA:178,0
DA:179,0
DA:186,0
DA:194,0
DA:202,0
DA:203,0
DA:235,0
LF:43
LH:0
BRDA:85,0,0,0
BRDA:93,1,0,0
BRDA:94,2,0,0
BRDA:95,3,0,0
BRDA:111,4,0,0
BRDA:111,5,0,0
BRDA:111,5,1,0
BRDA:120,6,0,0
BRDA:121,7,0,0
BRDA:122,8,0,0
BRDA:123,9,0,0
BRDA:124,10,0,0
BRDA:125,11,0,0
BRDA:127,12,0,0
BRDA:128,13,0,0
BRDA:129,14,0,0
BRDA:134,15,0,0
BRDA:134,15,1,0
BRDA:143,16,0,0
BRDA:143,17,0,0
BRDA:143,17,1,0
BRDA:145,18,0,0
BRDA:145,18,1,0
BRDA:156,19,0,0
BRDA:156,19,1,0
BRDA:161,20,0,0
BRDA:178,21,0,0
BRDA:178,22,0,0
BRDA:178,22,1,0
BRDA:211,23,0,0
BRDA:211,23,1,0
BRDA:211,23,2,0
BRDA:216,24,0,0
BRDA:216,24,1,0
BRDA:216,24,2,0
BRDA:218,25,0,0
BRDA:218,25,1,0
BRDA:218,25,2,0
BRDA:223,26,0,0
BRDA:223,26,1,0
BRDA:223,26,2,0
BRF:41
BRH:0
end_of_record
TN:
SF:src/webparts/polRssGallery/components/shared/EmptyState/EmptyState.tsx
FN:85,(anonymous_0)
FN:92,(anonymous_1)
FN:109,(anonymous_2)
FN:131,(anonymous_3)
FN:200,(anonymous_4)
FN:228,(anonymous_5)
FN:259,(anonymous_6)
FN:290,(anonymous_7)
FNF:8
FNH:8
FNDA:14,(anonymous_0)
FNDA:38,(anonymous_1)
FNDA:38,(anonymous_2)
FNDA:7,(anonymous_3)
FNDA:6,(anonymous_4)
FNDA:5,(anonymous_5)
FNDA:5,(anonymous_6)
FNDA:5,(anonymous_7)
DA:15,1
DA:16,1
DA:17,1
DA:85,1
DA:86,14
DA:92,1
DA:102,38
DA:109,38
DA:110,38
DA:112,37
DA:115,37
DA:116,22
DA:123,15
DA:131,38
DA:132,7
DA:134,7
DA:145,38
DA:200,1
DA:205,6
DA:228,1
DA:232,5
DA:259,1
DA:264,5
DA:290,1
DA:294,5
DA:303,1
LF:26
LH:26
BRDA:98,0,0,35
BRDA:99,1,0,37
BRDA:100,2,0,0
BRDA:110,3,0,1
BRDA:112,4,0,23
BRDA:112,4,1,14
BRDA:112,5,0,37
BRDA:112,5,1,37
BRDA:115,6,0,22
BRDA:131,7,0,0
BRDA:132,8,0,6
BRDA:132,8,1,1
BRDA:138,9,0,6
BRDA:138,9,1,1
BRDA:161,10,0,38
BRDA:161,10,1,22
BRDA:168,11,0,38
BRDA:168,11,1,32
BRDA:168,11,2,6
BRDA:170,12,0,6
BRDA:170,12,1,6
BRDA:171,13,0,6
BRDA:171,13,1,1
BRDA:203,14,0,0
BRDA:207,15,0,6
BRDA:207,15,1,5
BRDA:209,16,0,1
BRDA:209,16,1,5
BRDA:230,17,0,0
BRDA:236,18,0,1
BRDA:236,18,1,4
BRDA:262,19,0,0
BRDA:267,20,0,1
BRDA:267,20,1,4
BRDA:271,21,0,1
BRDA:271,21,1,4
BRDA:292,22,0,0
BRDA:298,23,0,1
BRDA:298,23,1,4
BRF:39
BRH:33
end_of_record
TN:
SF:src/webparts/polRssGallery/components/shared/FeedItem/FeedItem.tsx
FN:133,(anonymous_0)
FN:152,(anonymous_1)
FN:162,(anonymous_2)
FN:173,(anonymous_3)
FN:193,(anonymous_4)
FN:199,(anonymous_5)
FN:211,(anonymous_6)
FN:218,(anonymous_7)
FN:223,(anonymous_8)
FN:228,(anonymous_9)
FN:257,(anonymous_10)
FN:371,(anonymous_11)
FNF:12
FNH:12
FNDA:37,(anonymous_0)
FNDA:75,(anonymous_1)
FNDA:37,(anonymous_2)
FNDA:38,(anonymous_3)
FNDA:1,(anonymous_4)
FNDA:2,(anonymous_5)
FNDA:38,(anonymous_6)
FNDA:38,(anonymous_7)
FNDA:38,(anonymous_8)
FNDA:2,(anonymous_9)
FNDA:38,(anonymous_10)
FNDA:2,(anonymous_11)
DA:15,1
DA:16,1
DA:18,1
DA:19,1
DA:20,1
DA:133,1
DA:134,37
DA:135,37
DA:136,37
DA:137,1
DA:139,36
DA:145,0
DA:152,1
DA:153,75
DA:154,73
DA:156,2
DA:162,1
DA:164,37
DA:165,37
DA:166,37
DA:167,37
DA:173,1
DA:193,38
DA:194,1
DA:195,1
DA:199,38
DA:200,2
DA:201,2
DA:202,2
DA:203,2
DA:205,0
DA:211,38
DA:212,38
DA:213,37
DA:214,37
DA:218,38
DA:219,38
DA:223,38
DA:224,38
DA:228,38
DA:229,2
DA:233,38
DA:241,38
DA:249,38
DA:257,38
DA:258,38
DA:261,37
DA:262,37
DA:264,37
DA:290,37
DA:291,37
DA:305,0
DA:312,38
DA:372,2
DA:386,1
LF:55
LH:52
BRDA:133,0,0,0
BRDA:136,1,0,1
BRDA:153,2,0,73
BRDA:153,3,0,75
BRDA:153,3,1,2
BRDA:167,4,0,37
BRDA:167,4,1,0
BRDA:167,4,2,0
BRDA:176,5,0,36
BRDA:177,6,0,33
BRDA:178,7,0,32
BRDA:179,8,0,34
BRDA:180,9,0,37
BRDA:181,10,0,38
BRDA:183,11,0,38
BRDA:187,12,0,37
BRDA:188,13,0,10
BRDA:189,14,0,38
BRDA:190,15,0,37
BRDA:191,16,0,35
BRDA:194,17,0,1
BRDA:200,18,0,2
BRDA:200,19,0,2
BRDA:200,19,1,1
BRDA:202,20,0,2
BRDA:202,20,1,0
BRDA:212,21,0,1
BRDA:214,22,0,36
BRDA:214,22,1,1
BRDA:214,23,0,37
BRDA:214,23,1,37
BRDA:215,24,0,37
BRDA:215,24,1,1
BRDA:215,25,0,38
BRDA:215,25,1,38
BRDA:219,26,0,37
BRDA:219,26,1,1
BRDA:219,27,0,38
BRDA:219,27,1,38
BRDA:220,28,0,37
BRDA:220,28,1,1
BRDA:220,29,0,38
BRDA:220,29,1,38
BRDA:224,30,0,37
BRDA:224,30,1,1
BRDA:236,31,0,2
BRDA:236,31,1,36
BRDA:241,32,0,0
BRDA:241,32,1,38
BRDA:241,33,0,37
BRDA:241,33,1,1
BRDA:241,34,0,38
BRDA:241,34,1,38
BRDA:249,35,0,0
BRDA:249,35,1,38
BRDA:249,36,0,37
BRDA:249,36,1,1
BRDA:249,37,0,38
BRDA:249,37,1,38
BRDA:258,38,0,1
BRDA:261,39,0,37
BRDA:261,39,1,0
BRDA:262,40,0,0
BRDA:262,40,1,37
BRDA:264,41,0,35
BRDA:264,41,1,2
BRDA:273,42,0,1
BRDA:273,42,1,1
BRDA:290,43,0,37
BRDA:317,44,0,5
BRDA:317,44,1,33
BRDA:318,45,0,5
BRDA:318,45,1,33
BRDA:319,46,0,5
BRDA:319,46,1,33
BRDA:320,47,0,5
BRDA:320,47,1,33
BRDA:340,48,0,38
BRDA:340,48,1,1
BRDA:340,48,2,37
BRDA:342,49,0,37
BRDA:342,49,1,37
BRDA:342,49,2,36
BRDA:350,50,0,37
BRDA:350,50,1,1
BRDA:350,50,2,1
BRDA:359,51,0,38
BRDA:359,51,1,37
BRDA:359,51,2,36
BRDA:369,52,0,38
BRDA:369,52,1,3
BRDA:369,52,2,2
BRDA:369,52,3,1
BRF:93
BRH:85
end_of_record
TN:
SF:src/webparts/polRssGallery/components/shared/Skeleton/Skeleton.tsx
FN:63,(anonymous_0)
FN:129,(anonymous_1)
FN:255,(anonymous_2)
FN:380,(anonymous_3)
FN:508,(anonymous_4)
FN:516,(anonymous_5)
FN:518,(anonymous_6)
FNF:7
FNH:7
FNDA:481,(anonymous_0)
FNDA:54,(anonymous_1)
FNDA:16,(anonymous_2)
FNDA:12,(anonymous_3)
FNDA:13,(anonymous_4)
FNDA:54,(anonymous_5)
FNDA:54,(anonymous_6)
DA:15,1
DA:16,1
DA:63,1
DA:71,481
DA:76,481
DA:83,481
DA:129,1
DA:136,54
DA:255,1
DA:263,16
DA:380,1
DA:388,12
DA:508,1
DA:516,54
DA:518,13
DA:519,54
DA:520,54
DA:522,54
DA:524,8
DA:533,2
DA:543,44
DA:554,13
DA:556,13
DA:568,1
LF:24
LH:24
BRDA:64,0,0,10
BRDA:67,1,0,10
BRDA:68,2,0,480
BRDA:69,3,0,223
BRDA:72,4,0,481
BRDA:72,4,1,416
BRDA:72,5,0,24
BRDA:72,5,1,392
BRDA:73,6,0,481
BRDA:73,6,1,470
BRDA:73,7,0,457
BRDA:73,7,1,13
BRDA:130,8,0,52
BRDA:131,9,0,51
BRDA:132,10,0,9
BRDA:133,11,0,54
BRDA:134,12,0,0
BRDA:171,13,0,54
BRDA:171,13,1,53
BRDA:195,14,0,54
BRDA:195,14,1,2
BRDA:256,15,0,14
BRDA:257,16,0,15
BRDA:258,17,0,15
BRDA:259,18,0,8
BRDA:260,19,0,16
BRDA:261,20,0,0
BRDA:270,21,0,16
BRDA:270,21,1,15
BRDA:302,22,0,16
BRDA:302,22,1,16
BRDA:320,23,0,16
BRDA:320,23,1,1
BRDA:381,24,0,11
BRDA:382,25,0,11
BRDA:383,26,0,10
BRDA:384,27,0,10
BRDA:385,28,0,12
BRDA:386,29,0,0
BRDA:391,30,0,11
BRDA:391,30,1,1
BRDA:427,31,0,12
BRDA:427,31,1,12
BRDA:445,32,0,12
BRDA:445,32,1,1
BRDA:509,33,0,7
BRDA:510,34,0,8
BRDA:511,35,0,12
BRDA:512,36,0,12
BRDA:513,37,0,12
BRDA:514,38,0,0
BRDA:522,39,0,8
BRDA:522,39,1,2
BRDA:522,39,2,44
BRDA:522,39,3,44
BRDA:554,40,0,2
BRDA:554,40,1,11
BRF:57
BRH:53
end_of_record
TN:
SF:src/webparts/polRssGallery/errors/errorLogger.ts
FN:76,(anonymous_0)
FN:90,(anonymous_1)
FN:97,(anonymous_2)
FN:109,(anonymous_3)
FN:118,(anonymous_4)
FN:146,(anonymous_5)
FN:155,(anonymous_6)
FN:166,(anonymous_7)
FN:174,(anonymous_8)
FN:181,(anonymous_9)
FN:194,(anonymous_10)
FN:201,(anonymous_11)
FN:220,(anonymous_12)
FN:227,(anonymous_13)
FN:251,(anonymous_14)
FN:276,(anonymous_15)
FN:285,(anonymous_16)
FN:292,(anonymous_17)
FN:303,(anonymous_18)
FN:312,(anonymous_19)
FN:325,createScopedLogger
FN:334,(anonymous_21)
FN:336,(anonymous_22)
FN:337,(anonymous_23)
FNF:24
FNH:24
FNDA:8,(anonymous_0)
FNDA:1,(anonymous_1)
FNDA:1,(anonymous_2)
FNDA:9,(anonymous_3)
FNDA:64,(anonymous_4)
FNDA:2,(anonymous_5)
FNDA:2,(anonymous_6)
FNDA:6,(anonymous_7)
FNDA:5,(anonymous_8)
FNDA:15,(anonymous_9)
FNDA:35,(anonymous_10)
FNDA:4,(anonymous_11)
FNDA:8,(anonymous_12)
FNDA:64,(anonymous_13)
FNDA:49,(anonymous_14)
FNDA:64,(anonymous_15)
FNDA:128,(anonymous_16)
FNDA:24,(anonymous_17)
FNDA:64,(anonymous_18)
FNDA:64,(anonymous_19)
FNDA:6,createScopedLogger
FNDA:3,(anonymous_21)
FNDA:1,(anonymous_22)
FNDA:1,(anonymous_23)
DA:9,1
DA:72,1
DA:87,1
DA:88,1
DA:91,1
DA:98,1
DA:99,1
DA:100,0
DA:101,0
DA:103,1
DA:110,9
DA:119,64
DA:122,64
DA:123,64
DA:126,64
DA:127,49
DA:131,64
DA:132,49
DA:133,49
DA:136,40
DA:140,64
DA:147,2
DA:148,2
DA:156,2
DA:157,2
DA:167,6
DA:168,6
DA:181,5
DA:182,15
DA:183,13
DA:184,11
DA:185,8
DA:186,8
DA:187,8
DA:195,35
DA:207,4
DA:208,4
DA:209,4
DA:211,4
DA:212,8
DA:213,8
DA:216,4
DA:220,8
DA:228,64
DA:252,49
DA:253,49
DA:260,49
DA:263,18
DA:264,18
DA:266,31
DA:267,31
DA:269,0
DA:277,64
DA:278,5
DA:286,128
DA:288,4
DA:289,4
DA:291,4
DA:292,24
DA:293,4
DA:296,0
DA:304,64
DA:306,64
DA:313,64
DA:320,1
DA:325,1
DA:333,6
DA:335,3
DA:336,1
DA:337,1
DA:341,1
LF:71
LH:67
BRDA:90,0,0,1
BRDA:98,1,0,1
BRDA:98,1,1,0
BRDA:100,2,0,0
BRDA:118,3,0,43
BRDA:126,4,0,49
BRDA:131,5,0,49
BRDA:146,6,0,1
BRDA:147,7,0,2
BRDA:155,8,0,1
BRDA:156,9,0,2
BRDA:168,10,0,1
BRDA:168,10,1,5
BRDA:182,11,0,2
BRDA:182,12,0,15
BRDA:182,12,1,3
BRDA:183,13,0,2
BRDA:183,14,0,13
BRDA:183,14,1,6
BRDA:184,15,0,3
BRDA:184,16,0,11
BRDA:184,16,1,5
BRDA:185,17,0,0
BRDA:185,18,0,8
BRDA:185,18,1,0
BRDA:186,19,0,0
BRDA:186,20,0,8
BRDA:186,20,1,3
BRDA:212,21,0,8
BRDA:212,21,1,6
BRDA:213,22,0,8
BRDA:213,22,1,7
BRDA:230,23,0,64
BRDA:230,23,1,0
BRDA:236,24,0,63
BRDA:236,24,1,1
BRDA:236,25,0,64
BRDA:236,25,1,64
BRDA:237,26,0,64
BRDA:237,26,1,0
BRDA:237,27,0,63
BRDA:237,27,1,1
BRDA:237,28,0,64
BRDA:237,28,1,64
BRDA:241,29,0,64
BRDA:241,29,1,64
BRDA:241,30,0,0
BRDA:241,30,1,64
BRDA:241,31,0,64
BRDA:241,31,1,64
BRDA:242,32,0,2
BRDA:242,32,1,62
BRDA:242,33,0,64
BRDA:242,33,1,64
BRDA:242,34,0,61
BRDA:242,34,1,1
BRDA:242,35,0,62
BRDA:242,35,1,62
BRDA:260,36,0,1
BRDA:260,36,1,18
BRDA:260,36,2,31
BRDA:260,36,3,0
BRDA:277,37,0,5
BRDA:286,38,0,124
BRDA:286,39,0,128
BRDA:286,39,1,4
BRDA:304,40,0,0
BRDA:327,41,0,4
BRDA:334,42,0,2
BRF:69
BRH:59
end_of_record
TN:
SF:src/webparts/polRssGallery/errors/errorTypes.ts
FN:12,(anonymous_0)
FN:26,(anonymous_1)
FN:91,(anonymous_2)
FN:421,createRssError
FN:456,createRssErrorFromError
FN:477,classifyError
FN:552,getDefaultMessage
FN:590,getDefaultUserMessage
FN:628,getDefaultActions
FN:716,isRssError
FN:734,getErrorCategory
FN:743,isRetryable
FN:753,isRecoverable
FN:764,getRetryDelay
FN:780,getMaxRetries
FNF:15
FNH:15
FNDA:6,(anonymous_0)
FNDA:6,(anonymous_1)
FNDA:6,(anonymous_2)
FNDA:196,createRssError
FNDA:65,createRssErrorFromError
FNDA:92,classifyError
FNDA:123,getDefaultMessage
FNDA:194,getDefaultUserMessage
FNDA:195,getDefaultActions
FNDA:66,isRssError
FNDA:5,getErrorCategory
FNDA:59,isRetryable
FNDA:7,isRecoverable
FNDA:20,getRetryDelay
FNDA:39,getMaxRetries
DA:12,6
DA:14,6
DA:16,6
DA:18,6
DA:20,6
DA:26,6
DA:29,6
DA:31,6
DA:33,6
DA:35,6
DA:37,6
DA:39,6
DA:41,6
DA:43,6
DA:45,6
DA:49,6
DA:51,6
DA:53,6
DA:55,6
DA:57,6
DA:59,6
DA:61,6
DA:63,6
DA:67,6
DA:69,6
DA:71,6
DA:73,6
DA:75,6
DA:79,6
DA:81,6
DA:83,6
DA:85,6
DA:91,6
DA:93,6
DA:95,6
DA:97,6
DA:99,6
DA:186,6
DA:421,6
DA:431,196
DA:433,196
DA:456,6
DA:460,65
DA:462,65
DA:477,6
DA:478,92
DA:479,92
DA:482,92
DA:483,11
DA:485,81
DA:486,23
DA:488,58
DA:489,3
DA:491,55
DA:492,0
DA:494,55
DA:495,1
DA:497,54
DA:498,4
DA:500,50
DA:501,3
DA:503,47
DA:504,0
DA:508,47
DA:509,2
DA:511,45
DA:512,1
DA:514,44
DA:515,2
DA:519,42
DA:520,6
DA:522,36
DA:523,1
DA:525,35
DA:526,1
DA:528,34
DA:529,2
DA:531,32
DA:532,1
DA:536,31
DA:537,2
DA:539,29
DA:540,1
DA:544,28
DA:553,123
DA:582,123
DA:591,194
DA:620,194
DA:629,195
DA:708,195
DA:716,6
DA:717,66
DA:734,6
DA:735,5
DA:743,6
DA:744,59
DA:745,59
DA:753,6
DA:754,7
DA:755,7
DA:764,6
DA:765,20
DA:766,20
DA:769,20
DA:770,20
DA:772,20
DA:780,6
DA:781,39
DA:782,39
LF:109
LH:107
BRDA:12,0,0,6
BRDA:12,0,1,6
BRDA:26,1,0,6
BRDA:26,1,1,6
BRDA:91,2,0,6
BRDA:91,2,1,6
BRDA:423,3,0,119
BRDA:436,4,0,196
BRDA:436,4,1,123
BRDA:437,5,0,196
BRDA:437,5,1,194
BRDA:443,6,0,196
BRDA:443,6,1,195
BRDA:482,7,0,11
BRDA:482,8,0,92
BRDA:482,8,1,82
BRDA:485,9,0,23
BRDA:485,10,0,81
BRDA:485,10,1,59
BRDA:488,11,0,3
BRDA:488,12,0,58
BRDA:488,12,1,57
BRDA:491,13,0,0
BRDA:491,14,0,55
BRDA:491,14,1,55
BRDA:494,15,0,1
BRDA:497,16,0,4
BRDA:497,17,0,54
BRDA:497,17,1,51
BRDA:500,18,0,3
BRDA:500,19,0,50
BRDA:500,19,1,48
BRDA:503,20,0,0
BRDA:503,21,0,47
BRDA:503,21,1,0
BRDA:508,22,0,2
BRDA:508,23,0,47
BRDA:508,23,1,46
BRDA:511,24,0,1
BRDA:511,25,0,45
BRDA:511,25,1,2
BRDA:511,25,2,1
BRDA:514,26,0,2
BRDA:514,27,0,44
BRDA:514,27,1,43
BRDA:519,28,0,6
BRDA:519,29,0,42
BRDA:519,29,1,6
BRDA:519,29,2,1
BRDA:522,30,0,1
BRDA:522,31,0,36
BRDA:522,31,1,35
BRDA:525,32,0,1
BRDA:528,33,0,2
BRDA:528,34,0,34
BRDA:528,34,1,33
BRDA:531,35,0,1
BRDA:531,36,0,32
BRDA:531,36,1,32
BRDA:536,37,0,2
BRDA:536,38,0,31
BRDA:536,38,1,30
BRDA:539,39,0,1
BRDA:539,40,0,29
BRDA:539,40,1,28
BRDA:582,41,0,123
BRDA:582,41,1,0
BRDA:620,42,0,194
BRDA:620,42,1,0
BRDA:708,43,0,195
BRDA:708,43,1,0
BRDA:718,44,0,66
BRDA:718,44,1,65
BRDA:718,44,2,64
BRDA:718,44,3,4
BRDA:718,44,4,3
BRDA:718,44,5,3
BRDA:718,44,6,3
BRDA:718,44,7,3
BRDA:735,45,0,5
BRDA:735,45,1,0
BRDA:735,46,0,0
BRDA:735,46,1,5
BRDA:735,47,0,5
BRDA:735,47,1,5
BRDA:744,48,0,6
BRDA:744,48,1,53
BRDA:745,49,0,59
BRDA:745,49,1,13
BRDA:745,50,0,0
BRDA:745,50,1,59
BRDA:745,51,0,59
BRDA:745,51,1,59
BRDA:754,52,0,6
BRDA:754,52,1,1
BRDA:755,53,0,7
BRDA:755,53,1,3
BRDA:755,54,0,0
BRDA:755,54,1,7
BRDA:755,55,0,7
BRDA:755,55,1,7
BRDA:764,56,0,0
BRDA:765,57,0,6
BRDA:765,57,1,14
BRDA:766,58,0,20
BRDA:766,58,1,0
BRDA:766,59,0,0
BRDA:766,59,1,20
BRDA:766,60,0,20
BRDA:766,60,1,20
BRDA:781,61,0,4
BRDA:781,61,1,35
BRDA:782,62,0,39
BRDA:782,62,1,0
BRDA:782,63,0,39
BRDA:782,63,1,39
BRDA:782,64,0,0
BRDA:782,64,1,39
BRDA:782,65,0,39
BRDA:782,65,1,39
BRF:120
BRH:105
end_of_record
TN:
SF:src/webparts/polRssGallery/errors/retryService.ts
FN:64,(anonymous_0)
FN:65,(anonymous_1)
FN:66,(anonymous_2)
FN:92,(anonymous_3)
FN:106,(anonymous_4)
FN:113,(anonymous_5)
FN:130,(anonymous_6)
FN:152,(anonymous_7)
FN:167,(anonymous_8)
FN:174,(anonymous_9)
FN:185,(anonymous_10)
FN:194,(anonymous_11)
FN:204,(anonymous_12)
FN:214,(anonymous_13)
FN:265,(anonymous_14)
FN:273,(anonymous_15)
FN:283,(anonymous_16)
FN:294,(anonymous_17)
FN:295,(anonymous_18)
FN:302,createRetryService
FN:312,withRetry
FN:318,(anonymous_21)
FN:319,(anonymous_22)
FNF:23
FNH:21
FNDA:5,(anonymous_0)
FNDA:5,(anonymous_1)
FNDA:0,(anonymous_2)
FNDA:26,(anonymous_3)
FNDA:8,(anonymous_4)
FNDA:12,(anonymous_5)
FNDA:17,(anonymous_6)
FNDA:16,(anonymous_7)
FNDA:7,(anonymous_8)
FNDA:0,(anonymous_9)
FNDA:6,(anonymous_10)
FNDA:3,(anonymous_11)
FNDA:1,(anonymous_12)
FNDA:6,(anonymous_13)
FNDA:16,(anonymous_14)
FNDA:16,(anonymous_15)
FNDA:16,(anonymous_16)
FNDA:3,(anonymous_17)
FNDA:3,(anonymous_18)
FNDA:2,createRetryService
FNDA:2,withRetry
FNDA:2,(anonymous_21)
FNDA:3,(anonymous_22)
DA:8,1
DA:58,1
DA:86,1
DA:89,26
DA:90,26
DA:93,26
DA:94,26
DA:107,8
DA:114,12
DA:115,12
DA:131,17
DA:132,10
DA:135,7
DA:138,7
DA:141,7
DA:144,7
DA:153,16
DA:154,1
DA:157,15
DA:158,15
DA:171,7
DA:172,1
DA:173,1
DA:174,1
DA:177,6
DA:178,6
DA:180,6
DA:181,6
DA:182,6
DA:185,6
DA:186,6
DA:187,6
DA:189,0
DA:194,6
DA:195,3
DA:196,3
DA:197,3
DA:198,3
DA:199,3
DA:200,3
DA:201,3
DA:204,6
DA:218,6
DA:221,6
DA:222,0
DA:223,0
DA:224,0
DA:230,6
DA:231,9
DA:232,9
DA:233,3
DA:237,3
DA:238,3
DA:241,9
DA:242,9
DA:243,5
DA:244,5
DA:246,4
DA:250,4
DA:251,4
DA:253,4
DA:254,1
DA:255,1
DA:256,1
DA:266,16
DA:267,16
DA:274,16
DA:275,5
DA:276,5
DA:284,16
DA:285,5
DA:286,5
DA:295,3
DA:302,1
DA:303,2
DA:312,1
DA:316,2
DA:318,2
DA:319,3
DA:323,1
LF:80
LH:76
BRDA:92,0,0,9
BRDA:131,1,0,10
BRDA:153,2,0,1
BRDA:157,3,0,15
BRDA:157,3,1,0
BRDA:157,4,0,15
BRDA:157,4,1,15
BRDA:171,5,0,1
BRDA:186,6,0,6
BRDA:186,6,1,0
BRDA:186,7,0,6
BRDA:186,7,1,6
BRDA:221,8,0,0
BRDA:223,9,0,0
BRDA:232,10,0,3
BRDA:232,11,0,9
BRDA:232,11,1,6
BRDA:235,12,0,3
BRDA:235,12,1,0
BRDA:235,13,0,3
BRDA:235,13,1,3
BRDA:246,14,0,4
BRDA:246,14,1,0
BRDA:253,15,0,1
BRDA:274,16,0,5
BRDA:284,17,0,5
BRF:26
BRH:20
end_of_record
TN:
SF:src/webparts/polRssGallery/hooks/useContainerSize.ts
FN:99,useContainerSize
FN:105,(anonymous_1)
FN:117,(anonymous_2)
FN:121,(anonymous_3)
FN:132,(anonymous_4)
FN:140,(anonymous_5)
FN:151,(anonymous_6)
FN:178,useBreakpoint
FN:202,useIsAtBreakpoint
FN:238,useColumns
FNF:10
FNH:10
FNDA:93,useContainerSize
FNDA:129,(anonymous_1)
FNDA:43,(anonymous_2)
FNDA:43,(anonymous_3)
FNDA:52,(anonymous_4)
FNDA:2,(anonymous_5)
FNDA:40,(anonymous_6)
FNDA:5,useBreakpoint
FNDA:12,useIsAtBreakpoint
FNDA:7,useColumns
DA:13,1
DA:14,1
DA:69,1
DA:99,1
DA:103,93
DA:105,93
DA:106,129
DA:117,93
DA:118,43
DA:121,93
DA:122,43
DA:123,43
DA:126,40
DA:127,40
DA:130,40
DA:132,40
DA:133,52
DA:134,52
DA:136,52
DA:138,52
DA:139,8
DA:140,8
DA:141,2
DA:144,44
DA:148,40
DA:149,40
DA:151,40
DA:152,40
DA:153,40
DA:157,93
DA:178,1
DA:179,5
DA:180,5
DA:202,1
DA:206,12
DA:208,12
DA:210,12
DA:211,12
DA:212,12
DA:214,12
DA:238,1
DA:242,7
DA:243,7
DA:246,1
LF:44
LH:44
BRDA:101,0,0,72
BRDA:123,1,0,3
BRDA:134,2,0,0
BRDA:138,3,0,8
BRDA:138,3,1,44
BRDA:139,4,0,5
BRDA:153,5,0,3
BRDA:208,6,0,0
BRDA:240,7,0,5
BRF:9
BRH:7
end_of_record
TN:
SF:src/webparts/polRssGallery/hooks/useOnlineStatus.ts
FN:55,useOnlineStatus
FN:63,(anonymous_1)
FN:73,(anonymous_2)
FN:74,(anonymous_3)
FN:90,(anonymous_4)
FN:100,(anonymous_5)
FN:101,(anonymous_6)
FN:106,(anonymous_7)
FN:113,(anonymous_8)
FN:125,(anonymous_9)
FN:133,(anonymous_10)
FN:153,useIsOnline
FNF:12
FNH:0
FNDA:0,useOnlineStatus
FNDA:0,(anonymous_1)
FNDA:0,(anonymous_2)
FNDA:0,(anonymous_3)
FNDA:0,(anonymous_4)
FNDA:0,(anonymous_5)
FNDA:0,(anonymous_6)
FNDA:0,(anonymous_7)
FNDA:0,(anonymous_8)
FNDA:0,(anonymous_9)
FNDA:0,(anonymous_10)
FNDA:0,useIsOnline
DA:8,0
DA:55,0
DA:61,0
DA:63,0
DA:70,0
DA:71,0
DA:73,0
DA:74,0
DA:81,0
DA:82,0
DA:86,0
DA:87,0
DA:88,0
DA:90,0
DA:91,0
DA:92,0
DA:97,0
DA:98,0
DA:100,0
DA:101,0
DA:102,0
DA:106,0
DA:108,0
DA:109,0
DA:110,0
DA:113,0
DA:120,0
DA:121,0
DA:125,0
DA:126,0
DA:127,0
DA:130,0
DA:131,0
DA:133,0
DA:134,0
DA:135,0
DA:138,0
DA:139,0
DA:141,0
DA:142,0
DA:147,0
DA:153,0
DA:154,0
DA:155,0
DA:158,0
LF:45
LH:0
BRDA:55,0,0,0
BRDA:60,1,0,0
BRDA:64,2,0,0
BRDA:64,2,1,0
BRDA:65,3,0,0
BRDA:65,3,1,0
BRDA:81,4,0,0
BRDA:86,5,0,0
BRDA:87,6,0,0
BRDA:97,7,0,0
BRDA:108,8,0,0
BRDA:120,9,0,0
BRDA:126,10,0,0
BRDA:138,11,0,0
BRDA:141,12,0,0
BRF:15
BRH:0
end_of_record
TN:
SF:src/webparts/polRssGallery/hooks/useTouchInteraction.ts
FN:104,detectTouchDevice
FN:117,detectCoarsePointer
FN:125,getOrientation
FN:137,useTouchInteraction
FN:143,(anonymous_4)
FN:144,(anonymous_5)
FN:147,(anonymous_6)
FN:153,(anonymous_7)
FN:154,(anonymous_8)
FN:159,(anonymous_9)
FN:166,(anonymous_10)
FN:173,(anonymous_11)
FN:192,(anonymous_12)
FN:205,(anonymous_13)
FN:206,(anonymous_14)
FN:210,(anonymous_15)
FN:218,(anonymous_16)
FN:228,(anonymous_17)
FN:233,(anonymous_18)
FN:237,(anonymous_19)
FN:241,(anonymous_20)
FN:318,useSwipeGesture
FN:330,(anonymous_22)
FN:348,(anonymous_23)
FN:376,(anonymous_24)
FN:418,(anonymous_25)
FN:473,useTouchRipple
FN:481,(anonymous_27)
FN:504,(anonymous_28)
FN:507,(anonymous_29)
FN:508,(anonymous_30)
FN:508,(anonymous_31)
FN:514,(anonymous_32)
FNF:33
FNH:28
FNDA:12,detectTouchDevice
FNDA:20,detectCoarsePointer
FNDA:11,getOrientation
FNDA:19,useTouchInteraction
FNDA:9,(anonymous_4)
FNDA:9,(anonymous_5)
FNDA:9,(anonymous_6)
FNDA:9,(anonymous_7)
FNDA:0,(anonymous_8)
FNDA:0,(anonymous_9)
FNDA:9,(anonymous_10)
FNDA:0,(anonymous_11)
FNDA:9,(anonymous_12)
FNDA:9,(anonymous_13)
FNDA:0,(anonymous_14)
FNDA:0,(anonymous_15)
FNDA:9,(anonymous_16)
FNDA:6,(anonymous_17)
FNDA:2,(anonymous_18)
FNDA:1,(anonymous_19)
FNDA:1,(anonymous_20)
FNDA:39,useSwipeGesture
FNDA:11,(anonymous_22)
FNDA:7,(anonymous_23)
FNDA:7,(anonymous_24)
FNDA:1,(anonymous_25)
FNDA:15,useTouchRipple
FNDA:8,(anonymous_27)
FNDA:7,(anonymous_28)
FNDA:1,(anonymous_29)
FNDA:1,(anonymous_30)
FNDA:1,(anonymous_31)
FNDA:1,(anonymous_32)
DA:24,1
DA:104,1
DA:105,12
DA:106,12
DA:117,1
DA:118,20
DA:119,20
DA:125,1
DA:126,11
DA:127,11
DA:137,1
DA:140,19
DA:143,19
DA:144,19
DA:145,19
DA:146,19
DA:147,19
DA:150,19
DA:153,19
DA:154,9
DA:155,0
DA:156,0
DA:159,9
DA:160,0
DA:161,0
DA:162,0
DA:166,9
DA:167,9
DA:171,9
DA:173,9
DA:174,0
DA:178,9
DA:179,9
DA:182,9
DA:183,9
DA:186,0
DA:190,9
DA:192,9
DA:193,9
DA:194,9
DA:196,9
DA:197,9
DA:199,0
DA:205,19
DA:206,9
DA:207,0
DA:208,0
DA:210,0
DA:211,0
DA:215,9
DA:216,9
DA:218,9
DA:219,9
DA:220,9
DA:221,9
DA:222,0
DA:228,19
DA:229,6
DA:230,6
DA:233,19
DA:234,2
DA:237,19
DA:238,1
DA:241,19
DA:242,1
DA:245,19
DA:252,19
DA:318,1
DA:319,39
DA:321,39
DA:322,39
DA:323,39
DA:326,39
DA:327,39
DA:329,39
DA:331,11
DA:332,11
DA:337,11
DA:341,11
DA:342,11
DA:347,39
DA:349,7
DA:351,7
DA:352,7
DA:357,7
DA:358,1
DA:362,7
DA:363,7
DA:366,7
DA:368,7
DA:370,7
DA:375,39
DA:377,7
DA:378,0
DA:379,0
DA:380,0
DA:381,0
DA:384,7
DA:385,7
DA:386,7
DA:390,7
DA:392,7
DA:395,7
DA:396,5
DA:401,5
DA:409,7
DA:410,7
DA:411,7
DA:412,7
DA:413,7
DA:418,39
DA:419,1
DA:420,1
DA:421,1
DA:422,1
DA:423,1
DA:426,39
DA:433,39
DA:473,1
DA:477,15
DA:478,15
DA:480,15
DA:482,8
DA:483,8
DA:485,7
DA:489,7
DA:490,1
DA:491,1
DA:492,1
DA:494,6
DA:495,6
DA:498,7
DA:499,7
DA:501,7
DA:502,7
DA:504,7
DA:507,7
DA:508,1
DA:514,15
DA:515,1
DA:518,15
DA:525,1
LF:142
LH:125
BRDA:105,0,0,0
BRDA:107,1,0,12
BRDA:107,1,1,11
BRDA:107,1,2,10
BRDA:118,2,0,0
BRDA:126,3,0,0
BRDA:127,4,0,2
BRDA:127,4,1,9
BRDA:138,5,0,19
BRDA:140,6,0,19
BRDA:161,7,0,0
BRDA:182,8,0,9
BRDA:182,8,1,0
BRDA:196,9,0,9
BRDA:196,9,1,0
BRDA:207,10,0,0
BRDA:221,11,0,0
BRDA:318,12,0,7
BRDA:319,13,0,15
BRDA:319,14,0,36
BRDA:342,15,0,10
BRDA:342,15,1,1
BRDA:342,16,0,11
BRDA:342,16,1,11
BRDA:349,17,0,0
BRDA:357,18,0,1
BRDA:366,19,0,3
BRDA:366,19,1,4
BRDA:366,20,0,2
BRDA:366,20,1,1
BRDA:368,21,0,2
BRDA:368,21,1,5
BRDA:368,22,0,1
BRDA:368,22,1,1
BRDA:377,23,0,0
BRDA:377,24,0,7
BRDA:377,24,1,7
BRDA:380,25,0,0
BRDA:380,25,1,0
BRDA:380,26,0,0
BRDA:380,26,1,0
BRDA:390,27,0,3
BRDA:390,27,1,4
BRDA:390,28,0,2
BRDA:390,28,1,1
BRDA:392,29,0,2
BRDA:392,29,1,5
BRDA:392,30,0,1
BRDA:392,30,1,1
BRDA:395,31,0,5
BRDA:395,32,0,7
BRDA:395,32,1,4
BRDA:397,33,0,1
BRDA:397,33,1,4
BRDA:398,34,0,1
BRDA:398,34,1,4
BRDA:401,35,0,0
BRDA:401,35,1,5
BRDA:401,36,0,5
BRDA:401,36,1,5
BRDA:413,37,0,6
BRDA:413,37,1,1
BRDA:413,38,0,7
BRDA:413,38,1,7
BRDA:423,39,0,1
BRDA:423,39,1,0
BRDA:423,40,0,1
BRDA:423,40,1,1
BRDA:475,41,0,12
BRDA:483,42,0,1
BRDA:489,43,0,1
BRDA:489,43,1,6
BRF:72
BRH:56
end_of_record
TN:
SF:src/webparts/polRssGallery/propertyPane/PropertyPaneFeedUrl.ts
FN:63,(anonymous_0)
FN:82,(anonymous_1)
FN:118,(anonymous_2)
FN:132,(anonymous_3)
FN:138,(anonymous_4)
FN:146,(anonymous_5)
FN:160,(anonymous_6)
FN:170,(anonymous_7)
FN:179,(anonymous_8)
FN:280,(anonymous_9)
FN:306,(anonymous_10)
FN:343,(anonymous_11)
FN:384,(anonymous_12)
FN:434,(anonymous_13)
FN:449,PropertyPaneFeedUrl
FNF:15
FNH:10
FNDA:8,(anonymous_0)
FNDA:6,(anonymous_1)
FNDA:0,(anonymous_2)
FNDA:0,(anonymous_3)
FNDA:0,(anonymous_4)
FNDA:4,(anonymous_5)
FNDA:0,(anonymous_6)
FNDA:9,(anonymous_7)
FNDA:6,(anonymous_8)
FNDA:6,(anonymous_9)
FNDA:4,(anonymous_10)
FNDA:0,(anonymous_11)
FNDA:8,(anonymous_12)
FNDA:3,(anonymous_13)
FNDA:8,PropertyPaneFeedUrl
DA:6,1
DA:11,1
DA:12,1
DA:13,1
DA:14,1
DA:54,8
DA:60,8
DA:61,8
DA:64,8
DA:65,8
DA:66,8
DA:72,8
DA:83,6
DA:86,6
DA:111,6
DA:114,6
DA:115,6
DA:117,6
DA:118,6
DA:119,0
DA:120,0
DA:121,0
DA:124,0
DA:127,0
DA:128,0
DA:132,6
DA:134,0
DA:135,0
DA:137,0
DA:138,0
DA:139,0
DA:145,6
DA:146,6
DA:147,4
DA:152,6
DA:153,6
DA:161,0
DA:162,0
DA:164,0
DA:171,9
DA:172,9
DA:173,9
DA:180,6
DA:181,6
DA:183,1
DA:184,1
DA:185,1
DA:274,1
DA:281,6
DA:282,6
DA:284,6
DA:285,6
DA:286,6
DA:287,0
DA:292,6
DA:293,0
DA:297,6
DA:298,0
DA:307,4
DA:308,4
DA:310,4
DA:311,4
DA:313,4
DA:315,4
DA:316,4
DA:318,4
DA:320,4
DA:327,3
DA:328,0
DA:332,0
DA:335,3
DA:338,3
DA:340,3
DA:341,0
DA:343,0
DA:345,0
DA:349,3
DA:351,3
DA:359,3
DA:361,3
DA:362,3
DA:363,3
DA:364,3
DA:367,3
DA:368,3
DA:371,1
DA:372,1
DA:377,4
DA:385,8
DA:387,8
DA:388,8
DA:391,8
DA:393,8
DA:394,0
DA:397,8
DA:399,8
DA:401,8
DA:403,4
DA:404,4
DA:406,3
DA:413,3
DA:415,0
DA:422,0
DA:424,1
DA:425,1
DA:428,8
DA:435,3
DA:441,3
DA:442,3
DA:449,1
DA:450,8
LF:111
LH:86
BRDA:67,0,0,8
BRDA:67,0,1,2
BRDA:95,1,0,6
BRDA:95,1,1,6
BRDA:105,2,0,0
BRDA:105,2,1,6
BRDA:117,3,0,6
BRDA:127,4,0,0
BRDA:134,5,0,0
BRDA:137,6,0,0
BRDA:137,7,0,0
BRDA:137,7,1,0
BRDA:145,8,0,6
BRDA:152,9,0,6
BRDA:161,10,0,0
BRDA:181,11,0,5
BRDA:282,12,0,0
BRDA:282,12,1,6
BRDA:282,13,0,6
BRDA:282,13,1,6
BRDA:284,14,0,6
BRDA:286,15,0,0
BRDA:286,16,0,6
BRDA:286,16,1,0
BRDA:292,17,0,0
BRDA:292,17,1,6
BRDA:292,18,0,6
BRDA:292,18,1,0
BRDA:297,19,0,0
BRDA:308,20,0,0
BRDA:311,21,0,0
BRDA:315,22,0,0
BRDA:315,22,1,4
BRDA:315,23,0,4
BRDA:315,23,1,4
BRDA:316,24,0,4
BRDA:327,25,0,0
BRDA:340,26,0,0
BRDA:353,27,0,0
BRDA:353,27,1,3
BRDA:353,28,0,3
BRDA:353,28,1,3
BRDA:361,29,0,0
BRDA:361,29,1,3
BRDA:361,30,0,3
BRDA:361,30,1,3
BRDA:362,31,0,3
BRDA:367,32,0,3
BRDA:371,33,0,1
BRDA:371,33,1,0
BRDA:377,34,0,4
BRDA:387,35,0,0
BRDA:387,35,1,8
BRDA:387,36,0,8
BRDA:387,36,1,8
BRDA:388,37,0,0
BRDA:393,38,0,0
BRDA:401,39,0,4
BRDA:401,39,1,3
BRDA:401,39,2,0
BRDA:401,39,3,1
BRDA:410,40,0,3
BRDA:410,40,1,0
BRDA:411,41,0,3
BRDA:411,41,1,0
BRDA:411,42,0,3
BRDA:411,42,1,0
BRDA:417,43,0,0
BRDA:417,43,1,0
BRDA:419,44,0,0
BRDA:419,44,1,0
BRDA:420,45,0,0
BRDA:420,45,1,0
BRDA:420,46,0,0
BRDA:420,46,1,0
BRDA:424,47,0,1
BRDA:424,47,1,0
BRDA:441,48,0,3
BRDA:441,48,1,0
BRDA:442,49,0,3
BRDA:442,49,1,0
BRF:81
BRH:42
end_of_record
TN:
SF:src/webparts/polRssGallery/propertyPane/PropertyPaneLayoutPicker.ts
FN:79,(anonymous_0)
FN:93,(anonymous_1)
FN:97,(anonymous_2)
FN:135,(anonymous_3)
FN:136,(anonymous_4)
FN:146,(anonymous_5)
FN:166,(anonymous_6)
FN:173,(anonymous_7)
FN:187,(anonymous_8)
FN:257,(anonymous_9)
FN:259,(anonymous_10)
FN:269,(anonymous_11)
FN:348,PropertyPaneLayoutPicker
FNF:13
FNH:0
FNDA:0,(anonymous_0)
FNDA:0,(anonymous_1)
FNDA:0,(anonymous_2)
FNDA:0,(anonymous_3)
FNDA:0,(anonymous_4)
FNDA:0,(anonymous_5)
FNDA:0,(anonymous_6)
FNDA:0,(anonymous_7)
FNDA:0,(anonymous_8)
FNDA:0,(anonymous_9)
FNDA:0,(anonymous_10)
FNDA:0,(anonymous_11)
FNDA:0,PropertyPaneLayoutPicker
DA:6,0
DA:30,0
DA:72,0
DA:77,0
DA:80,0
DA:81,0
DA:83,0
DA:94,0
DA:97,0
DA:98,0
DA:99,0
DA:100,0
DA:102,0
DA:121,0
DA:131,0
DA:134,0
DA:135,0
DA:136,0
DA:137,0
DA:138,0
DA:139,0
DA:140,0
DA:141,0
DA:146,0
DA:147,0
DA:148,0
DA:149,0
DA:150,0
DA:151,0
DA:152,0
DA:153,0
DA:154,0
DA:155,0
DA:156,0
DA:157,0
DA:167,0
DA:174,0
DA:181,0
DA:188,0
DA:251,0
DA:258,0
DA:259,0
DA:260,0
DA:261,0
DA:262,0
DA:270,0
DA:271,0
DA:273,0
DA:274,0
DA:275,0
DA:341,0
DA:348,0
DA:349,0
LF:53
LH:0
BRDA:105,0,0,0
BRDA:105,0,1,0
BRDA:108,1,0,0
BRDA:108,1,1,0
BRDA:139,2,0,0
BRDA:139,3,0,0
BRDA:139,3,1,0
BRDA:148,4,0,0
BRDA:148,4,1,0
BRDA:148,5,0,0
BRDA:148,5,1,0
BRDA:150,6,0,0
BRDA:150,6,1,0
BRDA:153,7,0,0
BRDA:153,8,0,0
BRDA:153,8,1,0
BRDA:155,9,0,0
BRDA:155,9,1,0
BRDA:181,10,0,0
BRDA:181,10,1,0
BRDA:251,11,0,0
BRDA:251,11,1,0
BRDA:258,12,0,0
BRDA:258,12,1,0
BRDA:258,13,0,0
BRDA:258,13,1,0
BRDA:259,14,0,0
BRDA:259,14,1,0
BRDA:259,15,0,0
BRDA:259,15,1,0
BRDA:271,16,0,0
BRF:31
BRH:0
end_of_record
TN:
SF:src/webparts/polRssGallery/propertyPane/PropertyPanePresets.ts
FN:37,(anonymous_0)
FN:51,(anonymous_1)
FN:54,(anonymous_2)
FN:90,(anonymous_3)
FN:91,(anonymous_4)
FN:104,(anonymous_5)
FN:111,(anonymous_6)
FN:124,(anonymous_7)
FN:133,(anonymous_8)
FN:135,(anonymous_9)
FN:155,(anonymous_10)
FN:238,PropertyPanePresets
FNF:12
FNH:0
FNDA:0,(anonymous_0)
FNDA:0,(anonymous_1)
FNDA:0,(anonymous_2)
FNDA:0,(anonymous_3)
FNDA:0,(anonymous_4)
FNDA:0,(anonymous_5)
FNDA:0,(anonymous_6)
FNDA:0,(anonymous_7)
FNDA:0,(anonymous_8)
FNDA:0,(anonymous_9)
FNDA:0,(anonymous_10)
FNDA:0,PropertyPanePresets
DA:6,0
DA:11,0
DA:30,0
DA:35,0
DA:38,0
DA:39,0
DA:41,0
DA:52,0
DA:54,0
DA:55,0
DA:56,0
DA:57,0
DA:59,0
DA:76,0
DA:86,0
DA:89,0
DA:90,0
DA:91,0
DA:92,0
DA:93,0
DA:94,0
DA:95,0
DA:105,0
DA:112,0
DA:118,0
DA:125,0
DA:126,0
DA:127,0
DA:134,0
DA:135,0
DA:136,0
DA:137,0
DA:138,0
DA:141,0
DA:142,0
DA:143,0
DA:144,0
DA:145,0
DA:146,0
DA:147,0
DA:156,0
DA:157,0
DA:159,0
DA:160,0
DA:161,0
DA:231,0
DA:238,0
DA:239,0
LF:48
LH:0
BRDA:56,0,0,0
BRDA:56,0,1,0
BRDA:57,1,0,0
BRDA:57,1,1,0
BRDA:62,2,0,0
BRDA:62,2,1,0
BRDA:71,3,0,0
BRDA:71,3,1,0
BRDA:93,4,0,0
BRDA:93,5,0,0
BRDA:93,5,1,0
BRDA:118,6,0,0
BRDA:118,6,1,0
BRDA:134,7,0,0
BRDA:134,7,1,0
BRDA:134,8,0,0
BRDA:134,8,1,0
BRDA:135,9,0,0
BRDA:135,9,1,0
BRDA:135,10,0,0
BRDA:135,10,1,0
BRDA:142,11,0,0
BRDA:142,11,1,0
BRDA:142,12,0,0
BRDA:142,12,1,0
BRDA:146,13,0,0
BRDA:146,14,0,0
BRDA:146,14,1,0
BRDA:157,15,0,0
BRF:29
BRH:0
end_of_record
TN:
SF:src/webparts/polRssGallery/propertyPane/PropertyPaneProxyConfig.ts
FN:44,(anonymous_0)
FN:58,(anonymous_1)
FN:102,(anonymous_2)
FN:117,(anonymous_3)
FN:126,(anonymous_4)
FN:133,(anonymous_5)
FN:142,(anonymous_6)
FN:193,(anonymous_7)
FN:221,(anonymous_8)
FN:327,PropertyPaneProxyConfig
FNF:10
FNH:0
FNDA:0,(anonymous_0)
FNDA:0,(anonymous_1)
FNDA:0,(anonymous_2)
FNDA:0,(anonymous_3)
FNDA:0,(anonymous_4)
FNDA:0,(anonymous_5)
FNDA:0,(anonymous_6)
FNDA:0,(anonymous_7)
FNDA:0,(anonymous_8)
FNDA:0,PropertyPaneProxyConfig
DA:6,0
DA:36,0
DA:41,0
DA:42,0
DA:45,0
DA:46,0
DA:48,0
DA:59,0
DA:61,0
DA:95,0
DA:98,0
DA:99,0
DA:101,0
DA:102,0
DA:103,0
DA:104,0
DA:107,0
DA:108,0
DA:112,0
DA:116,0
DA:117,0
DA:118,0
DA:127,0
DA:134,0
DA:135,0
DA:136,0
DA:143,0
DA:144,0
DA:146,0
DA:148,0
DA:149,0
DA:150,0
DA:152,0
DA:153,0
DA:155,0
DA:157,0
DA:159,0
DA:160,0
DA:162,0
DA:167,0
DA:168,0
DA:171,0
DA:172,0
DA:174,0
DA:175,0
DA:177,0
DA:181,0
DA:182,0
DA:184,0
DA:185,0
DA:186,0
DA:194,0
DA:195,0
DA:197,0
DA:199,0
DA:200,0
DA:201,0
DA:204,0
DA:206,0
DA:212,0
DA:222,0
DA:223,0
DA:225,0
DA:226,0
DA:227,0
DA:320,0
DA:327,0
DA:328,0
LF:68
LH:0
BRDA:69,0,0,0
BRDA:69,0,1,0
BRDA:70,1,0,0
BRDA:70,1,1,0
BRDA:73,2,0,0
BRDA:73,2,1,0
BRDA:78,3,0,0
BRDA:78,3,1,0
BRDA:83,4,0,0
BRDA:83,4,1,0
BRDA:101,5,0,0
BRDA:107,6,0,0
BRDA:116,7,0,0
BRDA:143,8,0,0
BRDA:143,8,1,0
BRDA:143,9,0,0
BRDA:143,9,1,0
BRDA:144,10,0,0
BRDA:144,10,1,0
BRDA:144,11,0,0
BRDA:144,11,1,0
BRDA:146,12,0,0
BRDA:146,13,0,0
BRDA:146,13,1,0
BRDA:149,14,0,0
BRDA:149,14,1,0
BRDA:149,15,0,0
BRDA:149,15,1,0
BRDA:150,16,0,0
BRDA:150,16,1,0
BRDA:150,17,0,0
BRDA:150,17,1,0
BRDA:152,18,0,0
BRDA:153,19,0,0
BRDA:159,20,0,0
BRDA:159,20,1,0
BRDA:160,21,0,0
BRDA:160,21,1,0
BRDA:167,22,0,0
BRDA:167,22,1,0
BRDA:171,23,0,0
BRDA:171,23,1,0
BRDA:174,24,0,0
BRDA:174,24,1,0
BRDA:181,25,0,0
BRDA:181,25,1,0
BRDA:185,26,0,0
BRDA:186,27,0,0
BRDA:194,28,0,0
BRDA:194,28,1,0
BRDA:194,29,0,0
BRDA:194,29,1,0
BRDA:195,30,0,0
BRDA:199,31,0,0
BRDA:199,32,0,0
BRDA:199,32,1,0
BRDA:213,33,0,0
BRDA:213,33,1,0
BRDA:223,34,0,0
BRF:59
BRH:0
end_of_record
TN:
SF:src/webparts/polRssGallery/propertyPane/conditionalFields.ts
FN:12,shouldShowField
FN:18,(anonymous_1)
FN:19,(anonymous_2)
FN:22,(anonymous_3)
FN:25,(anonymous_4)
FN:36,shouldShowGroup
FN:42,(anonymous_6)
FN:52,isFieldDisabled
FN:58,(anonymous_8)
FN:61,(anonymous_9)
FN:64,(anonymous_10)
FN:74,getDependentFields
FNF:12
FNH:12
FNDA:15,shouldShowField
FNDA:3,(anonymous_1)
FNDA:3,(anonymous_2)
FNDA:2,(anonymous_3)
FNDA:2,(anonymous_4)
FNDA:6,shouldShowGroup
FNDA:3,(anonymous_6)
FNDA:12,isFieldDisabled
FNDA:4,(anonymous_8)
FNDA:2,(anonymous_9)
FNDA:2,(anonymous_10)
FNDA:7,getDependentFields
DA:12,1
DA:16,15
DA:18,3
DA:19,3
DA:22,2
DA:25,2
DA:29,15
DA:30,15
DA:36,1
DA:40,6
DA:42,3
DA:45,6
DA:46,6
DA:52,1
DA:56,12
DA:58,4
DA:61,2
DA:64,2
DA:67,12
DA:68,12
DA:74,1
DA:77,7
DA:84,7
LF:23
LH:23
BRDA:19,0,0,3
BRDA:19,0,1,2
BRDA:30,1,0,10
BRDA:30,1,1,5
BRDA:46,2,0,3
BRDA:46,2,1,3
BRDA:58,3,0,4
BRDA:58,3,1,2
BRDA:68,4,0,8
BRDA:68,4,1,4
BRDA:84,5,0,7
BRDA:84,5,1,3
BRF:12
BRH:12
end_of_record
TN:
SF:src/webparts/polRssGallery/propertyPane/presets.ts
FN:85,getPreset
FN:86,(anonymous_1)
FN:92,applyPreset
FN:109,detectCurrentPreset
FN:115,(anonymous_4)
FNF:5
FNH:5
FNDA:8,getPreset
FNDA:27,(anonymous_1)
FNDA:5,applyPreset
FNDA:5,detectCurrentPreset
FNDA:29,(anonymous_4)
DA:21,1
DA:85,1
DA:86,27
DA:92,1
DA:96,5
DA:97,5
DA:98,2
DA:101,3
DA:109,1
DA:111,5
DA:112,16
DA:114,14
DA:115,29
DA:117,14
DA:118,3
DA:122,2
LF:16
LH:16
BRDA:97,0,0,2
BRDA:97,1,0,5
BRDA:97,1,1,4
BRDA:112,2,0,2
BRDA:117,3,0,3
BRF:5
BRH:5
end_of_record
TN:
SF:src/webparts/polRssGallery/services/cacheKeyService.ts
FN:31,normalizeUrl
FN:54,(anonymous_1)
FN:58,(anonymous_2)
FN:59,(anonymous_3)
FN:79,isDefaultPort
FN:90,hashString
FN:105,generateCacheKey
FN:126,generateReadableKey
FN:145,isValidCacheKey
FN:152,extractUrlFromKey
FN:163,(anonymous_10)
FN:175,(anonymous_11)
FN:182,(anonymous_12)
FNF:13
FNH:12
FNDA:181,normalizeUrl
FNDA:5,(anonymous_1)
FNDA:2,(anonymous_2)
FNDA:5,(anonymous_3)
FNDA:1,isDefaultPort
FNDA:169,hashString
FNDA:162,generateCacheKey
FNDA:5,generateReadableKey
FNDA:7,isValidCacheKey
FNDA:0,extractUrlFromKey
FNDA:3,(anonymous_10)
FNDA:1,(anonymous_11)
FNDA:1,(anonymous_12)
DA:31,3
DA:32,181
DA:33,181
DA:36,178
DA:39,178
DA:40,1
DA:44,178
DA:45,178
DA:46,3
DA:48,178
DA:51,178
DA:52,3
DA:53,3
DA:54,3
DA:55,5
DA:57,3
DA:58,2
DA:59,5
DA:62,3
DA:63,3
DA:69,178
DA:72,3
DA:80,1
DA:90,3
DA:91,169
DA:92,169
DA:93,22783
DA:96,169
DA:105,3
DA:106,162
DA:114,162
DA:117,162
DA:120,162
DA:126,3
DA:127,5
DA:129,5
DA:130,2
DA:132,5
DA:133,2
DA:135,5
DA:136,1
DA:139,5
DA:145,3
DA:146,7
DA:152,3
DA:153,0
DA:159,3
DA:164,3
DA:165,3
DA:166,6
DA:167,6
DA:169,3
DA:176,1
DA:183,1
LF:54
LH:53
BRDA:39,0,0,1
BRDA:39,1,0,178
BRDA:39,1,1,1
BRDA:45,2,0,3
BRDA:45,3,0,178
BRDA:45,3,1,176
BRDA:51,4,0,3
BRDA:62,5,0,3
BRDA:81,6,0,1
BRDA:81,6,1,0
BRDA:81,6,2,1
BRDA:81,6,3,1
BRDA:108,7,0,17
BRDA:108,7,1,145
BRDA:108,8,0,162
BRDA:108,8,1,162
BRDA:109,9,0,162
BRDA:109,9,1,155
BRDA:109,10,0,155
BRDA:109,10,1,7
BRDA:109,11,0,162
BRDA:109,11,1,162
BRDA:110,12,0,162
BRDA:110,12,1,159
BRDA:110,13,0,159
BRDA:110,13,1,3
BRDA:110,14,0,162
BRDA:110,14,1,162
BRDA:129,15,0,2
BRDA:132,16,0,2
BRDA:135,17,0,1
BRF:31
BRH:30
end_of_record
TN:
SF:src/webparts/polRssGallery/services/cacheService.ts
FN:18,(anonymous_0)
FN:27,(anonymous_1)
FN:34,(anonymous_2)
FN:62,(anonymous_3)
FN:74,(anonymous_4)
FN:91,(anonymous_5)
FN:104,(anonymous_6)
FN:113,(anonymous_7)
FN:121,(anonymous_8)
FN:125,(anonymous_9)
FNF:10
FNH:0
FNDA:0,(anonymous_0)
FNDA:0,(anonymous_1)
FNDA:0,(anonymous_2)
FNDA:0,(anonymous_3)
FNDA:0,(anonymous_4)
FNDA:0,(anonymous_5)
FNDA:0,(anonymous_6)
FNDA:0,(anonymous_7)
FNDA:0,(anonymous_8)
FNDA:0,(anonymous_9)
DA:13,1
DA:19,0
DA:20,0
DA:28,0
DA:29,0
DA:31,0
DA:39,0
DA:40,0
DA:43,0
DA:44,0
DA:47,0
DA:48,0
DA:52,0
DA:53,0
DA:54,0
DA:59,0
DA:67,0
DA:68,0
DA:70,0
DA:79,0
DA:81,0
DA:87,0
DA:88,0
DA:92,0
DA:95,0
DA:96,0
DA:97,0
DA:102,0
DA:103,0
DA:104,0
DA:106,0
DA:107,0
DA:108,0
DA:114,0
DA:122,0
DA:126,0
LF:36
LH:1
BRDA:28,0,0,0
BRDA:37,1,0,0
BRDA:43,2,0,0
BRDA:47,3,0,0
BRDA:52,4,0,0
BRDA:96,5,0,0
BRDA:102,6,0,0
BRF:7
BRH:0
end_of_record
TN:
SF:src/webparts/polRssGallery/services/cacheSizeManager.ts
FN:100,(anonymous_0)
FN:107,(anonymous_1)
FN:114,(anonymous_2)
FN:130,(anonymous_3)
FN:141,(anonymous_4)
FN:148,(anonymous_5)
FN:155,(anonymous_6)
FN:167,(anonymous_7)
FN:178,(anonymous_8)
FN:183,(anonymous_9)
FN:189,(anonymous_10)
FN:193,(anonymous_11)
FN:199,(anonymous_12)
FN:213,(anonymous_13)
FN:219,(anonymous_14)
FN:223,(anonymous_15)
FN:229,(anonymous_16)
FN:242,(anonymous_17)
FN:259,(anonymous_18)
FN:298,(anonymous_19)
FN:332,(anonymous_20)
FN:339,(anonymous_21)
FN:346,(anonymous_22)
FN:357,(anonymous_23)
FN:374,(anonymous_24)
FN:382,(anonymous_25)
FN:389,(anonymous_26)
FN:398,(anonymous_27)
FN:416,getCacheSizeManager
FN:426,resetCacheSizeManager
FNF:30
FNH:29
FNDA:27,(anonymous_0)
FNDA:3,(anonymous_1)
FNDA:43,(anonymous_2)
FNDA:18,(anonymous_3)
FNDA:1,(anonymous_4)
FNDA:4,(anonymous_5)
FNDA:3,(anonymous_6)
FNDA:5,(anonymous_7)
FNDA:4,(anonymous_8)
FNDA:2,(anonymous_9)
FNDA:7,(anonymous_10)
FNDA:7,(anonymous_11)
FNDA:1,(anonymous_12)
FNDA:0,(anonymous_13)
FNDA:1,(anonymous_14)
FNDA:1,(anonymous_15)
FNDA:3,(anonymous_16)
FNDA:1,(anonymous_17)
FNDA:2,(anonymous_18)
FNDA:2,(anonymous_19)
FNDA:9,(anonymous_20)
FNDA:8,(anonymous_21)
FNDA:1,(anonymous_22)
FNDA:1,(anonymous_23)
FNDA:4,(anonymous_24)
FNDA:1,(anonymous_25)
FNDA:3,(anonymous_26)
FNDA:43,(anonymous_27)
FNDA:4,getCacheSizeManager
FNDA:27,resetCacheSizeManager
DA:70,1
DA:94,1
DA:96,27
DA:97,27
DA:98,27
DA:101,27
DA:108,3
DA:115,43
DA:116,43
DA:118,43
DA:131,18
DA:132,18
DA:133,18
DA:134,18
DA:142,1
DA:149,4
DA:156,3
DA:157,2
DA:160,1
DA:161,1
DA:168,5
DA:172,5
DA:175,5
DA:178,4
DA:179,1
DA:183,2
DA:184,1
DA:189,7
DA:190,3
DA:193,7
DA:200,1
DA:201,0
DA:204,1
DA:205,1
DA:210,1
DA:213,0
DA:214,0
DA:219,1
DA:220,1
DA:223,1
DA:230,3
DA:231,3
DA:232,6
DA:233,5
DA:236,3
DA:243,1
DA:244,0
DA:247,1
DA:248,1
DA:249,1
DA:250,1
DA:253,1
DA:260,2
DA:268,2
DA:269,1
DA:270,1
DA:271,2
DA:272,2
DA:273,2
DA:276,1
DA:280,2
DA:281,0
DA:282,0
DA:283,0
DA:284,0
DA:285,0
DA:288,2
DA:289,1
DA:292,2
DA:300,2
DA:301,2
DA:302,5
DA:306,2
DA:307,2
DA:308,2
DA:309,0
DA:310,0
DA:313,2
DA:314,2
DA:316,2
DA:333,9
DA:340,8
DA:347,1
DA:348,1
DA:349,2
DA:351,1
DA:358,1
DA:359,1
DA:361,1
DA:362,3
DA:363,2
DA:364,2
DA:368,1
DA:375,4
DA:376,4
DA:383,1
DA:390,3
DA:399,43
DA:402,43
DA:405,0
DA:411,1
DA:416,1
DA:417,4
DA:418,3
DA:420,4
DA:426,1
DA:427,27
DA:428,3
DA:429,3
LF:109
LH:97
BRDA:100,0,0,7
BRDA:122,1,0,1
BRDA:122,1,1,42
BRDA:132,2,0,18
BRDA:156,3,0,2
BRDA:156,4,0,2
BRDA:156,4,1,1
BRDA:156,5,0,3
BRDA:156,5,1,1
BRDA:167,6,0,1
BRDA:168,7,0,5
BRDA:168,7,1,1
BRDA:175,8,0,1
BRDA:175,8,1,1
BRDA:175,8,2,3
BRDA:175,8,3,3
BRDA:199,9,0,0
BRDA:200,10,0,0
BRDA:200,11,0,0
BRDA:200,11,1,1
BRDA:200,12,0,1
BRDA:200,12,1,1
BRDA:205,13,0,1
BRDA:205,13,1,0
BRDA:210,14,0,0
BRDA:210,14,1,1
BRDA:210,14,2,1
BRDA:232,15,0,5
BRDA:243,16,0,0
BRDA:243,17,0,0
BRDA:243,17,1,1
BRDA:243,18,0,1
BRDA:243,18,1,1
BRDA:249,19,0,1
BRDA:268,20,0,1
BRDA:272,21,0,2
BRDA:280,22,0,0
BRDA:288,23,0,1
BRDA:288,24,0,2
BRDA:288,24,1,1
BRDA:308,25,0,0
BRDA:308,26,0,2
BRDA:308,26,1,0
BRDA:308,27,0,2
BRDA:308,27,1,0
BRDA:333,28,0,9
BRDA:333,28,1,1
BRDA:333,29,0,1
BRDA:333,29,1,8
BRDA:333,30,0,9
BRDA:333,30,1,9
BRDA:362,31,0,2
BRDA:417,32,0,3
BRDA:427,33,0,3
BRF:54
BRH:43
end_of_record
TN:
SF:src/webparts/polRssGallery/services/contentSanitizer.ts
FN:88,(anonymous_0)
FN:95,(anonymous_1)
FN:118,(anonymous_2)
FN:178,(anonymous_3)
FN:208,(anonymous_4)
FN:257,(anonymous_5)
FN:264,(anonymous_6)
FN:287,(anonymous_7)
FN:313,(anonymous_8)
FNF:9
FNH:8
FNDA:5,(anonymous_0)
FNDA:4,(anonymous_1)
FNDA:165,(anonymous_2)
FNDA:6,(anonymous_3)
FNDA:15,(anonymous_4)
FNDA:162,(anonymous_5)
FNDA:114,(anonymous_6)
FNDA:0,(anonymous_7)
FNDA:6,(anonymous_8)
DA:9,1
DA:28,1
DA:46,1
DA:54,1
DA:63,1
DA:80,1
DA:82,1
DA:89,5
DA:96,4
DA:97,1
DA:99,4
DA:119,165
DA:120,3
DA:123,162
DA:124,162
DA:127,162
DA:128,162
DA:129,0
DA:133,162
DA:149,162
DA:150,162
DA:154,162
DA:157,162
DA:159,162
DA:179,6
DA:180,3
DA:184,3
DA:209,15
DA:210,2
DA:213,13
DA:216,13
DA:223,13
DA:224,40
DA:225,5
DA:230,8
DA:232,8
DA:233,5
DA:234,5
DA:235,5
DA:237,3
DA:239,3
DA:240,0
DA:242,0
DA:246,0
DA:249,0
DA:258,162
DA:262,146
DA:266,114
DA:267,114
DA:269,109
DA:270,109
DA:272,109
DA:275,104
DA:276,104
DA:277,104
DA:281,104
DA:282,104
DA:285,0
DA:288,0
DA:289,0
DA:290,0
DA:292,0
DA:293,0
DA:295,0
DA:300,104
DA:314,6
DA:315,3
DA:319,3
DA:322,3
DA:323,3
DA:324,3
DA:329,1
LF:72
LH:60
BRDA:89,0,0,5
BRDA:89,0,1,1
BRDA:96,1,0,1
BRDA:119,2,0,3
BRDA:119,3,0,165
BRDA:119,3,1,162
BRDA:123,4,0,162
BRDA:123,4,1,160
BRDA:124,5,0,162
BRDA:124,5,1,159
BRDA:128,6,0,0
BRDA:149,7,0,162
BRDA:179,8,0,3
BRDA:179,9,0,6
BRDA:179,9,1,3
BRDA:209,10,0,2
BRDA:209,11,0,15
BRDA:209,11,1,13
BRDA:224,12,0,5
BRDA:232,13,0,5
BRDA:232,13,1,3
BRDA:232,14,0,8
BRDA:232,14,1,7
BRDA:232,14,2,4
BRDA:234,15,0,5
BRDA:234,16,0,5
BRDA:234,16,1,4
BRDA:237,17,0,3
BRDA:237,17,1,0
BRDA:237,18,0,3
BRDA:237,18,1,2
BRDA:237,18,2,1
BRDA:240,19,0,0
BRDA:258,20,0,16
BRDA:267,21,0,5
BRDA:270,22,0,109
BRDA:270,22,1,109
BRDA:270,22,2,5
BRDA:272,23,0,5
BRDA:276,24,0,104
BRDA:281,25,0,104
BRDA:281,25,1,0
BRDA:289,26,0,0
BRDA:292,27,0,0
BRDA:314,28,0,3
BRDA:314,29,0,6
BRDA:314,29,1,3
BRF:47
BRH:41
end_of_record
TN:
SF:src/webparts/polRssGallery/services/dateParser.ts
FN:123,parseDate
FN:185,parseDateOrDefault
FN:199,parseDateToIsoString
FN:210,isValidDate
FN:218,parseRfc3339
FN:252,parseIso8601
FN:275,parseIso8601DateOnly
FN:296,parseRfc822
FN:339,parseLongDate
FN:381,parseUsDate
FN:416,parseEuDate
FN:451,parseTimestamp
FN:474,tryNativeDate
FN:492,parseTimezone
FN:524,formatDate
FN:550,formatRelativeDate
FN:597,compareDates
FNF:17
FNH:17
FNDA:16419,parseDate
FNDA:29,parseDateOrDefault
FNDA:16298,parseDateToIsoString
FNDA:16422,isValidDate
FNDA:16416,parseRfc3339
FNDA:15727,parseIso8601
FNDA:36,parseIso8601DateOnly
FNDA:15725,parseRfc822
FNDA:35,parseLongDate
FNDA:26,parseUsDate
FNDA:22,parseEuDate
FNDA:18,parseTimestamp
FNDA:16,tryNativeDate
FNDA:15689,parseTimezone
FNDA:4,formatDate
FNDA:4,formatRelativeDate
FNDA:13,compareDates
DA:44,7
DA:62,7
DA:80,7
DA:89,7
DA:123,7
DA:124,16419
DA:125,3
DA:133,16416
DA:136,16416
DA:147,16416
DA:148,48005
DA:149,48005
DA:150,16400
DA:160,16
DA:161,16
DA:162,1
DA:170,15
DA:185,7
DA:186,29
DA:187,29
DA:188,24
DA:190,5
DA:199,7
DA:200,16298
DA:201,16298
DA:202,16293
DA:204,5
DA:210,7
DA:211,16422
DA:220,16416
DA:221,16416
DA:223,16416
DA:225,689
DA:228,689
DA:231,689
DA:232,602
DA:233,602
DA:237,689
DA:238,684
DA:241,5
DA:242,5
DA:245,689
DA:254,15727
DA:255,15727
DA:257,15727
DA:259,2
DA:261,2
DA:276,36
DA:277,36
DA:279,36
DA:281,1
DA:283,1
DA:299,15725
DA:300,15725
DA:302,15725
DA:304,15689
DA:307,15689
DA:308,15689
DA:311,15689
DA:312,15689
DA:313,1
DA:317,15689
DA:327,15689
DA:328,15689
DA:329,9
DA:332,15689
DA:341,35
DA:342,35
DA:344,35
DA:345,6
DA:346,6
DA:347,6
DA:348,6
DA:358,29
DA:359,29
DA:361,29
DA:362,3
DA:363,3
DA:364,3
DA:365,3
DA:374,26
DA:382,26
DA:383,26
DA:385,26
DA:387,8
DA:390,8
DA:391,8
DA:393,8
DA:394,4
DA:397,4
DA:398,4
DA:399,1
DA:402,4
DA:417,22
DA:418,22
DA:420,22
DA:422,6
DA:425,6
DA:426,6
DA:428,6
DA:429,2
DA:432,4
DA:433,4
DA:434,0
DA:437,4
DA:453,18
DA:455,2
DA:460,2
DA:462,1
DA:463,1
DA:465,1
DA:468,0
DA:475,16
DA:476,16
DA:477,16
DA:478,1
DA:483,15
DA:493,15689
DA:495,15689
DA:498,15689
DA:499,15689
DA:500,15619
DA:504,70
DA:505,70
DA:507,70
DA:508,70
DA:509,70
DA:510,70
DA:513,0
DA:524,7
DA:529,4
DA:536,4
DA:537,4
DA:539,0
DA:550,7
DA:551,4
DA:552,4
DA:553,4
DA:554,4
DA:555,4
DA:556,4
DA:558,4
DA:560,4
DA:561,4
DA:562,4
DA:564,4
DA:565,1
DA:566,3
DA:567,1
DA:568,2
DA:569,1
DA:570,1
DA:571,1
DA:573,0
DA:577,0
DA:578,0
DA:579,0
DA:580,0
DA:581,0
DA:582,0
DA:584,0
DA:597,7
DA:598,13
DA:599,13
DA:601,13
DA:603,13
DA:604,9
DA:606,4
LF:168
LH:156
BRDA:124,0,0,3
BRDA:124,1,0,16419
BRDA:124,1,1,16416
BRDA:127,2,0,3
BRDA:127,2,1,3
BRDA:149,3,0,16400
BRDA:149,4,0,48005
BRDA:149,4,1,16400
BRDA:161,5,0,1
BRDA:161,6,0,16
BRDA:161,6,1,1
BRDA:187,7,0,24
BRDA:187,8,0,29
BRDA:187,8,1,24
BRDA:190,9,0,4
BRDA:190,9,1,1
BRDA:190,10,0,5
BRDA:190,10,1,5
BRDA:201,11,0,16293
BRDA:201,12,0,16298
BRDA:201,12,1,16293
BRDA:211,13,0,16422
BRDA:211,13,1,16420
BRDA:223,14,0,15727
BRDA:231,15,0,602
BRDA:237,16,0,684
BRDA:237,16,1,5
BRDA:241,17,0,4
BRDA:241,17,1,1
BRDA:257,18,0,15725
BRDA:279,19,0,35
BRDA:302,20,0,36
BRDA:304,21,0,1
BRDA:304,22,0,0
BRDA:308,23,0,0
BRDA:312,24,0,1
BRDA:313,25,0,1
BRDA:313,25,1,0
BRDA:328,26,0,9
BRDA:344,27,0,6
BRDA:347,28,0,6
BRDA:361,29,0,3
BRDA:364,30,0,3
BRDA:385,31,0,18
BRDA:387,32,0,5
BRDA:387,33,0,5
BRDA:387,34,0,7
BRDA:393,35,0,4
BRDA:393,36,0,8
BRDA:393,36,1,8
BRDA:393,36,2,4
BRDA:393,36,3,4
BRDA:398,37,0,1
BRDA:399,38,0,1
BRDA:399,38,1,0
BRDA:420,39,0,16
BRDA:422,40,0,5
BRDA:422,41,0,5
BRDA:422,42,0,6
BRDA:428,43,0,2
BRDA:428,44,0,6
BRDA:428,44,1,6
BRDA:428,44,2,4
BRDA:428,44,3,4
BRDA:433,45,0,0
BRDA:434,46,0,0
BRDA:434,46,1,0
BRDA:453,47,0,16
BRDA:460,48,0,1
BRDA:460,48,1,1
BRDA:463,49,0,1
BRDA:477,50,0,1
BRDA:493,51,0,0
BRDA:499,52,0,15619
BRDA:507,53,0,70
BRDA:508,54,0,0
BRDA:510,55,0,0
BRDA:510,55,1,70
BRDA:526,56,0,1
BRDA:550,57,0,0
BRDA:561,58,0,0
BRDA:564,59,0,1
BRDA:564,59,1,3
BRDA:566,60,0,1
BRDA:566,60,1,2
BRDA:568,61,0,1
BRDA:568,61,1,1
BRDA:570,62,0,1
BRDA:570,62,1,0
BRDA:577,63,0,0
BRDA:577,63,1,0
BRDA:578,64,0,0
BRDA:578,64,1,0
BRDA:579,65,0,0
BRDA:579,65,1,0
BRDA:580,66,0,0
BRDA:580,66,1,0
BRDA:581,67,0,0
BRDA:581,67,1,0
BRDA:582,68,0,0
BRDA:582,68,1,0
BRDA:597,69,0,9
BRDA:603,70,0,9
BRDA:604,71,0,4
BRDA:604,71,1,5
BRDA:604,72,0,4
BRDA:604,72,1,1
BRDA:606,73,0,2
BRDA:606,73,1,2
BRDA:606,74,0,2
BRDA:606,74,1,0
BRF:111
BRH:85
end_of_record
TN:
SF:src/webparts/polRssGallery/services/encodingUtils.ts
FN:12,detectEncoding
FN:41,normalizeEncodingName
FN:65,decodeResponseText
FN:89,hasEncodingIssues
FN:101,(anonymous_4)
FNF:5
FNH:0
FNDA:0,detectEncoding
FNDA:0,normalizeEncodingName
FNDA:0,decodeResponseText
FNDA:0,hasEncodingIssues
FNDA:0,(anonymous_4)
DA:12,2
DA:17,0
DA:18,0
DA:19,0
DA:20,0
DA:25,0
DA:27,0
DA:28,0
DA:29,0
DA:30,0
DA:35,0
DA:42,0
DA:45,0
DA:56,0
DA:65,2
DA:67,0
DA:68,0
DA:71,0
DA:72,0
DA:75,0
DA:76,0
DA:77,0
DA:80,0
DA:81,0
DA:89,2
DA:91,0
DA:101,0
LF:27
LH:3
BRDA:17,0,0,0
BRDA:19,1,0,0
BRDA:25,2,0,0
BRDA:25,3,0,0
BRDA:25,3,1,0
BRDA:29,4,0,0
BRDA:56,5,0,0
BRDA:56,5,1,0
BRF:8
BRH:0
end_of_record
TN:
SF:src/webparts/polRssGallery/services/entityDecoder.ts
FN:141,decodeNumericEntity
FN:176,hasDoubleEncodedEntities
FN:187,decodeNumericEntities
FN:198,decodeXmlEntities
FN:212,decodeHtmlEntities
FN:226,hasEncodedEntities
FN:260,decodeEntities
FN:309,decodeEntitiesInHtml
FN:334,decodeXmlText
FNF:9
FNH:9
FNDA:152,decodeNumericEntity
FNDA:10,hasDoubleEncodedEntities
FNDA:80072,decodeNumericEntities
FNDA:80076,decodeXmlEntities
FNDA:80083,decodeHtmlEntities
FNDA:124,hasEncodedEntities
FNDA:80060,decodeEntities
FNDA:16342,decodeEntitiesInHtml
FNDA:63702,decodeXmlText
DA:17,7
DA:29,7
DA:127,7
DA:141,7
DA:142,152
DA:143,152
DA:144,1
DA:147,151
DA:148,151
DA:151,151
DA:160,6
DA:163,145
DA:164,145
DA:166,0
DA:176,7
DA:178,10
DA:187,7
DA:189,80072
DA:198,7
DA:199,80076
DA:200,80076
DA:201,400380
DA:203,80076
DA:212,7
DA:213,80083
DA:214,80083
DA:215,5445644
DA:217,80083
DA:228,124
DA:260,7
DA:261,80060
DA:262,3
DA:265,80057
DA:266,80057
DA:267,80057
DA:270,80057
DA:271,80069
DA:275,80069
DA:276,80068
DA:279,80069
DA:280,80068
DA:283,80069
DA:284,80068
DA:287,80069
DA:290,80069
DA:291,79944
DA:297,80057
DA:309,7
DA:310,16342
DA:311,11
DA:316,16331
DA:334,7
DA:335,63702
DA:336,3
DA:340,63699
DA:348,7
LF:56
LH:55
BRDA:143,0,0,1
BRDA:148,1,0,11
BRDA:148,1,1,140
BRDA:151,2,0,6
BRDA:152,3,0,151
BRDA:152,3,1,150
BRDA:152,3,2,150
BRDA:152,3,3,149
BRDA:152,3,4,4
BRDA:152,3,5,147
BRDA:152,3,6,5
BRDA:152,3,7,4
BRDA:152,3,8,3
BRDA:260,4,0,25
BRDA:261,5,0,3
BRDA:275,6,0,80068
BRDA:279,7,0,80068
BRDA:283,8,0,80068
BRDA:290,9,0,79944
BRDA:290,10,0,80069
BRDA:290,10,1,127
BRDA:295,11,0,125
BRDA:295,11,1,124
BRDA:310,12,0,11
BRDA:335,13,0,3
BRF:25
BRH:25
end_of_record
TN:
SF:src/webparts/polRssGallery/services/feedPreloader.ts
FN:19,(anonymous_0)
FN:94,(anonymous_1)
FN:101,(anonymous_2)
FN:110,(anonymous_3)
FN:117,(anonymous_4)
FN:161,(anonymous_5)
FN:169,(anonymous_6)
FN:176,(anonymous_7)
FN:184,(anonymous_8)
FN:192,(anonymous_9)
FN:200,(anonymous_10)
FN:207,(anonymous_11)
FN:214,(anonymous_12)
FN:221,(anonymous_13)
FN:228,(anonymous_14)
FN:237,(anonymous_15)
FN:242,(anonymous_16)
FN:251,(anonymous_17)
FN:258,(anonymous_18)
FN:265,(anonymous_19)
FN:282,(anonymous_20)
FN:306,(anonymous_21)
FN:314,(anonymous_22)
FN:315,(anonymous_23)
FN:353,(anonymous_24)
FN:377,(anonymous_25)
FN:397,(anonymous_26)
FN:410,getFeedPreloader
FN:420,initFeedPreloader
FN:433,resetFeedPreloader
FNF:30
FNH:26
FNDA:1,(anonymous_0)
FNDA:26,(anonymous_1)
FNDA:23,(anonymous_2)
FNDA:23,(anonymous_3)
FNDA:40,(anonymous_4)
FNDA:1,(anonymous_5)
FNDA:1,(anonymous_6)
FNDA:6,(anonymous_7)
FNDA:5,(anonymous_8)
FNDA:3,(anonymous_9)
FNDA:3,(anonymous_10)
FNDA:2,(anonymous_11)
FNDA:2,(anonymous_12)
FNDA:1,(anonymous_13)
FNDA:0,(anonymous_14)
FNDA:0,(anonymous_15)
FNDA:0,(anonymous_16)
FNDA:1,(anonymous_17)
FNDA:4,(anonymous_18)
FNDA:26,(anonymous_19)
FNDA:51,(anonymous_20)
FNDA:23,(anonymous_21)
FNDA:23,(anonymous_22)
FNDA:0,(anonymous_23)
FNDA:23,(anonymous_24)
FNDA:2,(anonymous_25)
FNDA:23,(anonymous_26)
FNDA:3,getFeedPreloader
FNDA:2,initFeedPreloader
FNDA:26,resetFeedPreloader
DA:13,1
DA:14,1
DA:19,1
DA:20,1
DA:21,1
DA:22,1
DA:23,1
DA:72,1
DA:84,1
DA:86,26
DA:87,26
DA:88,26
DA:89,26
DA:90,26
DA:91,26
DA:92,26
DA:95,26
DA:102,23
DA:103,0
DA:106,23
DA:107,23
DA:111,23
DA:123,40
DA:125,39
DA:128,39
DA:129,37
DA:132,37
DA:134,2
DA:135,2
DA:136,2
DA:137,2
DA:138,1
DA:140,1
DA:146,36
DA:155,36
DA:162,1
DA:163,1
DA:170,1
DA:177,6
DA:178,6
DA:185,5
DA:186,5
DA:193,3
DA:194,3
DA:201,3
DA:208,2
DA:215,2
DA:222,1
DA:233,0
DA:236,0
DA:237,0
DA:238,0
DA:242,0
DA:243,0
DA:252,1
DA:259,4
DA:266,26
DA:267,26
DA:268,26
DA:270,26
DA:271,0
DA:274,26
DA:283,51
DA:284,48
DA:285,34
DA:288,23
DA:289,23
DA:291,23
DA:292,23
DA:294,23
DA:295,23
DA:298,23
DA:299,0
DA:307,23
DA:308,23
DA:310,23
DA:311,23
DA:314,23
DA:315,23
DA:319,23
DA:326,15
DA:327,15
DA:329,15
DA:337,0
DA:345,15
DA:346,15
DA:354,23
DA:355,23
DA:356,23
DA:358,23
DA:360,23
DA:361,23
DA:362,23
DA:363,23
DA:364,0
DA:366,0
DA:367,0
DA:371,23
DA:378,2
DA:379,2
DA:380,2
DA:382,2
DA:383,6
DA:384,2
DA:385,2
DA:386,2
DA:387,4
DA:389,0
DA:390,0
DA:394,2
DA:398,23
DA:399,0
DA:405,1
DA:410,1
DA:411,3
DA:412,2
DA:414,3
DA:420,1
DA:421,2
DA:422,2
DA:423,0
DA:424,0
DA:426,2
DA:427,2
DA:433,1
DA:434,26
DA:435,4
DA:436,4
LF:128
LH:110
BRDA:19,0,0,1
BRDA:19,0,1,1
BRDA:94,1,0,14
BRDA:102,2,0,0
[...]
BRDA:304,40,0,0
BRDA:306,41,0,0
BRDA:319,42,0,0
BRDA:340,43,0,34
BRDA:345,44,0,0
BRDA:356,45,0,0
BRDA:357,46,0,0
BRDA:367,47,0,0
BRDA:377,48,0,0
BRDA:378,49,0,0
BRDA:393,50,0,0
BRDA:393,50,1,0
BRDA:397,51,0,0
BRDA:400,52,0,0
BRDA:400,52,1,0
BRDA:403,53,0,0
BRDA:404,54,0,0
BRDA:404,54,1,0
BRDA:406,55,0,0
BRDA:406,55,1,0
BRDA:423,56,0,0
BRDA:424,57,0,0
BRDA:430,58,0,0
BRDA:434,59,0,0
BRDA:434,59,1,0
BRDA:436,60,0,0
BRDA:436,60,1,0
BRDA:437,61,0,0
BRDA:446,62,0,0
BRDA:451,63,0,0
BRDA:451,63,1,0
BRDA:453,64,0,0
BRDA:461,65,0,0
BRDA:471,66,0,0
BRDA:475,67,0,0
BRDA:475,67,1,0
BRDA:479,68,0,0
BRDA:479,68,1,0
BRDA:482,69,0,0
BRDA:482,69,1,0
BRDA:485,70,0,0
BRDA:486,71,0,0
BRDA:492,72,0,0
BRDA:492,72,1,0
BRDA:494,73,0,0
BRDA:507,74,0,0
BRDA:513,75,0,0
BRDA:514,76,0,0
BRDA:514,76,1,0
BRDA:517,77,0,0
BRF:101
BRH:25
end_of_record
TN:
SF:src/webparts/polRssGallery/services/rssSpecialFeedsHandler.ts
FN:9,(anonymous_0)
FN:28,(anonymous_1)
FN:46,(anonymous_2)
FN:55,(anonymous_3)
FN:83,(anonymous_4)
FN:97,(anonymous_5)
FN:124,(anonymous_6)
FN:148,(anonymous_7)
FN:206,(anonymous_8)
FN:215,(anonymous_9)
FNF:10
FNH:1
FNDA:0,(anonymous_0)
FNDA:0,(anonymous_1)
FNDA:95,(anonymous_2)
FNDA:0,(anonymous_3)
FNDA:0,(anonymous_4)
FNDA:0,(anonymous_5)
FNDA:0,(anonymous_6)
FNDA:0,(anonymous_7)
FNDA:0,(anonymous_8)
FNDA:0,(anonymous_9)
DA:5,4
DA:10,0
DA:11,0
DA:14,0
DA:15,0
DA:19,0
DA:23,0
DA:27,0
DA:28,0
DA:29,0
DA:32,0
DA:36,0
DA:38,0
DA:47,95
DA:56,0
DA:57,0
DA:58,0
DA:61,0
DA:62,0
DA:66,0
DA:69,0
DA:74,0
DA:75,0
DA:76,0
DA:77,0
DA:78,0
DA:82,0
DA:83,0
DA:84,0
DA:87,0
DA:88,0
DA:93,0
DA:94,0
DA:96,0
DA:97,0
DA:99,0
DA:106,0
DA:108,0
DA:109,0
DA:112,0
DA:117,0
DA:121,0
DA:123,0
DA:124,0
DA:126,0
DA:132,0
DA:133,0
DA:135,0
DA:137,0
DA:149,0
DA:154,0
DA:155,0
DA:158,0
DA:161,0
DA:165,0
DA:166,0
DA:167,0
DA:168,0
DA:169,0
DA:173,0
DA:174,0
DA:175,0
DA:179,0
DA:180,0
DA:181,0
DA:182,0
DA:183,0
DA:184,0
DA:189,0
DA:197,0
DA:198,0
DA:208,0
DA:222,0
DA:223,0
DA:232,0
DA:233,0
DA:242,0
LF:77
LH:2
BRDA:14,0,0,0
BRDA:14,1,0,0
BRDA:14,1,1,0
BRDA:19,2,0,0
BRDA:19,3,0,0
BRDA:19,3,1,0
BRDA:19,3,2,0
BRDA:19,3,3,0
BRDA:29,4,0,0
BRDA:29,5,0,0
BRDA:29,5,1,0
BRDA:29,5,2,0
BRDA:47,6,0,95
BRDA:47,6,1,95
BRDA:61,7,0,0
BRDA:66,8,0,0
BRDA:66,8,1,0
BRDA:69,9,0,0
BRDA:69,9,1,0
BRDA:69,9,2,0
BRDA:74,10,0,0
BRDA:74,10,1,0
BRDA:77,11,0,0
BRDA:84,12,0,0
BRDA:84,13,0,0
BRDA:84,13,1,0
BRDA:84,13,2,0
BRDA:93,14,0,0
BRDA:93,15,0,0
BRDA:93,15,1,0
BRDA:108,16,0,0
BRDA:158,17,0,0
BRDA:158,17,1,0
BRDA:161,18,0,0
BRDA:161,18,1,0
BRDA:165,19,0,0
BRDA:165,19,1,0
BRDA:168,20,0,0
BRDA:174,21,0,0
BRDA:179,22,0,0
BRDA:183,23,0,0
BRDA:222,24,0,0
BRDA:232,25,0,0
BRF:43
BRH:2
end_of_record
TN:
SF:src/webparts/polRssGallery/services/swrService.ts
FN:111,(anonymous_0)
FN:118,(anonymous_1)
FN:127,(anonymous_2)
FN:142,(anonymous_3)
FN:212,(anonymous_4)
FN:236,(anonymous_5)
FN:247,(anonymous_6)
FN:255,(anonymous_7)
FN:264,(anonymous_8)
FN:271,(anonymous_9)
FN:279,(anonymous_10)
FN:294,(anonymous_11)
FN:301,(anonymous_12)
FN:311,(anonymous_13)
FN:317,(anonymous_14)
FN:324,(anonymous_15)
FN:332,(anonymous_16)
FN:354,(anonymous_17)
FN:360,(anonymous_18)
FN:401,(anonymous_19)
FN:420,(anonymous_20)
FN:439,(anonymous_21)
FN:457,getSWRService
FN:467,initSWRService
FN:480,resetSWRService
FNF:25
FNH:24
FNDA:51,(anonymous_0)
FNDA:53,(anonymous_1)
FNDA:52,(anonymous_2)
FNDA:34,(anonymous_3)
FNDA:25,(anonymous_4)
FNDA:1,(anonymous_5)
FNDA:1,(anonymous_6)
FNDA:19,(anonymous_7)
FNDA:2,(anonymous_8)
FNDA:1,(anonymous_9)
FNDA:1,(anonymous_10)
FNDA:5,(anonymous_11)
FNDA:50,(anonymous_12)
FNDA:80,(anonymous_13)
FNDA:80,(anonymous_14)
FNDA:69,(anonymous_15)
FNDA:46,(anonymous_16)
FNDA:0,(anonymous_17)
FNDA:23,(anonymous_18)
FNDA:1,(anonymous_19)
FNDA:1,(anonymous_20)
FNDA:1,(anonymous_21)
FNDA:3,getSWRService
FNDA:25,initSWRService
FNDA:53,resetSWRService
DA:20,2
DA:27,2
DA:91,2
DA:104,2
DA:105,51
DA:107,51
DA:108,51
DA:109,51
DA:112,51
DA:119,53
DA:120,1
DA:123,52
DA:124,52
DA:128,52
DA:147,34
DA:149,34
DA:152,34
DA:154,2
DA:155,2
DA:159,32
DA:162,32
DA:164,8
DA:174,1
DA:175,1
DA:187,23
DA:188,23
DA:189,2
DA:190,2
DA:191,2
DA:199,0
DA:204,21
DA:217,25
DA:219,25
DA:220,25
DA:223,25
DA:224,24
DA:225,24
DA:226,15
DA:228,4
DA:237,1
DA:238,1
DA:240,1
DA:241,1
DA:248,1
DA:249,1
DA:256,19
DA:257,19
DA:258,19
DA:265,2
DA:272,1
DA:273,1
DA:280,1
DA:282,1
DA:283,1
DA:295,5
DA:302,50
DA:303,50
DA:304,50
DA:305,50
DA:306,50
DA:312,80
DA:313,3
DA:318,80
DA:325,69
DA:326,69
DA:327,3
DA:329,66
DA:337,46
DA:338,46
DA:339,1
DA:343,45
DA:344,45
DA:349,45
DA:350,45
DA:351,35
DA:354,37
DA:355,0
DA:367,23
DA:369,23
DA:372,21
DA:374,21
DA:383,2
DA:384,2
DA:385,1
DA:386,1
DA:388,1
DA:397,1
DA:408,1
DA:409,0
DA:413,1
DA:414,0
DA:417,1
DA:420,1
DA:421,1
DA:422,1
DA:423,1
DA:425,1
DA:426,1
DA:429,0
DA:430,0
DA:432,0
DA:434,1
DA:440,1
DA:452,2
DA:457,2
DA:458,3
DA:459,2
DA:461,3
DA:467,2
DA:468,25
DA:469,25
DA:470,0
DA:471,0
DA:473,25
DA:474,25
DA:480,2
DA:481,53
DA:482,26
DA:483,26
LF:119
LH:110
BRDA:111,0,0,39
BRDA:119,1,0,1
BRDA:145,2,0,29
BRDA:152,3,0,2
BRDA:162,4,0,8
BRDA:162,4,1,1
BRDA:162,4,2,0
BRDA:162,4,3,23
BRDA:162,4,4,23
BRDA:188,5,0,2
BRDA:223,6,0,24
BRDA:223,7,0,25
BRDA:223,7,1,1
BRDA:273,8,0,1
BRDA:273,8,1,1
BRDA:282,9,0,1
BRDA:312,10,0,3
BRDA:326,11,0,3
BRDA:326,12,0,69
BRDA:326,12,1,3
BRDA:338,13,0,1
BRDA:365,14,0,21
BRDA:369,15,0,2
BRDA:369,15,1,21
BRDA:384,16,0,1
BRDA:385,17,0,1
BRDA:386,18,0,1
BRDA:386,18,1,0
BRDA:394,19,0,1
BRDA:394,19,1,0
BRDA:408,20,0,0
BRDA:413,21,0,0
BRDA:425,22,0,1
BRDA:429,23,0,0
BRDA:430,24,0,0
BRDA:430,24,1,0
BRDA:446,25,0,1
BRDA:446,25,1,0
BRDA:458,26,0,2
BRDA:468,27,0,25
BRDA:468,27,1,0
BRDA:470,28,0,0
BRDA:481,29,0,26
BRF:43
BRH:32
end_of_record
TN:
SF:src/webparts/polRssGallery/services/unifiedCacheService.ts
FN:110,(anonymous_0)
FN:119,(anonymous_1)
FN:128,(anonymous_2)
FN:147,(anonymous_3)
FN:156,(anonymous_4)
FN:157,(anonymous_5)
FN:179,(anonymous_6)
FN:236,(anonymous_7)
FN:270,(anonymous_8)
FN:279,(anonymous_9)
FN:287,(anonymous_10)
FN:298,(anonymous_11)
FN:309,(anonymous_12)
FN:339,(anonymous_13)
FN:363,(anonymous_14)
FN:368,(anonymous_15)
FN:377,(anonymous_16)
FN:389,(anonymous_17)
FN:396,(anonymous_18)
FN:403,(anonymous_19)
FN:420,(anonymous_20)
FN:435,(anonymous_21)
FN:452,(anonymous_22)
FN:459,(anonymous_23)
FN:470,(anonymous_24)
FN:481,(anonymous_25)
FN:483,(anonymous_26)
FN:484,(anonymous_27)
FN:493,(anonymous_28)
FN:507,getUnifiedCache
FN:517,initUnifiedCache
FN:530,resetUnifiedCache
FNF:32
FNH:27
FNDA:83,(anonymous_0)
FNDA:85,(anonymous_1)
FNDA:81,(anonymous_2)
FNDA:70,(anonymous_3)
FNDA:0,(anonymous_4)
FNDA:0,(anonymous_5)
FNDA:96,(anonymous_6)
FNDA:75,(anonymous_7)
FNDA:0,(anonymous_8)
FNDA:6,(anonymous_9)
FNDA:2,(anonymous_10)
FNDA:2,(anonymous_11)
FNDA:7,(anonymous_12)
FNDA:1,(anonymous_13)
FNDA:2,(anonymous_14)
FNDA:3,(anonymous_15)
FNDA:6,(anonymous_16)
FNDA:3,(anonymous_17)
FNDA:4,(anonymous_18)
FNDA:82,(anonymous_19)
FNDA:36,(anonymous_20)
FNDA:1,(anonymous_21)
FNDA:77,(anonymous_22)
FNDA:4,(anonymous_23)
FNDA:75,(anonymous_24)
FNDA:81,(anonymous_25)
FNDA:0,(anonymous_26)
FNDA:0,(anonymous_27)
FNDA:82,(anonymous_28)
FNDA:3,getUnifiedCache
FNDA:54,initUnifiedCache
FNDA:136,resetUnifiedCache
DA:22,3
DA:89,3
DA:103,3
DA:105,83
DA:107,83
DA:108,83
DA:111,83
DA:112,83
DA:120,85
DA:121,4
DA:124,81
DA:125,81
DA:129,81
DA:130,70
DA:131,70
DA:133,70
DA:135,0
DA:136,0
DA:141,81
DA:148,70
DA:150,70
DA:151,70
DA:152,70
DA:155,70
DA:156,0
DA:157,0
DA:160,70
DA:161,0
DA:171,0
DA:180,96
DA:183,96
DA:184,96
DA:185,35
DA:186,35
DA:188,35
DA:189,34
DA:199,1
DA:203,62
DA:204,60
DA:205,60
DA:206,1
DA:207,1
DA:208,1
DA:211,1
DA:213,1
DA:224,61
DA:237,75
DA:239,75
DA:240,75
DA:242,75
DA:245,75
DA:254,75
DA:255,75
DA:258,75
DA:259,57
DA:270,57
DA:271,0
DA:280,6
DA:281,6
DA:288,2
DA:290,2
DA:291,2
DA:299,2
DA:301,2
DA:302,2
DA:315,7
DA:316,7
DA:317,16
DA:320,7
DA:321,7
DA:323,7
DA:324,5
DA:325,5
DA:328,7
DA:340,1
DA:341,1
DA:344,1
DA:345,1
DA:346,1
DA:347,1
DA:352,1
DA:353,1
DA:354,0
DA:357,1
DA:364,2
DA:366,2
DA:367,2
DA:368,3
DA:371,2
DA:378,6
DA:381,6
DA:382,1
DA:390,3
DA:397,4
DA:404,82
DA:405,82
DA:407,82
DA:408,69
DA:409,69
DA:412,82
DA:421,36
DA:423,36
DA:424,1
DA:426,35
DA:427,2
DA:429,33
DA:436,1
DA:445,1
DA:446,1
DA:453,77
DA:454,75
DA:458,2
DA:459,4
DA:461,2
DA:462,2
DA:463,3
DA:471,75
DA:472,75
DA:474,0
DA:483,81
DA:484,0
DA:485,0
DA:494,82
DA:495,80
DA:496,80
DA:502,3
DA:507,3
DA:508,3
DA:509,2
DA:511,3
DA:517,3
DA:518,54
DA:519,51
DA:520,3
DA:521,3
DA:523,54
DA:524,54
DA:530,3
DA:531,136
DA:532,52
DA:533,52
LF:141
LH:130
BRDA:110,0,0,15
BRDA:120,1,0,4
BRDA:129,2,0,70
BRDA:148,3,0,0
BRDA:148,4,0,0
BRDA:148,4,1,70
BRDA:148,5,0,70
BRDA:148,5,1,70
BRDA:184,6,0,35
BRDA:188,7,0,34
BRDA:203,8,0,60
BRDA:203,9,0,2
BRDA:203,9,1,60
BRDA:203,10,0,62
BRDA:203,10,1,60
BRDA:205,11,0,1
BRDA:205,12,0,60
BRDA:205,12,1,1
BRDA:236,13,0,75
BRDA:239,14,0,75
BRDA:239,14,1,75
BRDA:240,15,0,75
BRDA:240,15,1,75
BRDA:258,16,0,57
BRDA:258,17,0,18
BRDA:258,17,1,57
BRDA:258,18,0,75
BRDA:258,18,1,57
BRDA:281,19,0,6
BRDA:281,19,1,2
BRDA:290,20,0,2
BRDA:290,21,0,0
BRDA:290,21,1,2
BRDA:290,22,0,2
BRDA:290,22,1,2
BRDA:301,23,0,2
BRDA:301,24,0,0
BRDA:301,24,1,2
BRDA:301,25,0,2
BRDA:301,25,1,2
BRDA:323,26,0,5
BRDA:323,27,0,2
BRDA:323,27,1,5
BRDA:323,28,0,7
BRDA:323,28,1,5
BRDA:345,29,0,1
BRDA:353,30,0,0
BRDA:353,31,0,1
BRDA:353,31,1,0
BRDA:353,32,0,1
BRDA:353,32,1,0
BRDA:366,33,0,2
BRDA:366,34,0,0
BRDA:366,34,1,2
BRDA:366,35,0,2
BRDA:366,35,1,2
BRDA:381,36,0,1
BRDA:397,37,0,4
BRDA:397,37,1,2
BRDA:397,38,0,2
BRDA:397,38,1,2
BRDA:397,39,0,4
BRDA:397,39,1,2
BRDA:407,40,0,69
BRDA:423,41,0,1
BRDA:426,42,0,2
BRDA:453,43,0,75
BRDA:494,44,0,80
BRDA:508,45,0,2
BRDA:518,46,0,51
BRDA:518,46,1,3
BRDA:520,47,0,3
BRDA:531,48,0,52
BRF:73
BRH:65
end_of_record
TN:
SF:src/webparts/polRssGallery/services/urlValidator.ts
FN:89,(anonymous_0)
FN:91,(anonymous_1)
FN:111,(anonymous_2)
FN:201,(anonymous_3)
FN:225,(anonymous_4)
FN:247,(anonymous_5)
FN:262,(anonymous_6)
FN:269,(anonymous_7)
FN:299,(anonymous_8)
FN:329,(anonymous_9)
FN:358,(anonymous_10)
FN:366,(anonymous_11)
FNF:12
FNH:12
FNDA:25,(anonymous_0)
FNDA:4,(anonymous_1)
FNDA:99,(anonymous_2)
FNDA:20,(anonymous_3)
FNDA:22,(anonymous_4)
FNDA:48,(anonymous_5)
FNDA:8,(anonymous_6)
FNDA:32,(anonymous_7)
FNDA:9,(anonymous_8)
FNDA:46,(anonymous_9)
FNDA:2,(anonymous_10)
FNDA:2,(anonymous_11)
DA:27,2
DA:66,2
DA:82,2
DA:83,25
DA:90,25
DA:91,4
DA:112,99
DA:115,99
DA:116,3
DA:119,96
DA:122,96
DA:123,1
DA:128,95
DA:129,95
DA:131,4
DA:135,91
DA:136,6
DA:143,85
DA:144,46
DA:148,85
DA:151,85
DA:152,19
DA:156,66
DA:157,877
DA:158,18
DA:163,48
DA:164,8
DA:165,8
DA:166,0
DA:168,8
DA:172,48
DA:173,9
DA:174,9
DA:175,2
DA:183,46
DA:184,46
DA:185,46
DA:188,46
DA:202,20
DA:203,20
DA:204,9
DA:207,11
DA:210,11
DA:211,11
DA:214,11
DA:224,11
DA:226,22
DA:230,11
DA:231,1
DA:237,11
DA:249,48
DA:250,8
DA:253,40
DA:254,0
DA:256,40
DA:264,8
DA:265,8
DA:266,8
DA:269,32
DA:270,0
DA:274,8
DA:283,0
DA:289,8
DA:290,0
DA:293,8
DA:300,9
DA:301,0
DA:305,9
DA:306,2
DA:310,7
DA:311,8
DA:313,4
DA:314,4
DA:315,3
DA:317,4
DA:319,2
DA:323,2
DA:330,46
DA:333,46
DA:334,1
DA:338,46
DA:339,0
DA:343,46
DA:344,0
DA:348,46
DA:349,1
DA:352,46
DA:359,2
DA:360,2
DA:367,2
DA:368,2
DA:373,2
LF:92
LH:84
BRDA:90,0,0,3
BRDA:90,1,0,25
BRDA:90,1,1,3
BRDA:115,2,0,3
BRDA:115,3,0,99
BRDA:115,3,1,96
BRDA:122,4,0,1
BRDA:135,5,0,6
BRDA:143,6,0,46
BRDA:151,7,0,19
BRDA:157,8,0,18
BRDA:163,9,0,8
BRDA:165,10,0,0
BRDA:172,11,0,9
BRDA:174,12,0,2
BRDA:184,13,0,46
BRDA:191,14,0,13
BRDA:191,14,1,33
BRDA:203,15,0,9
BRDA:207,16,0,11
BRDA:207,16,1,10
BRDA:226,17,0,22
BRDA:226,17,1,12
BRDA:230,18,0,1
BRDA:240,19,0,2
BRDA:240,19,1,9
BRDA:249,20,0,8
BRDA:253,21,0,0
BRDA:265,22,0,8
BRDA:269,23,0,0
BRDA:274,24,0,0
BRDA:275,25,0,8
BRDA:275,25,1,8
BRDA:275,25,2,8
BRDA:275,25,3,8
BRDA:275,25,4,0
BRDA:275,25,5,8
BRDA:275,25,6,2
BRDA:275,25,7,1
BRDA:275,25,8,8
BRDA:275,25,9,1
BRDA:275,25,10,8
BRDA:275,25,11,0
BRDA:275,25,12,0
BRDA:275,25,13,0
BRDA:289,26,0,0
BRDA:300,27,0,0
BRDA:305,28,0,2
BRDA:311,29,0,4
BRDA:311,29,1,4
BRDA:314,30,0,3
BRDA:314,31,0,4
BRDA:314,31,1,3
BRDA:317,32,0,2
BRDA:333,33,0,1
BRDA:338,34,0,0
BRDA:338,35,0,46
BRDA:338,35,1,44
BRDA:343,36,0,0
BRDA:348,37,0,1
BRF:60
BRH:48
end_of_record
TN:
SF:src/webparts/polRssGallery/utils/breakpoints.ts
FN:41,getBreakpoint
FN:56,isAtBreakpoint
FN:66,isBelowBreakpoint
FN:77,isBetweenBreakpoints
FN:90,minWidth
FN:99,maxWidth
FN:109,betweenWidths
FN:124,getResponsiveValue
FN:157,getContainerBreakpoint
FN:171,getRecommendedColumns
FN:181,isMobileLayout
FN:190,isTabletLayout
FN:199,isDesktopLayout
FNF:13
FNH:13
FNDA:159,getBreakpoint
FNDA:35,isAtBreakpoint
FNDA:20,isBelowBreakpoint
FNDA:9,isBetweenBreakpoints
FNDA:3,minWidth
FNDA:3,maxWidth
FNDA:3,betweenWidths
FNDA:16,getResponsiveValue
FNDA:146,getContainerBreakpoint
FNDA:145,getRecommendedColumns
FNDA:14,isMobileLayout
FNDA:16,isTabletLayout
FNDA:15,isDesktopLayout
DA:17,2
DA:34,2
DA:41,2
DA:42,159
DA:43,90
DA:44,66
DA:45,38
DA:46,21
DA:47,13
DA:56,2
DA:57,35
DA:66,2
DA:67,20
DA:77,2
DA:82,9
DA:90,2
DA:91,3
DA:99,2
DA:100,3
DA:109,2
DA:110,3
DA:124,2
DA:126,16
DA:128,16
DA:129,68
DA:130,11
DA:134,5
DA:141,2
DA:157,2
DA:158,146
DA:159,88
DA:160,58
DA:161,23
DA:162,12
DA:171,2
DA:172,145
DA:173,145
DA:181,2
DA:182,14
DA:190,2
DA:191,16
DA:199,2
DA:200,15
LF:43
LH:43
BRDA:42,0,0,69
BRDA:43,1,0,24
BRDA:44,2,0,28
BRDA:45,3,0,17
BRDA:46,4,0,8
BRDA:82,5,0,9
BRDA:82,5,1,8
BRDA:129,6,0,11
BRDA:129,7,0,68
BRDA:129,7,1,23
BRDA:158,8,0,58
BRDA:159,9,0,30
BRDA:160,10,0,35
BRDA:161,11,0,11
BRDA:171,12,0,13
BRDA:191,13,0,16
BRDA:191,13,1,10
BRF:17
BRH:17
end_of_record
TN:
SF:src/webparts/polRssGallery/utils/cspCompliance.ts
FN:65,(anonymous_0)
FN:69,(anonymous_1)
FN:84,(anonymous_2)
FN:132,(anonymous_3)
FN:187,(anonymous_4)
FN:204,(anonymous_5)
FN:211,(anonymous_6)
FN:222,(anonymous_7)
FN:236,(anonymous_8)
FN:246,(anonymous_9)
FNF:10
FNH:10
FNDA:17,(anonymous_0)
FNDA:92,(anonymous_1)
FNDA:12,(anonymous_2)
FNDA:10,(anonymous_3)
FNDA:17,(anonymous_4)
FNDA:3,(anonymous_5)
FNDA:5,(anonymous_6)
FNDA:17,(anonymous_7)
FNDA:74,(anonymous_8)
FNDA:4,(anonymous_9)
DA:13,1
DA:41,1
DA:46,1
DA:51,1
DA:66,17
DA:67,3
DA:69,92
DA:85,12
DA:86,2
DA:89,10
DA:92,10
DA:93,0
DA:97,10
DA:98,4
DA:102,6
DA:103,0
DA:107,6
DA:108,6
DA:109,6
DA:112,0
DA:113,0
DA:115,0
DA:133,10
DA:134,2
DA:137,8
DA:140,8
DA:141,21
DA:142,4
DA:147,4
DA:148,2
DA:152,2
DA:153,0
DA:157,2
DA:158,1
DA:162,1
DA:163,0
DA:167,1
DA:168,0
DA:171,1
DA:188,17
DA:189,2
DA:194,15
DA:195,15
DA:205,3
DA:206,1
DA:209,2
DA:211,5
DA:223,17
DA:224,2
DA:227,15
DA:236,74
DA:247,4
DA:282,4
DA:284,4
DA:285,9
DA:286,7
DA:287,7
DA:288,6
DA:293,4
DA:297,1
LF:60
LH:52
BRDA:66,0,0,3
BRDA:66,1,0,17
BRDA:66,1,1,14
BRDA:85,2,0,2
BRDA:85,3,0,12
BRDA:85,3,1,10
BRDA:92,4,0,0
BRDA:97,5,0,4
BRDA:97,6,0,10
BRDA:97,6,1,8
BRDA:97,6,2,7
BRDA:102,7,0,0
BRDA:112,8,0,0
BRDA:133,9,0,2
BRDA:133,10,0,10
BRDA:133,10,1,8
BRDA:141,11,0,4
BRDA:147,12,0,2
BRDA:147,13,0,4
BRDA:147,13,1,3
BRDA:147,13,2,2
BRDA:152,14,0,0
BRDA:157,15,0,1
BRDA:157,16,0,2
BRDA:157,16,1,1
BRDA:162,17,0,0
BRDA:162,18,0,1
BRDA:162,18,1,0
BRDA:167,19,0,0
BRDA:188,20,0,2
BRDA:188,21,0,17
BRDA:188,21,1,15
BRDA:205,22,0,1
BRDA:205,23,0,3
BRDA:205,23,1,2
BRDA:223,24,0,2
BRDA:223,25,0,17
BRDA:223,25,1,15
BRDA:285,26,0,7
BRDA:287,27,0,6
BRF:40
BRH:33
end_of_record
TN:
SF:src/webparts/polRssGallery/utils/propertyValidators.ts
FN:62,(anonymous_0)
FN:87,(anonymous_1)
FN:113,(anonymous_2)
FN:142,(anonymous_3)
FN:171,(anonymous_4)
FN:193,(anonymous_5)
FN:216,(anonymous_6)
FN:238,(anonymous_7)
FN:257,(anonymous_8)
FN:275,(anonymous_9)
FN:277,(anonymous_10)
FNF:11
FNH:11
FNDA:15,(anonymous_0)
FNDA:7,(anonymous_1)
FNDA:14,(anonymous_2)
FNDA:7,(anonymous_3)
FNDA:12,(anonymous_4)
FNDA:6,(anonymous_5)
FNDA:5,(anonymous_6)
FNDA:7,(anonymous_7)
FNDA:4,(anonymous_8)
FNDA:2,(anonymous_9)
FNDA:8,(anonymous_10)
DA:9,1
DA:14,1
DA:36,1
DA:63,15
DA:64,2
DA:67,13
DA:68,1
DA:71,12
DA:72,12
DA:74,12
DA:75,7
DA:78,5
DA:89,7
DA:90,3
DA:93,4
DA:94,0
DA:97,4
DA:98,4
DA:100,4
DA:101,2
DA:104,2
DA:115,14
DA:116,2
DA:119,12
DA:120,1
DA:124,11
DA:125,3
DA:129,8
DA:130,2
DA:133,6
DA:144,7
DA:145,2
DA:148,5
DA:149,1
DA:153,4
DA:154,1
DA:158,3
DA:159,1
DA:162,2
DA:172,12
DA:173,2
DA:176,10
DA:177,1
DA:180,9
DA:181,4
DA:184,5
DA:194,6
DA:195,1
DA:198,5
DA:199,0
DA:202,5
DA:204,2
DA:207,3
DA:217,5
DA:218,0
DA:221,5
DA:222,0
DA:225,5
DA:226,2
DA:229,3
DA:239,7
DA:240,2
DA:243,5
DA:258,4
DA:276,2
DA:277,8
DA:281,1
LF:67
LH:63
BRDA:63,0,0,2
BRDA:63,1,0,15
BRDA:63,1,1,14
BRDA:67,2,0,1
BRDA:74,3,0,7
BRDA:75,4,0,7
BRDA:75,4,1,0
BRDA:89,5,0,3
BRDA:89,6,0,7
BRDA:89,6,1,4
BRDA:93,7,0,0
BRDA:100,8,0,2
BRDA:101,9,0,2
BRDA:101,9,1,0
BRDA:115,10,0,2
BRDA:119,11,0,1
BRDA:124,12,0,3
BRDA:129,13,0,2
BRDA:144,14,0,2
BRDA:144,15,0,7
BRDA:144,15,1,5
BRDA:148,16,0,1
BRDA:153,17,0,1
BRDA:158,18,0,1
BRDA:172,19,0,2
BRDA:172,20,0,12
BRDA:172,20,1,11
BRDA:176,21,0,1
BRDA:180,22,0,4
BRDA:180,23,0,9
BRDA:180,23,1,6
BRDA:194,24,0,1
BRDA:194,25,0,6
BRDA:194,25,1,5
BRDA:198,26,0,0
BRDA:202,27,0,2
BRDA:202,28,0,5
BRDA:202,28,1,4
BRDA:217,29,0,0
BRDA:217,30,0,5
BRDA:217,30,1,5
BRDA:221,31,0,0
BRDA:225,32,0,2
BRDA:225,33,0,5
BRDA:225,33,1,4
BRDA:239,34,0,2
BRDA:239,35,0,7
BRDA:239,35,1,5
BRDA:259,36,0,4
BRDA:259,36,1,0
BRDA:260,37,0,4
BRDA:260,37,1,0
BRDA:261,38,0,1
BRDA:261,38,1,3
BRDA:262,39,0,0
BRDA:262,39,1,4
BRDA:263,40,0,3
BRDA:263,40,1,1
BRDA:264,41,0,0
BRDA:264,41,1,4
BRDA:265,42,0,0
BRDA:265,42,1,4
BRF:62
BRH:51
end_of_record
TN:
SF:src/webparts/polRssGallery/utils/rssDebugUtils.ts
FN:14,(anonymous_0)
FN:21,(anonymous_1)
FN:29,(anonymous_2)
FN:41,(anonymous_3)
FN:52,(anonymous_4)
FN:64,(anonymous_5)
FN:99,(anonymous_6)
FN:121,(anonymous_7)
FN:132,(anonymous_8)
FN:135,(anonymous_9)
FN:142,(anonymous_10)
FN:146,(anonymous_11)
FN:176,(anonymous_12)
FN:190,(anonymous_13)
FN:199,(anonymous_14)
FN:224,(anonymous_15)
FN:266,(anonymous_16)
FN:288,(anonymous_17)
FNF:18
FNH:5
FNDA:1,(anonymous_0)
FNDA:16790,(anonymous_1)
FNDA:46,(anonymous_2)
FNDA:0,(anonymous_3)
FNDA:0,(anonymous_4)
FNDA:0,(anonymous_5)
FNDA:0,(anonymous_6)
FNDA:0,(anonymous_7)
FNDA:0,(anonymous_8)
FNDA:0,(anonymous_9)
FNDA:0,(anonymous_10)
FNDA:0,(anonymous_11)
FNDA:0,(anonymous_12)
FNDA:18,(anonymous_13)
FNDA:57,(anonymous_14)
FNDA:0,(anonymous_15)
FNDA:0,(anonymous_16)
FNDA:0,(anonymous_17)
DA:7,5
DA:8,5
DA:15,1
DA:22,16790
DA:30,46
DA:33,46
DA:42,0
DA:44,0
DA:53,0
DA:54,0
DA:65,0
DA:67,0
DA:69,0
DA:70,0
DA:73,0
DA:74,0
DA:75,0
DA:78,0
DA:81,0
DA:82,0
DA:83,0
DA:84,0
DA:86,0
DA:90,0
DA:91,0
DA:92,0
DA:93,0
DA:94,0
DA:95,0
DA:99,0
DA:100,0
DA:103,0
DA:104,0
DA:109,0
DA:111,0
DA:114,0
DA:122,0
DA:124,0
DA:126,0
DA:128,0
DA:131,0
DA:132,0
DA:134,0
DA:135,0
DA:136,0
DA:137,0
DA:141,0
DA:142,0
DA:145,0
DA:146,0
DA:147,0
DA:148,0
DA:149,0
DA:150,0
DA:152,0
DA:156,0
DA:157,0
DA:159,0
DA:160,0
DA:161,0
DA:162,0
DA:169,0
DA:174,0
DA:175,0
DA:176,0
DA:179,0
DA:181,0
DA:191,18
DA:192,0
DA:195,18
DA:196,18
DA:199,57
DA:200,18
DA:202,18
DA:203,18
DA:206,18
DA:207,18
DA:209,18
DA:210,42
DA:211,42
DA:212,42
DA:213,42
DA:214,42
DA:217,18
DA:225,0
DA:227,0
DA:228,0
DA:243,0
DA:245,0
DA:246,0
DA:247,0
DA:254,0
DA:255,0
DA:256,0
DA:266,0
DA:267,0
DA:270,0
DA:271,0
DA:272,0
DA:278,0
DA:279,0
DA:280,0
DA:281,0
DA:289,0
DA:291,0
DA:292,0
DA:294,0
DA:295,0
DA:301,0
DA:302,0
DA:304,0
DA:305,0
LF:112
LH:22
BRDA:30,0,0,46
BRDA:42,1,0,0
BRDA:53,2,0,0
BRDA:64,3,0,0
BRDA:64,4,0,0
BRDA:69,5,0,0
BRDA:69,5,1,0
BRDA:81,6,0,0
BRDA:81,7,0,0
BRDA:81,7,1,0
BRDA:83,8,0,0
BRDA:90,9,0,0
BRDA:92,10,0,0
BRDA:103,11,0,0
BRDA:111,12,0,0
BRDA:111,12,1,0
BRDA:122,13,0,0
BRDA:137,14,0,0
BRDA:137,14,1,0
BRDA:137,15,0,0
BRDA:137,15,1,0
BRDA:137,16,0,0
BRDA:137,16,1,0
BRDA:142,17,0,0
BRDA:142,17,1,0
BRDA:162,18,0,0
BRDA:162,19,0,0
BRDA:162,19,1,0
BRDA:162,19,2,0
BRDA:162,19,3,0
BRDA:162,19,4,0
BRDA:162,19,5,0
BRDA:174,20,0,0
BRDA:181,21,0,0
BRDA:181,21,1,0
BRDA:191,22,0,0
BRDA:191,23,0,18
BRDA:191,23,1,18
BRDA:213,24,0,42
BRDA:213,24,1,0
BRDA:214,25,0,41
BRDA:214,25,1,1
BRDA:225,26,0,0
BRDA:289,27,0,0
BRDA:292,28,0,0
BRF:45
BRH:6
end_of_record
